#
# There is insufficient memory for the Java Runtime Environment to continue.
# Native memory allocation (malloc) failed to allocate 1176496 bytes for Chunk::new
# Possible reasons:
#   The system is out of physical RAM or swap space
#   The process is running with CompressedOops enabled, and the Java Heap may be blocking the growth of the native heap
# Possible solutions:
#   Reduce memory load on the system
#   Increase physical memory or swap space
#   Check if swap backing store is full
#   Decrease Java heap size (-Xmx/-Xms)
#   Decrease number of Java threads
#   Decrease Java thread stack sizes (-Xss)
#   Set larger code cache with -XX:ReservedCodeCacheSize=
#   JVM is running with Unscaled Compressed Oops mode in which the Java heap is
#     placed in the first 4GB address space. The Java Heap base address is the
#     maximum limit for the native heap growth. Please use -XX:HeapBaseMinAddress
#     to set the Java Heap base and to place the Java Heap above 4GB virtual address.
# This output file may be truncated or incomplete.
#
#  Out of Memory Error (allocation.cpp:389), pid=362444, tid=0x00000000000586a8
#
# JRE version: OpenJDK Runtime Environment (8.0_202-b03) (build 1.8.0_202-release-1483-b03)
# Java VM: OpenJDK 64-Bit Server VM (25.202-b03 mixed mode windows-amd64 compressed oops)
# Failed to write core dump. Minidumps are not enabled by default on client versions of Windows
#

---------------  T H R E A D  ---------------

Current thread (0x000000001867d800):  JavaThread "C2 CompilerThread0" daemon [_thread_in_native, id=362152, stack(0x0000000018df0000,0x0000000018ef0000)]

Stack: [0x0000000018df0000,0x0000000018ef0000]
[error occurred during error reporting (printing stack bounds), id 0xc0000005]

Native frames: (J=compiled Java code, j=interpreted, Vv=VM code, C=native code)


Current CompileTask:
C2:  25706 13635       4       org.gradle.execution.plan.DefaultExecutionPlan::selectNext (222 bytes)


---------------  P R O C E S S  ---------------

Java Threads: ( => current thread )
  0x000000001b355000 JavaThread "Cache worker for Java compile cache (D:\project\GtProject\Cashier\.gradle\5.4.1\javaCompile)" [_thread_blocked, id=362360, stack(0x0000000029190000,0x0000000029290000)]
  0x000000001b353800 JavaThread "Cache worker for Java compile cache (C:\Users\Administrator\.gradle\caches\5.4.1\javaCompile)" [_thread_blocked, id=358616, stack(0x0000000029090000,0x0000000029190000)]
  0x000000001b351000 JavaThread "stdout" [_thread_in_native, id=362012, stack(0x0000000028f90000,0x0000000029090000)]
  0x000000001b34f000 JavaThread "stderr" [_thread_in_native, id=361080, stack(0x0000000028e90000,0x0000000028f90000)]
  0x000000001b34d800 JavaThread "stdout" [_thread_in_native, id=361908, stack(0x0000000028d90000,0x0000000028e90000)]
  0x000000001b352800 JavaThread "stderr" [_thread_in_native, id=362312, stack(0x0000000028c90000,0x0000000028d90000)]
  0x000000001b354000 JavaThread "stdout" [_thread_in_native, id=361600, stack(0x0000000028b90000,0x0000000028c90000)]
  0x000000001b350800 JavaThread "stderr" [_thread_in_native, id=361160, stack(0x0000000028a90000,0x0000000028b90000)]
  0x000000001b352000 JavaThread "stdout" [_thread_in_native, id=362344, stack(0x0000000028990000,0x0000000028a90000)]
  0x00000000259b6800 JavaThread "stderr" [_thread_in_native, id=361980, stack(0x0000000028890000,0x0000000028990000)]
  0x00000000259b5000 JavaThread "stdout" [_thread_in_native, id=361792, stack(0x0000000028790000,0x0000000028890000)]
  0x00000000259b3800 JavaThread "stderr" [_thread_in_native, id=355028, stack(0x0000000028690000,0x0000000028790000)]
  0x00000000259b3000 JavaThread "stdout" [_thread_in_native, id=359628, stack(0x0000000028590000,0x0000000028690000)]
  0x00000000259b6000 JavaThread "stderr" [_thread_in_native, id=362276, stack(0x0000000028490000,0x0000000028590000)]
  0x00000000259b1800 JavaThread "stdout" [_thread_in_native, id=361720, stack(0x0000000028390000,0x0000000028490000)]
  0x00000000259b4800 JavaThread "stderr" [_thread_in_native, id=362300, stack(0x0000000028290000,0x0000000028390000)]
  0x00000000259b2000 JavaThread "stdout" [_thread_in_native, id=362412, stack(0x0000000028190000,0x0000000028290000)]
  0x00000000259aa000 JavaThread "stderr" [_thread_in_native, id=360568, stack(0x0000000028090000,0x0000000028190000)]
  0x00000000259aa800 JavaThread "WorkerExecutor Queue Thread 8" [_thread_blocked, id=360092, stack(0x0000000027f90000,0x0000000028090000)]
  0x00000000259a9000 JavaThread "WorkerExecutor Queue Thread 6" [_thread_blocked, id=359732, stack(0x0000000027d90000,0x0000000027e90000)]
  0x00000000259b0000 JavaThread "pool-2-thread-1" [_thread_blocked, id=360872, stack(0x0000000027c90000,0x0000000027d90000)]
  0x00000000259a8800 JavaThread "WorkerExecutor Queue Thread 5" [_thread_blocked, id=361288, stack(0x0000000027b90000,0x0000000027c90000)]
  0x00000000259ab800 JavaThread "WorkerExecutor Queue Thread 4" [_thread_blocked, id=362416, stack(0x0000000027a90000,0x0000000027b90000)]
  0x00000000259ae800 JavaThread "WorkerExecutor Queue Thread 3" [_thread_blocked, id=356056, stack(0x0000000027990000,0x0000000027a90000)]
  0x00000000259ad800 JavaThread "WorkerExecutor Queue Thread 2" [_thread_blocked, id=360404, stack(0x0000000027890000,0x0000000027990000)]
  0x00000000259af000 JavaThread "WorkerExecutor Queue" [_thread_blocked, id=361960, stack(0x0000000027790000,0x0000000027890000)]
  0x00000000259a7800 JavaThread "Cache worker for execution history cache (D:\project\GtProject\Cashier\.gradle\5.4.1\executionHistory)" [_thread_in_Java, id=362284, stack(0x0000000025170000,0x0000000025270000)]
  0x00000000259ac000 JavaThread "Execution worker for ':' Thread 7" [_thread_blocked, id=361924, stack(0x0000000025070000,0x0000000025170000)]
  0x00000000259ad000 JavaThread "Execution worker for ':' Thread 6" [_thread_blocked, id=362132, stack(0x0000000024f70000,0x0000000025070000)]
  0x000000001e1f9800 JavaThread "Execution worker for ':' Thread 5" [_thread_blocked, id=362236, stack(0x0000000024e70000,0x0000000024f70000)]
  0x000000001e200800 JavaThread "Execution worker for ':' Thread 4" [_thread_blocked, id=360808, stack(0x0000000024d70000,0x0000000024e70000)]
  0x000000001e1f9000 JavaThread "Execution worker for ':' Thread 3" [_thread_blocked, id=360752, stack(0x0000000024c70000,0x0000000024d70000)]
  0x000000001e1ff800 JavaThread "Execution worker for ':' Thread 2" [_thread_blocked, id=361512, stack(0x0000000024b70000,0x0000000024c70000)]
  0x000000001e1ff000 JavaThread "Execution worker for ':'" [_thread_blocked, id=362364, stack(0x0000000024a70000,0x0000000024b70000)]
  0x000000001e1fd800 JavaThread "Cache worker for file content cache (D:\project\GtProject\Cashier\.gradle\5.4.1\fileContent)" [_thread_blocked, id=362452, stack(0x0000000024370000,0x0000000024470000)]
  0x000000001e1fb000 JavaThread "Cache worker for file content cache (C:\Users\Administrator\.gradle\caches\5.4.1\fileContent)" [_thread_blocked, id=361880, stack(0x0000000024270000,0x0000000024370000)]
  0x000000001e1fc800 JavaThread "Memory manager" [_thread_blocked, id=360968, stack(0x0000000023940000,0x0000000023a40000)]
  0x000000001e1fc000 JavaThread "Cache worker for Build Output Cleanup Cache (D:\project\GtProject\Cashier\.gradle\buildOutputCleanup)" [_thread_blocked, id=183544, stack(0x0000000023640000,0x0000000023740000)]
  0x000000001e1f2000 JavaThread "Build operations Thread 8" [_thread_blocked, id=362032, stack(0x0000000022f40000,0x0000000023040000)]
  0x000000001e1f1800 JavaThread "Build operations Thread 7" [_thread_blocked, id=360596, stack(0x0000000022e40000,0x0000000022f40000)]
  0x000000001e1f3000 JavaThread "Build operations Thread 6" [_thread_blocked, id=361456, stack(0x0000000022d40000,0x0000000022e40000)]
  0x000000001e1f5000 JavaThread "Build operations Thread 5" [_thread_blocked, id=361528, stack(0x0000000022c40000,0x0000000022d40000)]
  0x000000001e1f7800 JavaThread "Build operations Thread 4" [_thread_blocked, id=361552, stack(0x00000000228e0000,0x00000000229e0000)]
  0x000000001e1f6000 JavaThread "Build operations Thread 3" [_thread_blocked, id=357448, stack(0x00000000227e0000,0x00000000228e0000)]
  0x000000001e1f4800 JavaThread "Build operations Thread 2" [_thread_blocked, id=362164, stack(0x00000000226e0000,0x00000000227e0000)]
  0x000000001e1f3800 JavaThread "Build operations" [_thread_blocked, id=361592, stack(0x00000000225e0000,0x00000000226e0000)]
  0x000000001e1f6800 JavaThread "Cache worker for execution history cache (C:\Users\Administrator\.gradle\caches\5.4.1\executionHistory)" [_thread_blocked, id=362228, stack(0x00000000224e0000,0x00000000225e0000)]
  0x000000001e1f8000 JavaThread "Cache worker for cache directory md-rule (C:\Users\Administrator\.gradle\caches\5.4.1\md-rule)" [_thread_blocked, id=359460, stack(0x0000000021410000,0x0000000021510000)]
  0x000000001aaf8000 JavaThread "Cache worker for cache directory md-supplier (C:\Users\Administrator\.gradle\caches\5.4.1\md-supplier)" [_thread_blocked, id=360708, stack(0x000000001f850000,0x000000001f950000)]
  0x000000001aaf9000 JavaThread "Cache worker for file hash cache (D:\project\GtProject\Cashier\.gradle\5.4.1\fileHashes)" [_thread_blocked, id=362468, stack(0x000000001f530000,0x000000001f630000)]
  0x000000001aaf6800 JavaThread "Cache worker for journal cache (C:\Users\Administrator\.gradle\caches\journal-1)" [_thread_blocked, id=362052, stack(0x000000001d1d0000,0x000000001d2d0000)]
  0x000000001aaf5800 JavaThread "File lock request listener" [_thread_in_native, id=360460, stack(0x000000001d0d0000,0x000000001d1d0000)]
  0x000000001aafb000 JavaThread "Cache worker for file hash cache (C:\Users\Administrator\.gradle\caches\5.4.1\fileHashes)" [_thread_blocked, id=288104, stack(0x000000001cdd0000,0x000000001ced0000)]
  0x000000001889e000 JavaThread "Thread-9" [_thread_blocked, id=361864, stack(0x000000001ccd0000,0x000000001cdd0000)]
  0x000000001a419800 JavaThread "Stdin handler" [_thread_blocked, id=358744, stack(0x000000001cbd0000,0x000000001ccd0000)]
  0x000000001a418800 JavaThread "Asynchronous log dispatcher for DefaultDaemonConnection: socket connection from /127.0.0.1:55056 to /127.0.0.1:55057" [_thread_blocked, id=360484, stack(0x000000001c9d0000,0x000000001cad0000)]
  0x00000000199cc800 JavaThread "Daemon worker" [_thread_blocked, id=350720, stack(0x000000001c8d0000,0x000000001c9d0000)]
  0x000000001a118000 JavaThread "Cancel handler" [_thread_blocked, id=361504, stack(0x000000001c7d0000,0x000000001c8d0000)]
  0x000000001a3af800 JavaThread "Handler for socket connection from /127.0.0.1:55056 to /127.0.0.1:55057" [_thread_in_native, id=361876, stack(0x000000001c4d0000,0x000000001c5d0000)]
  0x000000001a3b6000 JavaThread "Daemon" [_thread_blocked, id=361728, stack(0x000000001c3d0000,0x000000001c4d0000)]
  0x000000001a9a1800 JavaThread "Daemon periodic checks" [_thread_blocked, id=357828, stack(0x000000001c2d0000,0x000000001c3d0000)]
  0x00000000188c1000 JavaThread "Incoming local TCP Connector on port 55056" [_thread_in_native, id=362336, stack(0x000000001bec0000,0x000000001bfc0000)]
  0x0000000019f2f000 JavaThread "Daemon health stats" [_thread_blocked, id=360600, stack(0x000000001abc0000,0x000000001acc0000)]
  0x0000000018713800 JavaThread "Service Thread" daemon [_thread_blocked, id=362432, stack(0x00000000191f0000,0x00000000192f0000)]
  0x0000000018688000 JavaThread "C1 CompilerThread3" daemon [_thread_blocked, id=361412, stack(0x00000000190f0000,0x00000000191f0000)]
  0x0000000018682000 JavaThread "C2 CompilerThread2" daemon [_thread_blocked, id=358776, stack(0x0000000018ff0000,0x00000000190f0000)]
  0x0000000018681000 JavaThread "C2 CompilerThread1" daemon [_thread_blocked, id=361900, stack(0x0000000018ef0000,0x0000000018ff0000)]
=>0x000000001867d800 JavaThread "C2 CompilerThread0" daemon [_thread_in_native, id=362152, stack(0x0000000018df0000,0x0000000018ef0000)]
  0x0000000018629000 JavaThread "Attach Listener" daemon [_thread_blocked, id=362176, stack(0x0000000018cf0000,0x0000000018df0000)]
  0x0000000018628000 JavaThread "Signal Dispatcher" daemon [_thread_blocked, id=362376, stack(0x0000000018bf0000,0x0000000018cf0000)]
  0x0000000002a49000 JavaThread "Finalizer" daemon [_thread_blocked, id=362292, stack(0x0000000018af0000,0x0000000018bf0000)]
  0x0000000002a46000 JavaThread "Reference Handler" daemon [_thread_blocked, id=361964, stack(0x00000000189f0000,0x0000000018af0000)]
  0x0000000000cde800 JavaThread "main" [_thread_blocked, id=362108, stack(0x0000000002850000,0x0000000002950000)]

Other Threads:
  0x0000000016807800 VMThread [stack: 0x00000000184f0000,0x00000000185f0000] [id=354788]
  0x000000001871c000 WatcherThread [stack: 0x00000000192f0000,0x00000000193f0000] [id=361784]

VM state:not at safepoint (normal execution)

VM Mutex/Monitor currently owned by a thread: None

heap address: 0x00000000a0000000, size: 1536 MB, Compressed Oops mode: 32-bit
Narrow klass base: 0x0000000000000000, Narrow klass shift: 3
Compressed class space size: 1073741824 Address: 0x0000000100000000

Heap:
 PSYoungGen      total 240128K, used 66880K [0x00000000e0000000, 0x00000000f3a00000, 0x0000000100000000)
  eden space 187904K, 35% used [0x00000000e0000000,0x00000000e41501b0,0x00000000eb780000)
  from space 52224K, 0% used [0x00000000eb780000,0x00000000eb780000,0x00000000eea80000)
  to   space 35840K, 0% used [0x00000000eea80000,0x00000000eea80000,0x00000000f0d80000)
 ParOldGen       total 148480K, used 56595K [0x00000000a0000000, 0x00000000a9100000, 0x00000000e0000000)
  object space 148480K, 38% used [0x00000000a0000000,0x00000000a3744c68,0x00000000a9100000)
 Metaspace       used 71281K, capacity 73441K, committed 75032K, reserved 1114112K
  class space    used 9274K, capacity 9806K, committed 10024K, reserved 1048576K

Card table byte_map: [0x0000000011e10000,0x0000000012120000] byte_map_base: 0x0000000011910000

Marking Bits: (ParMarkBitMap*) 0x00000000766c9f30
 Begin Bits: [0x0000000012b20000, 0x0000000014320000)
 End Bits:   [0x0000000014320000, 0x0000000015b20000)

Polling page: 0x0000000000840000

CodeCache: size=245760Kb used=40891Kb max_used=40906Kb free=204868Kb
 bounds [0x0000000002a50000, 0x0000000005280000, 0x0000000011a50000]
 total_blobs=11751 nmethods=10916 adapters=747
 compilation: enabled

Compilation events (10 events):
Event: 24.608 Thread 0x0000000018681000 13676       4       java.util.RegularEnumSet::iterator (9 bytes)
Event: 24.609 Thread 0x0000000018681000 nmethod 13676 0x0000000005269610 code [0x0000000005269760, 0x0000000005269838]
Event: 24.612 Thread 0x0000000018682000 13677       4       org.gradle.internal.hash.Hashing$DefaultHasher::hash (47 bytes)
Event: 24.613 Thread 0x0000000018682000 nmethod 13677 0x0000000005269050 code [0x00000000052691c0, 0x0000000005269368]
Event: 24.617 Thread 0x0000000018688000 13678       1       org.gradle.internal.fingerprint.impl.IgnoredPathFileSystemLocationFingerprint::getType (5 bytes)
Event: 24.617 Thread 0x0000000018688000 nmethod 13678 0x0000000005268d90 code [0x0000000005268ee0, 0x0000000005268ff0]
Event: 24.617 Thread 0x0000000018688000 13679       1       org.gradle.internal.fingerprint.impl.IgnoredPathFileSystemLocationFingerprint::getNormalizedContentHash (5 bytes)
Event: 24.617 Thread 0x0000000018688000 nmethod 13679 0x0000000005268ad0 code [0x0000000005268c20, 0x0000000005268d30]
Event: 24.618 Thread 0x0000000018688000 13680   !   3       sun.reflect.GeneratedMethodAccessor23::invoke (66 bytes)
Event: 24.618 Thread 0x0000000018688000 nmethod 13680 0x0000000005266f50 code [0x0000000005267140, 0x0000000005267918]

GC Heap History (10 events):
Event: 17.042 GC heap before
{Heap before GC invocations=19 (full 3):
 PSYoungGen      total 198144K, used 198118K [0x00000000e0000000, 0x00000000f0d80000, 0x0000000100000000)
  eden space 176128K, 100% used [0x00000000e0000000,0x00000000eac00000,0x00000000eac00000)
  from space 22016K, 99% used [0x00000000eac00000,0x00000000ec179a20,0x00000000ec180000)
  to   space 35840K, 0% used [0x00000000eea80000,0x00000000eea80000,0x00000000f0d80000)
 ParOldGen       total 148480K, used 65456K [0x00000000a0000000, 0x00000000a9100000, 0x00000000e0000000)
  object space 148480K, 44% used [0x00000000a0000000,0x00000000a3fec228,0x00000000a9100000)
 Metaspace       used 70108K, capacity 72767K, committed 72856K, reserved 1112064K
  class space    used 9275K, capacity 9875K, committed 9896K, reserved 1048576K
Event: 17.096 GC heap after
Heap after GC invocations=19 (full 3):
 PSYoungGen      total 223744K, used 35826K [0x00000000e0000000, 0x00000000f3a00000, 0x0000000100000000)
  eden space 187904K, 0% used [0x00000000e0000000,0x00000000e0000000,0x00000000eb780000)
  from space 35840K, 99% used [0x00000000eea80000,0x00000000f0d7cb38,0x00000000f0d80000)
  to   space 52224K, 0% used [0x00000000eb780000,0x00000000eb780000,0x00000000eea80000)
 ParOldGen       total 148480K, used 94062K [0x00000000a0000000, 0x00000000a9100000, 0x00000000e0000000)
  object space 148480K, 63% used [0x00000000a0000000,0x00000000a5bdb9a8,0x00000000a9100000)
 Metaspace       used 70108K, capacity 72767K, committed 72856K, reserved 1112064K
  class space    used 9275K, capacity 9875K, committed 9896K, reserved 1048576K
}
Event: 17.784 GC heap before
{Heap before GC invocations=20 (full 3):
 PSYoungGen      total 223744K, used 223730K [0x00000000e0000000, 0x00000000f3a00000, 0x0000000100000000)
  eden space 187904K, 100% used [0x00000000e0000000,0x00000000eb780000,0x00000000eb780000)
  from space 35840K, 99% used [0x00000000eea80000,0x00000000f0d7cb38,0x00000000f0d80000)
  to   space 52224K, 0% used [0x00000000eb780000,0x00000000eb780000,0x00000000eea80000)
 ParOldGen       total 148480K, used 94062K [0x00000000a0000000, 0x00000000a9100000, 0x00000000e0000000)
  object space 148480K, 63% used [0x00000000a0000000,0x00000000a5bdb9a8,0x00000000a9100000)
 Metaspace       used 70758K, capacity 73375K, committed 73496K, reserved 1112064K
  class space    used 9362K, capacity 9971K, committed 10024K, reserved 1048576K
Event: 17.843 GC heap after
Heap after GC invocations=20 (full 3):
 PSYoungGen      total 240128K, used 52208K [0x00000000e0000000, 0x00000000f3a00000, 0x0000000100000000)
  eden space 187904K, 0% used [0x00000000e0000000,0x00000000e0000000,0x00000000eb780000)
  from space 52224K, 99% used [0x00000000eb780000,0x00000000eea7c360,0x00000000eea80000)
  to   space 35840K, 0% used [0x00000000eea80000,0x00000000eea80000,0x00000000f0d80000)
 ParOldGen       total 148480K, used 145494K [0x00000000a0000000, 0x00000000a9100000, 0x00000000e0000000)
  object space 148480K, 97% used [0x00000000a0000000,0x00000000a8e15a78,0x00000000a9100000)
 Metaspace       used 70758K, capacity 73375K, committed 73496K, reserved 1112064K
  class space    used 9362K, capacity 9971K, committed 10024K, reserved 1048576K
}
Event: 17.843 GC heap before
{Heap before GC invocations=21 (full 4):
 PSYoungGen      total 240128K, used 52208K [0x00000000e0000000, 0x00000000f3a00000, 0x0000000100000000)
  eden space 187904K, 0% used [0x00000000e0000000,0x00000000e0000000,0x00000000eb780000)
  from space 52224K, 99% used [0x00000000eb780000,0x00000000eea7c360,0x00000000eea80000)
  to   space 35840K, 0% used [0x00000000eea80000,0x00000000eea80000,0x00000000f0d80000)
 ParOldGen       total 148480K, used 145494K [0x00000000a0000000, 0x00000000a9100000, 0x00000000e0000000)
  object space 148480K, 97% used [0x00000000a0000000,0x00000000a8e15a78,0x00000000a9100000)
 Metaspace       used 70758K, capacity 73375K, committed 73496K, reserved 1112064K
  class space    used 9362K, capacity 9971K, committed 10024K, reserved 1048576K
Event: 18.357 GC heap after
Heap after GC invocations=21 (full 4):
 PSYoungGen      total 240128K, used 28888K [0x00000000e0000000, 0x00000000f3a00000, 0x0000000100000000)
  eden space 187904K, 0% used [0x00000000e0000000,0x00000000e0000000,0x00000000eb780000)
  from space 52224K, 55% used [0x00000000eb780000,0x00000000ed3b6138,0x00000000eea80000)
  to   space 35840K, 0% used [0x00000000eea80000,0x00000000eea80000,0x00000000f0d80000)
 ParOldGen       total 148480K, used 148189K [0x00000000a0000000, 0x00000000a9100000, 0x00000000e0000000)
  object space 148480K, 99% used [0x00000000a0000000,0x00000000a90b7708,0x00000000a9100000)
 Metaspace       used 70525K, capacity 72697K, committed 73496K, reserved 1112064K
  class space    used 9289K, capacity 9844K, committed 10024K, reserved 1048576K
}
Event: 21.806 GC heap before
{Heap before GC invocations=22 (full 5):
 PSYoungGen      total 240128K, used 216792K [0x00000000e0000000, 0x00000000f3a00000, 0x0000000100000000)
  eden space 187904K, 100% used [0x00000000e0000000,0x00000000eb780000,0x00000000eb780000)
  from space 52224K, 55% used [0x00000000eb780000,0x00000000ed3b6138,0x00000000eea80000)
  to   space 35840K, 0% used [0x00000000eea80000,0x00000000eea80000,0x00000000f0d80000)
 ParOldGen       total 148480K, used 148189K [0x00000000a0000000, 0x00000000a9100000, 0x00000000e0000000)
  object space 148480K, 99% used [0x00000000a0000000,0x00000000a90b7708,0x00000000a9100000)
 Metaspace       used 71623K, capacity 73817K, committed 74520K, reserved 1114112K
  class space    used 9316K, capacity 9876K, committed 10024K, reserved 1048576K
Event: 22.395 GC heap after
Heap after GC invocations=22 (full 5):
 PSYoungGen      total 240128K, used 33403K [0x00000000e0000000, 0x00000000f3a00000, 0x0000000100000000)
  eden space 187904K, 17% used [0x00000000e0000000,0x00000000e209ede8,0x00000000eb780000)
  from space 52224K, 0% used [0x00000000eb780000,0x00000000eb780000,0x00000000eea80000)
  to   space 35840K, 0% used [0x00000000eea80000,0x00000000eea80000,0x00000000f0d80000)
 ParOldGen       total 148480K, used 148473K [0x00000000a0000000, 0x00000000a9100000, 0x00000000e0000000)
  object space 148480K, 99% used [0x00000000a0000000,0x00000000a90fe420,0x00000000a9100000)
 Metaspace       used 71623K, capacity 73817K, committed 74520K, reserved 1114112K
  class space    used 9316K, capacity 9876K, committed 10024K, reserved 1048576K
}
Event: 24.062 GC heap before
{Heap before GC invocations=23 (full 6):
 PSYoungGen      total 240128K, used 187904K [0x00000000e0000000, 0x00000000f3a00000, 0x0000000100000000)
  eden space 187904K, 100% used [0x00000000e0000000,0x00000000eb780000,0x00000000eb780000)
  from space 52224K, 0% used [0x00000000eb780000,0x00000000eb780000,0x00000000eea80000)
  to   space 35840K, 0% used [0x00000000eea80000,0x00000000eea80000,0x00000000f0d80000)
 ParOldGen       total 148480K, used 148473K [0x00000000a0000000, 0x00000000a9100000, 0x00000000e0000000)
  object space 148480K, 99% used [0x00000000a0000000,0x00000000a90fe420,0x00000000a9100000)
 Metaspace       used 71992K, capacity 74201K, committed 75032K, reserved 1114112K
  class space    used 9343K, capacity 9876K, committed 10024K, reserved 1048576K
Event: 24.169 GC heap after
Heap after GC invocations=23 (full 6):
 PSYoungGen      total 240128K, used 0K [0x00000000e0000000, 0x00000000f3a00000, 0x0000000100000000)
  eden space 187904K, 0% used [0x00000000e0000000,0x00000000e0000000,0x00000000eb780000)
  from space 52224K, 0% used [0x00000000eb780000,0x00000000eb780000,0x00000000eea80000)
  to   space 35840K, 0% used [0x00000000eea80000,0x00000000eea80000,0x00000000f0d80000)
 ParOldGen       total 148480K, used 56595K [0x00000000a0000000, 0x00000000a9100000, 0x00000000e0000000)
  object space 148480K, 38% used [0x00000000a0000000,0x00000000a3744c68,0x00000000a9100000)
 Metaspace       used 71168K, capacity 73319K, committed 75032K, reserved 1114112K
  class space    used 9264K, capacity 9771K, committed 10024K, reserved 1048576K
}

Deoptimization events (10 events):
Event: 24.182 Thread 0x000000001889e000 Uncommon trap: reason=unstable_if action=reinterpret pc=0x0000000004248ce0 method=java.io.ObjectStreamClass.writeNonProxy(Ljava/io/ObjectOutputStream;)V @ 22
Event: 24.182 Thread 0x000000001889e000 Uncommon trap: reason=unstable_if action=reinterpret pc=0x00000000043a37d0 method=java.io.ObjectOutputStream.writeOrdinaryObject(Ljava/lang/Object;Ljava/io/ObjectStreamClass;Z)V @ 113
Event: 24.215 Thread 0x000000001e1f9000 Uncommon trap: reason=unstable_if action=reinterpret pc=0x0000000003f91088 method=com.google.common.cache.LocalCache$Segment.evictEntries(Lcom/google/common/cache/ReferenceEntry;)V @ 69
Event: 24.223 Thread 0x00000000259ac000 Uncommon trap: reason=bimorphic action=maybe_recompile pc=0x0000000003c7a8f8 method=java.util.HashMap.removeNode(ILjava/lang/Object;Ljava/lang/Object;ZZ)Ljava/util/HashMap$Node; @ 283
Event: 24.263 Thread 0x000000001e1f9800 Uncommon trap: reason=unstable_if action=reinterpret pc=0x0000000003df1950 method=java.util.concurrent.ConcurrentLinkedQueue.offer(Ljava/lang/Object;)Z @ 40
Event: 24.369 Thread 0x000000001e200800 Uncommon trap: reason=unstable_if action=reinterpret pc=0x0000000003f66f8c method=java.util.concurrent.locks.LockSupport.unpark(Ljava/lang/Thread;)V @ 1
Event: 24.388 Thread 0x00000000259ad000 Uncommon trap: reason=unstable_if action=reinterpret pc=0x0000000003efb544 method=java.util.concurrent.ConcurrentLinkedQueue.poll()Ljava/lang/Object; @ 25
Event: 24.416 Thread 0x000000001e1f9000 Uncommon trap: reason=unstable_if action=reinterpret pc=0x0000000003cbba78 method=java.util.concurrent.ConcurrentLinkedQueue.poll()Ljava/lang/Object; @ 25
Event: 24.574 Thread 0x000000001e1f5000 Uncommon trap: reason=unstable_if action=reinterpret pc=0x0000000003fb4b4c method=java.util.concurrent.locks.LockSupport.unpark(Ljava/lang/Thread;)V @ 1
Event: 24.617 Thread 0x000000001e1ff000 Uncommon trap: reason=unstable_if action=reinterpret pc=0x0000000004fa1008 method=com.google.common.collect.CompactHashMap.firstEntryIndex()I @ 4

Classes redefined (0 events):
No events

Internal exceptions (10 events):
Event: 12.988 Thread 0x00000000259aa800 Implicit null exception at 0x00000000042966d9 to 0x0000000004296add
Event: 12.988 Thread 0x00000000259aa800 Implicit null exception at 0x000000000429d19a to 0x000000000429d581
Event: 13.166 Thread 0x000000001e200800 Implicit null exception at 0x0000000003c284fc to 0x0000000003c2a29d
Event: 13.167 Thread 0x000000001e200800 Implicit null exception at 0x0000000002f10b14 to 0x0000000002f127a9
Event: 16.900 Thread 0x000000001e200800 Implicit null exception at 0x000000000433df31 to 0x000000000433e2ed
Event: 17.096 Thread 0x000000001e200800 Implicit null exception at 0x0000000003c7fdf0 to 0x0000000003c804f5
Event: 17.721 Thread 0x000000001e200800 Implicit null exception at 0x000000000435aa8c to 0x000000000435aaac
Event: 21.516 Thread 0x000000001e200800 Implicit null exception at 0x0000000004e8e795 to 0x0000000004e8fa79
Event: 24.179 Thread 0x000000001889e000 Exception <a 'java/lang/NoSuchMethodError': <clinit>> (0x00000000e072c720) thrown at [D:\src\AOSP-openjdk-cygwin\jdk8u\hotspot\src\share\vm\prims\jni.cpp, line 1614]
Event: 24.180 Thread 0x000000001889e000 Exception <a 'java/lang/NoSuchMethodError': <clinit>> (0x00000000e07a6a40) thrown at [D:\src\AOSP-openjdk-cygwin\jdk8u\hotspot\src\share\vm\prims\jni.cpp, line 1614]

Events (10 events):
Event: 24.573 loading class com/google/common/base/Equivalence$1
Event: 24.573 loading class com/google/common/base/Equivalence$1 done
Event: 24.574 Thread 0x000000001e1f5000 Uncommon trap: trap_request=0xffffff65 fr.pc=0x0000000003fb4b4c
Event: 24.574 Thread 0x000000001e1f5000 DEOPT PACKING pc=0x0000000003fb4b4c sp=0x0000000022d3f210
Event: 24.574 Thread 0x000000001e1f5000 DEOPT UNPACKING pc=0x0000000002a9557b sp=0x0000000022d3f050 mode 2
Event: 24.588 Executing VM operation: RevokeBias
Event: 24.588 Executing VM operation: RevokeBias done
Event: 24.617 Thread 0x000000001e1ff000 Uncommon trap: trap_request=0xffffff65 fr.pc=0x0000000004fa1008
Event: 24.617 Thread 0x000000001e1ff000 DEOPT PACKING pc=0x0000000004fa1008 sp=0x0000000024b6cbf0
Event: 24.617 Thread 0x000000001e1ff000 DEOPT UNPACKING pc=0x0000000002a9557b sp=0x0000000024b6cb38 mode 2


Dynamic libraries:
0x00007ff61dc60000 - 0x00007ff61dc91000 	D:\Program Files\Android Studio\jre\bin\java.exe
0x00007ff83cf10000 - 0x00007ff83d0e1000 	C:\Windows\SYSTEM32\ntdll.dll
0x00007ff83ab10000 - 0x00007ff83abbb000 	C:\Windows\System32\KERNEL32.DLL
0x00007ff839740000 - 0x00007ff83995d000 	C:\Windows\System32\KERNELBASE.dll
0x00007ff83a540000 - 0x00007ff83a5e2000 	C:\Windows\System32\ADVAPI32.dll
0x00007ff83a4a0000 - 0x00007ff83a53e000 	C:\Windows\System32\msvcrt.dll
0x00007ff83c480000 - 0x00007ff83c4d9000 	C:\Windows\System32\sechost.dll
0x00007ff83c350000 - 0x00007ff83c471000 	C:\Windows\System32\RPCRT4.dll
0x00007ff83cca0000 - 0x00007ff83ce05000 	C:\Windows\System32\USER32.dll
0x00007ff839560000 - 0x00007ff83957e000 	C:\Windows\System32\win32u.dll
0x00007ff83a760000 - 0x00007ff83a794000 	C:\Windows\System32\GDI32.dll
0x00007ff839c30000 - 0x00007ff839db2000 	C:\Windows\System32\gdi32full.dll
0x00007ff833910000 - 0x00007ff833b8a000 	C:\Windows\WinSxS\amd64_microsoft.windows.common-controls_6595b64144ccf1df_6.0.14393.726_none_42181c01c683592f\COMCTL32.dll
0x00007ff83c5a0000 - 0x00007ff83c868000 	C:\Windows\System32\combase.dll
0x00007ff839400000 - 0x00007ff8394f5000 	C:\Windows\System32\ucrtbase.dll
0x00007ff839580000 - 0x00007ff8395ea000 	C:\Windows\System32\bcryptPrimitives.dll
0x00007ff83c550000 - 0x00007ff83c57e000 	C:\Windows\System32\IMM32.DLL
0x0000000075b80000 - 0x0000000075c52000 	D:\Program Files\Android Studio\jre\jre\bin\msvcr100.dll
0x0000000075f00000 - 0x0000000076746000 	D:\Program Files\Android Studio\jre\jre\bin\server\jvm.dll
0x00007ff83ad60000 - 0x00007ff83ad68000 	C:\Windows\System32\PSAPI.DLL
0x00007ff833b90000 - 0x00007ff833b99000 	C:\Windows\SYSTEM32\WSOCK32.dll
0x00007ff835540000 - 0x00007ff83554a000 	C:\Windows\SYSTEM32\VERSION.dll
0x00007ff8376f0000 - 0x00007ff837713000 	C:\Windows\SYSTEM32\WINMM.dll
0x00007ff83aa40000 - 0x00007ff83aaaa000 	C:\Windows\System32\WS2_32.dll
0x0000000000c80000 - 0x0000000000cab000 	C:\Windows\SYSTEM32\WINMMBASE.dll
0x00007ff839be0000 - 0x00007ff839c22000 	C:\Windows\System32\cfgmgr32.dll
0x00007ff833290000 - 0x00007ff83329f000 	D:\Program Files\Android Studio\jre\jre\bin\verify.dll
0x00007ff82d5c0000 - 0x00007ff82d5e9000 	D:\Program Files\Android Studio\jre\jre\bin\java.dll
0x00007ff82fb90000 - 0x00007ff82fba6000 	D:\Program Files\Android Studio\jre\jre\bin\zip.dll
0x00007ff83ae40000 - 0x00007ff83c349000 	C:\Windows\System32\SHELL32.dll
0x00007ff839dc0000 - 0x00007ff83a49a000 	C:\Windows\System32\windows.storage.dll
0x00007ff8393a0000 - 0x00007ff8393ec000 	C:\Windows\System32\powrprof.dll
0x00007ff83a700000 - 0x00007ff83a752000 	C:\Windows\System32\shlwapi.dll
0x00007ff8393f0000 - 0x00007ff8393ff000 	C:\Windows\System32\kernel.appcore.dll
0x00007ff839960000 - 0x00007ff839a09000 	C:\Windows\System32\shcore.dll
0x00007ff839370000 - 0x00007ff839384000 	C:\Windows\System32\profapi.dll
0x00007ff82d5a0000 - 0x00007ff82d5ba000 	D:\Program Files\Android Studio\jre\jre\bin\net.dll
0x00007ff838c10000 - 0x00007ff838c6c000 	C:\Windows\system32\mswsock.dll
0x00007ff82d580000 - 0x00007ff82d591000 	D:\Program Files\Android Studio\jre\jre\bin\nio.dll
0x00007ff824e40000 - 0x00007ff824e66000 	C:\Users\Administrator\.gradle\native\29\windows-amd64\native-platform.dll
0x00007ff832c00000 - 0x00007ff832c0d000 	D:\Program Files\Android Studio\jre\jre\bin\management.dll
0x00007ff838db0000 - 0x00007ff838dc7000 	C:\Windows\SYSTEM32\CRYPTSP.dll
0x00007ff838820000 - 0x00007ff838853000 	C:\Windows\system32\rsaenh.dll
0x00007ff8392b0000 - 0x00007ff8392db000 	C:\Windows\SYSTEM32\bcrypt.dll
0x00007ff838a90000 - 0x00007ff838aaf000 	C:\Windows\SYSTEM32\USERENV.dll
0x00007ff838dd0000 - 0x00007ff838ddb000 	C:\Windows\SYSTEM32\CRYPTBASE.dll
0x00007ff8389a0000 - 0x00007ff8389d8000 	C:\Windows\SYSTEM32\IPHLPAPI.DLL
0x00007ff83a5f0000 - 0x00007ff83a5f8000 	C:\Windows\System32\NSI.dll
0x00007ff831f10000 - 0x00007ff831f26000 	C:\Windows\SYSTEM32\dhcpcsvc6.DLL
0x00007ff831e70000 - 0x00007ff831e8a000 	C:\Windows\SYSTEM32\dhcpcsvc.DLL

VM Arguments:
jvm_args: -Xmx1536m -Dfile.encoding=GBK -Duser.country=CN -Duser.language=zh -Duser.variant 
java_command: org.gradle.launcher.daemon.bootstrap.GradleDaemon 5.4.1
java_class_path (initial): C:\Users\Administrator\.gradle\wrapper\dists\gradle-5.4.1-all\3221gyojl5jsh0helicew7rwx\gradle-5.4.1\lib\gradle-launcher-5.4.1.jar
Launcher Type: SUN_STANDARD

Environment Variables:
JAVA_HOME=D:\Program Files\Java\jdk1.8.0_111
CLASSPATH=.;D:\Program Files\Java\jdk1.8.0_111\lib;D:\Program Files\Java\jdk1.8.0_111\lib\tools.jar
PATH=C:\Windows\system32;C:\Windows;C:\Windows\System32\Wbem;C:\Windows\System32\WindowsPowerShell\v1.0\;C:\Program Files (x86)\NVIDIA Corporation\PhysX\Common;%ANDROID_SDK_HOME%\platform-tools;%ANDROID_SDK_HOME%\tools;D:\Program Files\Java\jdk1.8.0_111\bin;D:\Program Files\Java\jdk1.8.0_111\jre\bin;D:\Program Files\Git\bin;D:\Program Files (x86)\cmake-3.10.0-rc1-win64-x64\bin;C:\Program Files (x86)\Windows Kits\8.1\Windows Performance Toolkit\;C:\Program Files\Microsoft SQL Server\110\Tools\Binn\;C:\Program Files (x86)\Microsoft SDKs\TypeScript\1.0\;C:\Users\Administrator\AppData\Local\Microsoft\WindowsApps;C:\Program Files\Bandizip\
USERNAME=Administrator
OS=Windows_NT
PROCESSOR_IDENTIFIER=Intel64 Family 6 Model 158 Stepping 9, GenuineIntel



---------------  S Y S T E M  ---------------

OS: Windows 10.0 , 64 bit Build 14393 (10.0.14393.0)

CPU:total 8 (initial active 8) (4 cores per cpu, 2 threads per core) family 6 model 158 stepping 9, cmov, cx8, fxsr, mmx, sse, sse2, sse3, ssse3, sse4.1, sse4.2, popcnt, avx, avx2, aes, clmul, erms, rtm, 3dnowpref, lzcnt, ht, tsc, tscinvbit, bmi1, bmi2, adx

Memory: 4k page, physical 8337920k(113980k free), swap 22990332k(9648k free)

vm_info: OpenJDK 64-Bit Server VM (25.202-b03) for windows-amd64 JRE (1.8.0_202-release-1483-b03), built by "builder" with MS VC++ 10.0 (VS2010)

time: Thu Dec 05 11:15:00 2019
timezone: 中国标准时间
elapsed time: 25 seconds (0d 0h 0m 25s)

