#
# There is insufficient memory for the Java Runtime Environment to continue.
# Native memory allocation (malloc) failed to allocate 259536 bytes for Chunk::new
# Possible reasons:
#   The system is out of physical RAM or swap space
#   The process is running with CompressedOops enabled, and the Java Heap may be blocking the growth of the native heap
# Possible solutions:
#   Reduce memory load on the system
#   Increase physical memory or swap space
#   Check if swap backing store is full
#   Decrease Java heap size (-Xmx/-Xms)
#   Decrease number of Java threads
#   Decrease Java thread stack sizes (-Xss)
#   Set larger code cache with -XX:ReservedCodeCacheSize=
#   JVM is running with Unscaled Compressed Oops mode in which the Java heap is
#     placed in the first 4GB address space. The Java Heap base address is the
#     maximum limit for the native heap growth. Please use -XX:HeapBaseMinAddress
#     to set the Java Heap base and to place the Java Heap above 4GB virtual address.
# This output file may be truncated or incomplete.
#
#  Out of Memory Error (allocation.cpp:389), pid=361408, tid=0x0000000000058104
#
# JRE version: OpenJDK Runtime Environment (8.0_202-b03) (build 1.8.0_202-release-1483-b03)
# Java VM: OpenJDK 64-Bit Server VM (25.202-b03 mixed mode windows-amd64 compressed oops)
# Failed to write core dump. Minidumps are not enabled by default on client versions of Windows
#

---------------  T H R E A D  ---------------

Current thread (0x0000000018ded800):  JavaThread "C2 CompilerThread0" daemon [_thread_in_native, id=360708, stack(0x0000000019560000,0x0000000019660000)]

Stack: [0x0000000019560000,0x0000000019660000]
[error occurred during error reporting (printing stack bounds), id 0xc0000005]

Native frames: (J=compiled Java code, j=interpreted, Vv=VM code, C=native code)


Current CompileTask:
C2:   8715 7977       4       com.sun.org.apache.xerces.internal.impl.XMLEntityScanner::scanQName (502 bytes)


---------------  P R O C E S S  ---------------

Java Threads: ( => current thread )
  0x000000001db22000 JavaThread "Cache worker for execution history cache (D:\project\GtProject\Cashier\.gradle\5.4.1\executionHistory)" [_thread_blocked, id=178840, stack(0x00000000260a0000,0x00000000261a0000)]
  0x000000001db21800 JavaThread "Execution worker for ':' Thread 7" [_thread_in_native, id=179344, stack(0x0000000025da0000,0x0000000025ea0000)]
  0x0000000020b25000 JavaThread "Execution worker for ':' Thread 6" [_thread_blocked, id=361328, stack(0x0000000025ca0000,0x0000000025da0000)]
  0x0000000020b24800 JavaThread "Execution worker for ':' Thread 5" [_thread_blocked, id=361300, stack(0x0000000025ba0000,0x0000000025ca0000)]
  0x0000000020b23800 JavaThread "Execution worker for ':' Thread 4" [_thread_blocked, id=361096, stack(0x0000000025aa0000,0x0000000025ba0000)]
  0x0000000020b26000 JavaThread "Execution worker for ':' Thread 3" [_thread_blocked, id=356800, stack(0x00000000259a0000,0x0000000025aa0000)]
  0x0000000020b22000 JavaThread "Execution worker for ':' Thread 2" [_thread_blocked, id=360536, stack(0x00000000258a0000,0x00000000259a0000)]
  0x0000000020b21800 JavaThread "Execution worker for ':'" [_thread_blocked, id=361272, stack(0x00000000257a0000,0x00000000258a0000)]
  0x0000000020b20000 JavaThread "Cache worker for file content cache (D:\project\GtProject\Cashier\.gradle\5.4.1\fileContent)" [_thread_blocked, id=357184, stack(0x0000000024ee0000,0x0000000024fe0000)]
  0x0000000020b23000 JavaThread "Cache worker for file content cache (C:\Users\Administrator\.gradle\caches\5.4.1\fileContent)" [_thread_blocked, id=340836, stack(0x0000000024b80000,0x0000000024c80000)]
  0x0000000020b1a000 JavaThread "Memory manager" [_thread_blocked, id=360992, stack(0x0000000024a80000,0x0000000024b80000)]
  0x0000000020b1f000 JavaThread "Cache worker for Build Output Cleanup Cache (D:\project\GtProject\Cashier\.gradle\buildOutputCleanup)" [_thread_blocked, id=361396, stack(0x0000000024180000,0x0000000024280000)]
  0x0000000020b17800 JavaThread "Build operations Thread 8" [_thread_blocked, id=360592, stack(0x0000000023e80000,0x0000000023f80000)]
  0x0000000020b1e800 JavaThread "Build operations Thread 7" [_thread_blocked, id=355000, stack(0x0000000023d80000,0x0000000023e80000)]
  0x0000000020b17000 JavaThread "Build operations Thread 6" [_thread_blocked, id=361124, stack(0x0000000023c80000,0x0000000023d80000)]
  0x0000000020b1d800 JavaThread "Build operations Thread 5" [_thread_blocked, id=360800, stack(0x0000000023b80000,0x0000000023c80000)]
  0x0000000020b1d000 JavaThread "Build operations Thread 4" [_thread_blocked, id=359788, stack(0x0000000023a80000,0x0000000023b80000)]
  0x0000000020b1a800 JavaThread "Build operations Thread 3" [_thread_blocked, id=361264, stack(0x0000000023980000,0x0000000023a80000)]
  0x0000000020b19000 JavaThread "Build operations Thread 2" [_thread_blocked, id=359020, stack(0x0000000023880000,0x0000000023980000)]
  0x0000000020b18800 JavaThread "Build operations" [_thread_blocked, id=359816, stack(0x0000000023250000,0x0000000023350000)]
  0x0000000020b1c000 JavaThread "Cache worker for execution history cache (C:\Users\Administrator\.gradle\caches\5.4.1\executionHistory)" [_thread_blocked, id=361176, stack(0x0000000021e30000,0x0000000021f30000)]
  0x0000000020b1b800 JavaThread "Cache worker for cache directory md-rule (C:\Users\Administrator\.gradle\caches\5.4.1\md-rule)" [_thread_blocked, id=359760, stack(0x0000000021c20000,0x0000000021d20000)]
  0x0000000019f65800 JavaThread "Cache worker for cache directory md-supplier (C:\Users\Administrator\.gradle\caches\5.4.1\md-supplier)" [_thread_blocked, id=360596, stack(0x0000000020080000,0x0000000020180000)]
  0x0000000019f62800 JavaThread "Cache worker for file hash cache (D:\project\GtProject\Cashier\.gradle\5.4.1\fileHashes)" [_thread_blocked, id=360160, stack(0x000000001ff80000,0x0000000020080000)]
  0x0000000019f61000 JavaThread "Cache worker for journal cache (C:\Users\Administrator\.gradle\caches\journal-1)" [_thread_blocked, id=360968, stack(0x000000001d940000,0x000000001da40000)]
  0x0000000019f65000 JavaThread "File lock request listener" [_thread_in_native, id=360936, stack(0x000000001d840000,0x000000001d940000)]
  0x000000001b4fe800 JavaThread "Cache worker for file hash cache (C:\Users\Administrator\.gradle\caches\5.4.1\fileHashes)" [_thread_blocked, id=359900, stack(0x000000001d540000,0x000000001d640000)]
  0x000000001b8e6800 JavaThread "Thread-9" [_thread_blocked, id=360300, stack(0x000000001d440000,0x000000001d540000)]
  0x0000000019e88800 JavaThread "Stdin handler" [_thread_blocked, id=346912, stack(0x000000001d340000,0x000000001d440000)]
  0x0000000019e87800 JavaThread "Asynchronous log dispatcher for DefaultDaemonConnection: socket connection from /127.0.0.1:54880 to /127.0.0.1:54881" [_thread_blocked, id=359656, stack(0x000000001d240000,0x000000001d340000)]
  0x000000001b6e3800 JavaThread "Daemon worker" [_thread_blocked, id=361224, stack(0x000000001d140000,0x000000001d240000)]
  0x00000000190bf800 JavaThread "Cancel handler" [_thread_blocked, id=361340, stack(0x000000001d040000,0x000000001d140000)]
  0x0000000019e45800 JavaThread "Handler for socket connection from /127.0.0.1:54880 to /127.0.0.1:54881" [_thread_in_native, id=356868, stack(0x000000001cd40000,0x000000001ce40000)]
  0x0000000019de0800 JavaThread "Daemon" [_thread_blocked, id=360476, stack(0x000000001cc40000,0x000000001cd40000)]
  0x000000001b070000 JavaThread "Daemon periodic checks" [_thread_blocked, id=360880, stack(0x000000001cb40000,0x000000001cc40000)]
  0x000000001affe000 JavaThread "Incoming local TCP Connector on port 54880" [_thread_in_native, id=360656, stack(0x000000001c730000,0x000000001c830000)]
  0x000000001a6b0800 JavaThread "Daemon health stats" [_thread_blocked, id=359628, stack(0x000000001c430000,0x000000001c530000)]
  0x0000000018e92000 JavaThread "Service Thread" daemon [_thread_blocked, id=360092, stack(0x0000000019960000,0x0000000019a60000)]
  0x0000000018df5800 JavaThread "C1 CompilerThread3" daemon [_thread_in_native, id=360696, stack(0x0000000019860000,0x0000000019960000)]
  0x0000000018df1800 JavaThread "C2 CompilerThread2" daemon [_thread_blocked, id=361020, stack(0x0000000019760000,0x0000000019860000)]
  0x0000000018df1000 JavaThread "C2 CompilerThread1" daemon [_thread_in_native, id=360872, stack(0x0000000019660000,0x0000000019760000)]
=>0x0000000018ded800 JavaThread "C2 CompilerThread0" daemon [_thread_in_native, id=360708, stack(0x0000000019560000,0x0000000019660000)]
  0x0000000018d99000 JavaThread "Attach Listener" daemon [_thread_blocked, id=360932, stack(0x0000000019460000,0x0000000019560000)]
  0x0000000018d98000 JavaThread "Signal Dispatcher" daemon [_thread_blocked, id=361404, stack(0x0000000019360000,0x0000000019460000)]
  0x00000000031b9800 JavaThread "Finalizer" daemon [_thread_blocked, id=360776, stack(0x0000000019260000,0x0000000019360000)]
  0x00000000031b6000 JavaThread "Reference Handler" daemon [_thread_blocked, id=360500, stack(0x0000000019160000,0x0000000019260000)]
  0x000000000143e800 JavaThread "main" [_thread_blocked, id=350720, stack(0x0000000002b90000,0x0000000002c90000)]

Other Threads:
  0x0000000016f78800 VMThread [stack: 0x0000000018c60000,0x0000000018d60000] [id=361320]
  0x0000000018e93000 WatcherThread [stack: 0x0000000019a60000,0x0000000019b60000] [id=360752]

VM state:not at safepoint (normal execution)

VM Mutex/Monitor currently owned by a thread: None

heap address: 0x00000000a0000000, size: 1536 MB, Compressed Oops mode: 32-bit
Narrow klass base: 0x0000000000000000, Narrow klass shift: 3
Compressed class space size: 1073741824 Address: 0x0000000100000000

Heap:
 PSYoungGen      total 205824K, used 35463K [0x00000000e0000000, 0x00000000efc80000, 0x0000000100000000)
  eden space 184832K, 10% used [0x00000000e0000000,0x00000000e1369b20,0x00000000eb480000)
  from space 20992K, 74% used [0x00000000eb480000,0x00000000ec3b8108,0x00000000ec900000)
  to   space 22016K, 0% used [0x00000000ee700000,0x00000000ee700000,0x00000000efc80000)
 ParOldGen       total 156672K, used 37182K [0x00000000a0000000, 0x00000000a9900000, 0x00000000e0000000)
  object space 156672K, 23% used [0x00000000a0000000,0x00000000a244fa48,0x00000000a9900000)
 Metaspace       used 61800K, capacity 64269K, committed 64536K, reserved 1105920K
  class space    used 8357K, capacity 8916K, committed 9000K, reserved 1048576K

Card table byte_map: [0x0000000012580000,0x0000000012890000] byte_map_base: 0x0000000012080000

Marking Bits: (ParMarkBitMap*) 0x00000000766c9f30
 Begin Bits: [0x0000000013290000, 0x0000000014a90000)
 End Bits:   [0x0000000014a90000, 0x0000000016290000)

Polling page: 0x0000000001390000

CodeCache: size=245760Kb used=22797Kb max_used=22809Kb free=222962Kb
 bounds [0x00000000031c0000, 0x0000000004820000, 0x00000000121c0000]
 total_blobs=7972 nmethods=7173 adapters=711
 compilation: enabled

Compilation events (10 events):
Event: 8.712 Thread 0x0000000018df5800 nmethod 8048 0x000000000480b410 code [0x000000000480b580, 0x000000000480b888]
Event: 8.712 Thread 0x0000000018df5800 8049       3       com.sun.org.apache.xerces.internal.impl.dtd.XMLDTDValidator::getRecognizedProperties (13 bytes)
Event: 8.712 Thread 0x0000000018df1800 nmethod 8006 0x0000000004780110 code [0x0000000004780240, 0x00000000047802d8]
Event: 8.712 Thread 0x0000000018df5800 nmethod 8049 0x000000000480aed0 code [0x000000000480b040, 0x000000000480b348]
Event: 8.712 Thread 0x0000000018df5800 8050       3       com.sun.org.apache.xerces.internal.parsers.XIncludeAwareParserConfiguration::<init> (8 bytes)
Event: 8.712 Thread 0x0000000018df1800 8007       4       com.sun.org.apache.xerces.internal.dom.DocumentImpl::insertedNode (252 bytes)
Event: 8.712 Thread 0x0000000018df5800 nmethod 8050 0x000000000480ab10 code [0x000000000480ac80, 0x000000000480ae28]
Event: 8.712 Thread 0x0000000018df5800 8051       3       com.sun.org.apache.xerces.internal.parsers.XIncludeAwareParserConfiguration::<init> (112 bytes)
Event: 8.712 Thread 0x0000000018df1800 nmethod 8007 0x00000000047f05d0 code [0x00000000047f0700, 0x00000000047f0798]
Event: 8.713 Thread 0x0000000018df1800 8002       4       java.lang.AbstractStringBuilder::setLength (45 bytes)

GC Heap History (10 events):
Event: 3.526 GC heap before
{Heap before GC invocations=10 (full 2):
 PSYoungGen      total 164864K, used 9703K [0x00000000e0000000, 0x00000000ee380000, 0x0000000100000000)
  eden space 151552K, 0% used [0x00000000e0000000,0x00000000e0000000,0x00000000e9400000)
  from space 13312K, 72% used [0x00000000ea100000,0x00000000eaa79d10,0x00000000eae00000)
  to   space 13312K, 0% used [0x00000000e9400000,0x00000000e9400000,0x00000000ea100000)
 ParOldGen       total 67584K, used 11402K [0x00000000a0000000, 0x00000000a4200000, 0x00000000e0000000)
  object space 67584K, 16% used [0x00000000a0000000,0x00000000a0b229d8,0x00000000a4200000)
 Metaspace       used 34651K, capacity 35452K, committed 35496K, reserved 1079296K
  class space    used 4776K, capacity 5019K, committed 5032K, reserved 1048576K
Event: 3.594 GC heap after
Heap after GC invocations=10 (full 2):
 PSYoungGen      total 164864K, used 0K [0x00000000e0000000, 0x00000000ee380000, 0x0000000100000000)
  eden space 151552K, 0% used [0x00000000e0000000,0x00000000e0000000,0x00000000e9400000)
  from space 13312K, 0% used [0x00000000ea100000,0x00000000ea100000,0x00000000eae00000)
  to   space 13312K, 0% used [0x00000000e9400000,0x00000000e9400000,0x00000000ea100000)
 ParOldGen       total 101376K, used 16916K [0x00000000a0000000, 0x00000000a6300000, 0x00000000e0000000)
  object space 101376K, 16% used [0x00000000a0000000,0x00000000a10853d8,0x00000000a6300000)
 Metaspace       used 34640K, capacity 35416K, committed 35496K, reserved 1079296K
  class space    used 4772K, capacity 5013K, committed 5032K, reserved 1048576K
}
Event: 5.057 GC heap before
{Heap before GC invocations=11 (full 2):
 PSYoungGen      total 164864K, used 151552K [0x00000000e0000000, 0x00000000ee380000, 0x0000000100000000)
  eden space 151552K, 100% used [0x00000000e0000000,0x00000000e9400000,0x00000000e9400000)
  from space 13312K, 0% used [0x00000000ea100000,0x00000000ea100000,0x00000000eae00000)
  to   space 13312K, 0% used [0x00000000e9400000,0x00000000e9400000,0x00000000ea100000)
 ParOldGen       total 101376K, used 16916K [0x00000000a0000000, 0x00000000a6300000, 0x00000000e0000000)
  object space 101376K, 16% used [0x00000000a0000000,0x00000000a10853d8,0x00000000a6300000)
 Metaspace       used 48533K, capacity 49922K, committed 50088K, reserved 1091584K
  class space    used 6562K, capacity 6978K, committed 7080K, reserved 1048576K
Event: 5.076 GC heap after
Heap after GC invocations=11 (full 2):
 PSYoungGen      total 164864K, used 13305K [0x00000000e0000000, 0x00000000eda00000, 0x0000000100000000)
  eden space 151552K, 0% used [0x00000000e0000000,0x00000000e0000000,0x00000000e9400000)
  from space 13312K, 99% used [0x00000000e9400000,0x00000000ea0fe408,0x00000000ea100000)
  to   space 17408K, 0% used [0x00000000ec900000,0x00000000ec900000,0x00000000eda00000)
 ParOldGen       total 101376K, used 22722K [0x00000000a0000000, 0x00000000a6300000, 0x00000000e0000000)
  object space 101376K, 22% used [0x00000000a0000000,0x00000000a1630b98,0x00000000a6300000)
 Metaspace       used 48533K, capacity 49922K, committed 50088K, reserved 1091584K
  class space    used 6562K, capacity 6978K, committed 7080K, reserved 1048576K
}
Event: 6.239 GC heap before
{Heap before GC invocations=12 (full 2):
 PSYoungGen      total 164864K, used 133464K [0x00000000e0000000, 0x00000000eda00000, 0x0000000100000000)
  eden space 151552K, 79% used [0x00000000e0000000,0x00000000e7557e40,0x00000000e9400000)
  from space 13312K, 99% used [0x00000000e9400000,0x00000000ea0fe408,0x00000000ea100000)
  to   space 17408K, 0% used [0x00000000ec900000,0x00000000ec900000,0x00000000eda00000)
 ParOldGen       total 101376K, used 22722K [0x00000000a0000000, 0x00000000a6300000, 0x00000000e0000000)
  object space 101376K, 22% used [0x00000000a0000000,0x00000000a1630b98,0x00000000a6300000)
 Metaspace       used 57364K, capacity 59043K, committed 59160K, reserved 1099776K
  class space    used 7782K, capacity 8232K, committed 8232K, reserved 1048576K
Event: 6.254 GC heap after
Heap after GC invocations=12 (full 2):
 PSYoungGen      total 202240K, used 17403K [0x00000000e0000000, 0x00000000edf80000, 0x0000000100000000)
  eden space 184832K, 0% used [0x00000000e0000000,0x00000000e0000000,0x00000000eb480000)
  from space 17408K, 99% used [0x00000000ec900000,0x00000000ed9fed88,0x00000000eda00000)
  to   space 20992K, 0% used [0x00000000eb480000,0x00000000eb480000,0x00000000ec900000)
 ParOldGen       total 101376K, used 27062K [0x00000000a0000000, 0x00000000a6300000, 0x00000000e0000000)
  object space 101376K, 26% used [0x00000000a0000000,0x00000000a1a6d9a0,0x00000000a6300000)
 Metaspace       used 57364K, capacity 59043K, committed 59160K, reserved 1099776K
  class space    used 7782K, capacity 8232K, committed 8232K, reserved 1048576K
}
Event: 6.255 GC heap before
{Heap before GC invocations=13 (full 3):
 PSYoungGen      total 202240K, used 17403K [0x00000000e0000000, 0x00000000edf80000, 0x0000000100000000)
  eden space 184832K, 0% used [0x00000000e0000000,0x00000000e0000000,0x00000000eb480000)
  from space 17408K, 99% used [0x00000000ec900000,0x00000000ed9fed88,0x00000000eda00000)
  to   space 20992K, 0% used [0x00000000eb480000,0x00000000eb480000,0x00000000ec900000)
 ParOldGen       total 101376K, used 27062K [0x00000000a0000000, 0x00000000a6300000, 0x00000000e0000000)
  object space 101376K, 26% used [0x00000000a0000000,0x00000000a1a6d9a0,0x00000000a6300000)
 Metaspace       used 57364K, capacity 59043K, committed 59160K, reserved 1099776K
  class space    used 7782K, capacity 8232K, committed 8232K, reserved 1048576K
Event: 6.424 GC heap after
Heap after GC invocations=13 (full 3):
 PSYoungGen      total 202240K, used 0K [0x00000000e0000000, 0x00000000edf80000, 0x0000000100000000)
  eden space 184832K, 0% used [0x00000000e0000000,0x00000000e0000000,0x00000000eb480000)
  from space 17408K, 0% used [0x00000000ec900000,0x00000000ec900000,0x00000000eda00000)
  to   space 20992K, 0% used [0x00000000eb480000,0x00000000eb480000,0x00000000ec900000)
 ParOldGen       total 156672K, used 37174K [0x00000000a0000000, 0x00000000a9900000, 0x00000000e0000000)
  object space 156672K, 23% used [0x00000000a0000000,0x00000000a244da48,0x00000000a9900000)
 Metaspace       used 57364K, capacity 59043K, committed 59160K, reserved 1099776K
  class space    used 7782K, capacity 8232K, committed 8232K, reserved 1048576K
}
Event: 8.448 GC heap before
{Heap before GC invocations=14 (full 3):
 PSYoungGen      total 202240K, used 184832K [0x00000000e0000000, 0x00000000edf80000, 0x0000000100000000)
  eden space 184832K, 100% used [0x00000000e0000000,0x00000000eb480000,0x00000000eb480000)
  from space 17408K, 0% used [0x00000000ec900000,0x00000000ec900000,0x00000000eda00000)
  to   space 20992K, 0% used [0x00000000eb480000,0x00000000eb480000,0x00000000ec900000)
 ParOldGen       total 156672K, used 37174K [0x00000000a0000000, 0x00000000a9900000, 0x00000000e0000000)
  object space 156672K, 23% used [0x00000000a0000000,0x00000000a244da48,0x00000000a9900000)
 Metaspace       used 61623K, capacity 64073K, committed 64280K, reserved 1103872K
  class space    used 8356K, capacity 8916K, committed 9000K, reserved 1048576K
Event: 8.460 GC heap after
Heap after GC invocations=14 (full 3):
 PSYoungGen      total 205824K, used 15584K [0x00000000e0000000, 0x00000000efc80000, 0x0000000100000000)
  eden space 184832K, 0% used [0x00000000e0000000,0x00000000e0000000,0x00000000eb480000)
  from space 20992K, 74% used [0x00000000eb480000,0x00000000ec3b8108,0x00000000ec900000)
  to   space 22016K, 0% used [0x00000000ee700000,0x00000000ee700000,0x00000000efc80000)
 ParOldGen       total 156672K, used 37182K [0x00000000a0000000, 0x00000000a9900000, 0x00000000e0000000)
  object space 156672K, 23% used [0x00000000a0000000,0x00000000a244fa48,0x00000000a9900000)
 Metaspace       used 61623K, capacity 64073K, committed 64280K, reserved 1103872K
  class space    used 8356K, capacity 8916K, committed 9000K, reserved 1048576K
}

Deoptimization events (10 events):
Event: 8.290 Thread 0x000000001db21800 Uncommon trap: reason=unstable_if action=reinterpret pc=0x0000000003d204f0 method=sun.nio.fs.WindowsPathParser.isLetter(C)Z @ 3
Event: 8.320 Thread 0x000000001db21800 Uncommon trap: reason=speculate_class_check action=maybe_recompile pc=0x00000000041f5418 method=java.util.AbstractList.listIterator()Ljava/util/ListIterator; @ 2
Event: 8.331 Thread 0x000000001db21800 Uncommon trap: reason=speculate_class_check action=maybe_recompile pc=0x00000000041f5418 method=java.util.AbstractList.listIterator()Ljava/util/ListIterator; @ 2
Event: 8.331 Thread 0x000000001db21800 Uncommon trap: reason=speculate_class_check action=maybe_recompile pc=0x00000000041f5418 method=java.util.AbstractList.listIterator()Ljava/util/ListIterator; @ 2
Event: 8.331 Thread 0x000000001db21800 Uncommon trap: reason=speculate_class_check action=maybe_recompile pc=0x00000000041f5418 method=java.util.AbstractList.listIterator()Ljava/util/ListIterator; @ 2
Event: 8.523 Thread 0x000000001db21800 Uncommon trap: reason=unstable_if action=reinterpret pc=0x0000000003c80560 method=java.lang.Character.isSurrogate(C)Z @ 3
Event: 8.698 Thread 0x000000001db21800 Uncommon trap: reason=class_check action=maybe_recompile pc=0x00000000047fc658 method=com.sun.org.apache.xerces.internal.dom.NamedNodeMapImpl.findNamePoint(Ljava/lang/String;I)I @ 54
Event: 8.698 Thread 0x000000001db21800 Uncommon trap: reason=class_check action=maybe_recompile pc=0x00000000047fc658 method=com.sun.org.apache.xerces.internal.dom.NamedNodeMapImpl.findNamePoint(Ljava/lang/String;I)I @ 54
Event: 8.698 Thread 0x000000001db21800 Uncommon trap: reason=class_check action=maybe_recompile pc=0x00000000047fc658 method=com.sun.org.apache.xerces.internal.dom.NamedNodeMapImpl.findNamePoint(Ljava/lang/String;I)I @ 54
Event: 8.698 Thread 0x000000001db21800 Uncommon trap: reason=class_check action=maybe_recompile pc=0x00000000047fc658 method=com.sun.org.apache.xerces.internal.dom.NamedNodeMapImpl.findNamePoint(Ljava/lang/String;I)I @ 54

Classes redefined (0 events):
No events

Internal exceptions (10 events):
Event: 7.121 Thread 0x000000001b8e6800 Exception <a 'java/lang/NoSuchMethodError': <clinit>> (0x00000000e58d2a78) thrown at [D:\src\AOSP-openjdk-cygwin\jdk8u\hotspot\src\share\vm\prims\jni.cpp, line 1614]
Event: 7.140 Thread 0x000000001b8e6800 Exception <a 'java/lang/NoSuchMethodError': <clinit>> (0x00000000e58dd468) thrown at [D:\src\AOSP-openjdk-cygwin\jdk8u\hotspot\src\share\vm\prims\jni.cpp, line 1614]
Event: 7.143 Thread 0x000000001b8e6800 Exception <a 'java/lang/NoSuchMethodError': <clinit>> (0x00000000e58eeab8) thrown at [D:\src\AOSP-openjdk-cygwin\jdk8u\hotspot\src\share\vm\prims\jni.cpp, line 1614]
Event: 7.143 Thread 0x000000001b8e6800 Exception <a 'java/lang/NoSuchMethodError': <clinit>> (0x00000000e58f05d0) thrown at [D:\src\AOSP-openjdk-cygwin\jdk8u\hotspot\src\share\vm\prims\jni.cpp, line 1614]
Event: 7.277 Thread 0x0000000020b17000 Implicit null exception at 0x00000000045c0286 to 0x00000000045c0674
Event: 7.277 Thread 0x0000000020b1d800 Implicit null exception at 0x00000000045c0286 to 0x00000000045c0674
Event: 7.278 Thread 0x0000000020b1e800 Implicit null exception at 0x00000000033a3a84 to 0x00000000033a3d6c
Event: 7.278 Thread 0x0000000020b1d800 Implicit null exception at 0x00000000033a3a84 to 0x00000000033a3d6c
Event: 7.278 Thread 0x0000000020b17000 Implicit null exception at 0x00000000033a3a84 to 0x00000000033a3d6c
Event: 7.333 Thread 0x000000001b8e6800 Exception <a 'java/lang/NoSuchMethodError': <clinit>> (0x00000000e7313e90) thrown at [D:\src\AOSP-openjdk-cygwin\jdk8u\hotspot\src\share\vm\prims\jni.cpp, line 1614]

Events (10 events):
Event: 8.698 Thread 0x000000001db21800 DEOPT PACKING pc=0x00000000047fc658 sp=0x0000000025e9ac90
Event: 8.698 Thread 0x000000001db21800 DEOPT UNPACKING pc=0x000000000320557b sp=0x0000000025e9ac48 mode 2
Event: 8.698 Thread 0x000000001db21800 Uncommon trap: trap_request=0xffffffde fr.pc=0x00000000047fc658
Event: 8.698 Thread 0x000000001db21800 DEOPT PACKING pc=0x00000000047fc658 sp=0x0000000025e9ac90
Event: 8.698 Thread 0x000000001db21800 DEOPT UNPACKING pc=0x000000000320557b sp=0x0000000025e9ac48 mode 2
Event: 8.698 Thread 0x000000001db21800 Uncommon trap: trap_request=0xffffffde fr.pc=0x00000000047fc658
Event: 8.698 Thread 0x000000001db21800 DEOPT PACKING pc=0x00000000047fc658 sp=0x0000000025e9ac90
Event: 8.698 Thread 0x000000001db21800 DEOPT UNPACKING pc=0x000000000320557b sp=0x0000000025e9ac48 mode 2
Event: 8.710 Thread 0x000000001db21800 DEOPT PACKING pc=0x00000000047a5c1a sp=0x0000000025e9b300
Event: 8.710 Thread 0x000000001db21800 DEOPT UNPACKING pc=0x00000000032075d0 sp=0x0000000025e9b180 mode 0


Dynamic libraries:
0x00007ff61dc60000 - 0x00007ff61dc91000 	D:\Program Files\Android Studio\jre\bin\java.exe
0x00007ff83cf10000 - 0x00007ff83d0e1000 	C:\Windows\SYSTEM32\ntdll.dll
0x00007ff83ab10000 - 0x00007ff83abbb000 	C:\Windows\System32\KERNEL32.DLL
0x00007ff839740000 - 0x00007ff83995d000 	C:\Windows\System32\KERNELBASE.dll
0x00007ff83a540000 - 0x00007ff83a5e2000 	C:\Windows\System32\ADVAPI32.dll
0x00007ff83a4a0000 - 0x00007ff83a53e000 	C:\Windows\System32\msvcrt.dll
0x00007ff83c480000 - 0x00007ff83c4d9000 	C:\Windows\System32\sechost.dll
0x00007ff83c350000 - 0x00007ff83c471000 	C:\Windows\System32\RPCRT4.dll
0x00007ff83cca0000 - 0x00007ff83ce05000 	C:\Windows\System32\USER32.dll
0x00007ff839560000 - 0x00007ff83957e000 	C:\Windows\System32\win32u.dll
0x00007ff83a760000 - 0x00007ff83a794000 	C:\Windows\System32\GDI32.dll
0x00007ff839c30000 - 0x00007ff839db2000 	C:\Windows\System32\gdi32full.dll
0x00007ff833910000 - 0x00007ff833b8a000 	C:\Windows\WinSxS\amd64_microsoft.windows.common-controls_6595b64144ccf1df_6.0.14393.726_none_42181c01c683592f\COMCTL32.dll
0x00007ff83c5a0000 - 0x00007ff83c868000 	C:\Windows\System32\combase.dll
0x00007ff839400000 - 0x00007ff8394f5000 	C:\Windows\System32\ucrtbase.dll
0x00007ff839580000 - 0x00007ff8395ea000 	C:\Windows\System32\bcryptPrimitives.dll
0x00007ff83c550000 - 0x00007ff83c57e000 	C:\Windows\System32\IMM32.DLL
0x0000000075b80000 - 0x0000000075c52000 	D:\Program Files\Android Studio\jre\jre\bin\msvcr100.dll
0x0000000075f00000 - 0x0000000076746000 	D:\Program Files\Android Studio\jre\jre\bin\server\jvm.dll
0x00007ff83ad60000 - 0x00007ff83ad68000 	C:\Windows\System32\PSAPI.DLL
0x00007ff833b90000 - 0x00007ff833b99000 	C:\Windows\SYSTEM32\WSOCK32.dll
0x00007ff8376f0000 - 0x00007ff837713000 	C:\Windows\SYSTEM32\WINMM.dll
0x00007ff835540000 - 0x00007ff83554a000 	C:\Windows\SYSTEM32\VERSION.dll
0x00007ff83aa40000 - 0x00007ff83aaaa000 	C:\Windows\System32\WS2_32.dll
0x0000000001320000 - 0x000000000134b000 	C:\Windows\SYSTEM32\WINMMBASE.dll
0x00007ff839be0000 - 0x00007ff839c22000 	C:\Windows\System32\cfgmgr32.dll
0x00007ff833290000 - 0x00007ff83329f000 	D:\Program Files\Android Studio\jre\jre\bin\verify.dll
0x00007ff82d5c0000 - 0x00007ff82d5e9000 	D:\Program Files\Android Studio\jre\jre\bin\java.dll
0x00007ff82fb90000 - 0x00007ff82fba6000 	D:\Program Files\Android Studio\jre\jre\bin\zip.dll
0x00007ff83ae40000 - 0x00007ff83c349000 	C:\Windows\System32\SHELL32.dll
0x00007ff839dc0000 - 0x00007ff83a49a000 	C:\Windows\System32\windows.storage.dll
0x00007ff8393a0000 - 0x00007ff8393ec000 	C:\Windows\System32\powrprof.dll
0x00007ff83a700000 - 0x00007ff83a752000 	C:\Windows\System32\shlwapi.dll
0x00007ff8393f0000 - 0x00007ff8393ff000 	C:\Windows\System32\kernel.appcore.dll
0x00007ff839960000 - 0x00007ff839a09000 	C:\Windows\System32\shcore.dll
0x00007ff839370000 - 0x00007ff839384000 	C:\Windows\System32\profapi.dll
0x00007ff82d5a0000 - 0x00007ff82d5ba000 	D:\Program Files\Android Studio\jre\jre\bin\net.dll
0x00007ff838c10000 - 0x00007ff838c6c000 	C:\Windows\system32\mswsock.dll
0x00007ff82d580000 - 0x00007ff82d591000 	D:\Program Files\Android Studio\jre\jre\bin\nio.dll
0x00007ff824e40000 - 0x00007ff824e66000 	C:\Users\Administrator\.gradle\native\29\windows-amd64\native-platform.dll
0x00007ff832c00000 - 0x00007ff832c0d000 	D:\Program Files\Android Studio\jre\jre\bin\management.dll
0x00007ff838db0000 - 0x00007ff838dc7000 	C:\Windows\SYSTEM32\CRYPTSP.dll
0x00007ff838820000 - 0x00007ff838853000 	C:\Windows\system32\rsaenh.dll
0x00007ff8392b0000 - 0x00007ff8392db000 	C:\Windows\SYSTEM32\bcrypt.dll
0x00007ff838a90000 - 0x00007ff838aaf000 	C:\Windows\SYSTEM32\USERENV.dll
0x00007ff838dd0000 - 0x00007ff838ddb000 	C:\Windows\SYSTEM32\CRYPTBASE.dll
0x00007ff8389a0000 - 0x00007ff8389d8000 	C:\Windows\SYSTEM32\IPHLPAPI.DLL
0x00007ff83a5f0000 - 0x00007ff83a5f8000 	C:\Windows\System32\NSI.dll
0x00007ff831f10000 - 0x00007ff831f26000 	C:\Windows\SYSTEM32\dhcpcsvc6.DLL
0x00007ff831e70000 - 0x00007ff831e8a000 	C:\Windows\SYSTEM32\dhcpcsvc.DLL

VM Arguments:
jvm_args: -Xmx1536m -Dfile.encoding=GBK -Duser.country=CN -Duser.language=zh -Duser.variant 
java_command: org.gradle.launcher.daemon.bootstrap.GradleDaemon 5.4.1
java_class_path (initial): C:\Users\Administrator\.gradle\wrapper\dists\gradle-5.4.1-all\3221gyojl5jsh0helicew7rwx\gradle-5.4.1\lib\gradle-launcher-5.4.1.jar
Launcher Type: SUN_STANDARD

Environment Variables:
JAVA_HOME=D:\Program Files\Java\jdk1.8.0_111
CLASSPATH=.;D:\Program Files\Java\jdk1.8.0_111\lib;D:\Program Files\Java\jdk1.8.0_111\lib\tools.jar
PATH=C:\Windows\system32;C:\Windows;C:\Windows\System32\Wbem;C:\Windows\System32\WindowsPowerShell\v1.0\;C:\Program Files (x86)\NVIDIA Corporation\PhysX\Common;%ANDROID_SDK_HOME%\platform-tools;%ANDROID_SDK_HOME%\tools;D:\Program Files\Java\jdk1.8.0_111\bin;D:\Program Files\Java\jdk1.8.0_111\jre\bin;D:\Program Files\Git\bin;D:\Program Files (x86)\cmake-3.10.0-rc1-win64-x64\bin;C:\Program Files (x86)\Windows Kits\8.1\Windows Performance Toolkit\;C:\Program Files\Microsoft SQL Server\110\Tools\Binn\;C:\Program Files (x86)\Microsoft SDKs\TypeScript\1.0\;C:\Users\Administrator\AppData\Local\Microsoft\WindowsApps;C:\Program Files\Bandizip\
USERNAME=Administrator
OS=Windows_NT
PROCESSOR_IDENTIFIER=Intel64 Family 6 Model 158 Stepping 9, GenuineIntel



---------------  S Y S T E M  ---------------

OS: Windows 10.0 , 64 bit Build 14393 (10.0.14393.0)

CPU:total 8 (initial active 8) (4 cores per cpu, 2 threads per core) family 6 model 158 stepping 9, cmov, cx8, fxsr, mmx, sse, sse2, sse3, ssse3, sse4.1, sse4.2, popcnt, avx, avx2, aes, clmul, erms, rtm, 3dnowpref, lzcnt, ht, tsc, tscinvbit, bmi1, bmi2, adx

Memory: 4k page, physical 8337920k(256004k free), swap 22990332k(4500k free)

vm_info: OpenJDK 64-Bit Server VM (25.202-b03) for windows-amd64 JRE (1.8.0_202-release-1483-b03), built by "builder" with MS VC++ 10.0 (VS2010)

time: Thu Dec 05 11:09:38 2019
timezone: 中国标准时间
elapsed time: 8 seconds (0d 0h 0m 8s)

