#
# There is insufficient memory for the Java Runtime Environment to continue.
# Native memory allocation (malloc) failed to allocate 70976 bytes for Chunk::new
# Possible reasons:
#   The system is out of physical RAM or swap space
#   The process is running with CompressedOops enabled, and the Java Heap may be blocking the growth of the native heap
# Possible solutions:
#   Reduce memory load on the system
#   Increase physical memory or swap space
#   Check if swap backing store is full
#   Decrease Java heap size (-Xmx/-Xms)
#   Decrease number of Java threads
#   Decrease Java thread stack sizes (-Xss)
#   Set larger code cache with -XX:ReservedCodeCacheSize=
#   JVM is running with Unscaled Compressed Oops mode in which the Java heap is
#     placed in the first 4GB address space. The Java Heap base address is the
#     maximum limit for the native heap growth. Please use -XX:HeapBaseMinAddress
#     to set the Java Heap base and to place the Java Heap above 4GB virtual address.
# This output file may be truncated or incomplete.
#
#  Out of Memory Error (allocation.cpp:389), pid=360756, tid=0x0000000000057154
#
# JRE version: OpenJDK Runtime Environment (8.0_202-b03) (build 1.8.0_202-release-1483-b03)
# Java VM: OpenJDK 64-Bit Server VM (25.202-b03 mixed mode windows-amd64 compressed oops)
# Failed to write core dump. Minidumps are not enabled by default on client versions of Windows
#

---------------  T H R E A D  ---------------

Current thread (0x0000000018e32000):  JavaThread "C2 CompilerThread1" daemon [_thread_in_native, id=356692, stack(0x00000000196a0000,0x00000000197a0000)]

Stack: [0x00000000196a0000,0x00000000197a0000]
[error occurred during error reporting (printing stack bounds), id 0xc0000005]

Native frames: (J=compiled Java code, j=interpreted, Vv=VM code, C=native code)


Current CompileTask:
C2:   3304 3613       4       java.util.jar.Manifest::getAttributes (14 bytes)


---------------  P R O C E S S  ---------------

Java Threads: ( => current thread )
  0x000000001e229000 JavaThread "Cache worker for Build Output Cleanup Cache (D:\project\GtProject\Cashier\.gradle\buildOutputCleanup)" [_thread_blocked, id=360548, stack(0x0000000023ef0000,0x0000000023ff0000)]
  0x000000001e228000 JavaThread "Build operations Thread 8" [_thread_blocked, id=360900, stack(0x00000000237f0000,0x00000000238f0000)]
  0x000000001e221800 JavaThread "Build operations Thread 7" [_thread_blocked, id=360864, stack(0x00000000236f0000,0x00000000237f0000)]
  0x000000001e220800 JavaThread "Build operations Thread 6" [_thread_blocked, id=360852, stack(0x00000000235f0000,0x00000000236f0000)]
  0x000000001e226800 JavaThread "Build operations Thread 5" [_thread_blocked, id=356772, stack(0x00000000234f0000,0x00000000235f0000)]
  0x000000001e225000 JavaThread "Build operations Thread 4" [_thread_blocked, id=360600, stack(0x00000000233f0000,0x00000000234f0000)]
  0x000000001e226000 JavaThread "Build operations Thread 3" [_thread_blocked, id=354788, stack(0x00000000232f0000,0x00000000233f0000)]
  0x000000001e227800 JavaThread "Build operations Thread 2" [_thread_blocked, id=361228, stack(0x00000000231f0000,0x00000000232f0000)]
  0x000000001e21d800 JavaThread "Build operations" [_thread_blocked, id=360496, stack(0x00000000230f0000,0x00000000231f0000)]
  0x000000001e224800 JavaThread "Cache worker for execution history cache (C:\Users\Administrator\.gradle\caches\5.4.1\executionHistory)" [_thread_blocked, id=361396, stack(0x0000000022a20000,0x0000000022b20000)]
  0x000000001e220000 JavaThread "Cache worker for cache directory md-rule (C:\Users\Administrator\.gradle\caches\5.4.1\md-rule)" [_thread_blocked, id=361444, stack(0x00000000227f0000,0x00000000228f0000)]
  0x000000001e21e800 JavaThread "Cache worker for cache directory md-supplier (C:\Users\Administrator\.gradle\caches\5.4.1\md-supplier)" [_thread_blocked, id=361432, stack(0x00000000202f0000,0x00000000203f0000)]
  0x000000001aedb800 JavaThread "Cache worker for file hash cache (D:\project\GtProject\Cashier\.gradle\5.4.1\fileHashes)" [_thread_blocked, id=361376, stack(0x000000001fbf0000,0x000000001fcf0000)]
  0x000000001aedf000 JavaThread "Cache worker for journal cache (C:\Users\Administrator\.gradle\caches\journal-1)" [_thread_blocked, id=360896, stack(0x000000001d950000,0x000000001da50000)]
  0x000000001aede000 JavaThread "File lock request listener" [_thread_in_native, id=361200, stack(0x000000001d650000,0x000000001d750000)]
  0x000000001abec800 JavaThread "Cache worker for file hash cache (C:\Users\Administrator\.gradle\caches\5.4.1\fileHashes)" [_thread_blocked, id=361012, stack(0x000000001d550000,0x000000001d650000)]
  0x0000000019daf000 JavaThread "Thread-9" [_thread_blocked, id=360040, stack(0x000000001d450000,0x000000001d550000)]
  0x000000001a7de800 JavaThread "Stdin handler" [_thread_blocked, id=360456, stack(0x000000001d350000,0x000000001d450000)]
  0x0000000019dab000 JavaThread "Asynchronous log dispatcher for DefaultDaemonConnection: socket connection from /127.0.0.1:54866 to /127.0.0.1:54867" [_thread_blocked, id=361096, stack(0x000000001d150000,0x000000001d250000)]
  0x000000001a57d800 JavaThread "Daemon worker" [_thread_in_Java, id=361008, stack(0x000000001d050000,0x000000001d150000)]
  0x000000001a57d000 JavaThread "Cancel handler" [_thread_blocked, id=360592, stack(0x000000001cf50000,0x000000001d050000)]
  0x000000001b1c6000 JavaThread "Handler for socket connection from /127.0.0.1:54866 to /127.0.0.1:54867" [_thread_in_native, id=355000, stack(0x000000001cc50000,0x000000001cd50000)]
  0x000000001b1c2800 JavaThread "Daemon" [_thread_blocked, id=361124, stack(0x000000001cb50000,0x000000001cc50000)]
  0x000000001b7cf000 JavaThread "Daemon periodic checks" [_thread_blocked, id=359788, stack(0x000000001ca50000,0x000000001cb50000)]
  0x000000001a98a800 JavaThread "Incoming local TCP Connector on port 54866" [_thread_in_native, id=360800, stack(0x000000001c640000,0x000000001c740000)]
  0x000000001a858800 JavaThread "Daemon health stats" [_thread_blocked, id=357636, stack(0x000000001c340000,0x000000001c440000)]
  0x0000000018ec2000 JavaThread "Service Thread" daemon [_thread_blocked, id=360640, stack(0x00000000199a0000,0x0000000019aa0000)]
  0x0000000018e37000 JavaThread "C1 CompilerThread3" daemon [_thread_blocked, id=361080, stack(0x00000000198a0000,0x00000000199a0000)]
  0x0000000018e33000 JavaThread "C2 CompilerThread2" daemon [_thread_in_native, id=358356, stack(0x00000000197a0000,0x00000000198a0000)]
=>0x0000000018e32000 JavaThread "C2 CompilerThread1" daemon [_thread_in_native, id=356692, stack(0x00000000196a0000,0x00000000197a0000)]
  0x0000000016fdc800 JavaThread "C2 CompilerThread0" daemon [_thread_in_native, id=360112, stack(0x00000000195a0000,0x00000000196a0000)]
  0x0000000018ddd000 JavaThread "Attach Listener" daemon [_thread_blocked, id=358448, stack(0x00000000194a0000,0x00000000195a0000)]
  0x0000000018e30000 JavaThread "Signal Dispatcher" daemon [_thread_blocked, id=355028, stack(0x00000000193a0000,0x00000000194a0000)]
  0x000000000320e000 JavaThread "Finalizer" daemon [_thread_blocked, id=360532, stack(0x00000000192a0000,0x00000000193a0000)]
  0x0000000016fcc800 JavaThread "Reference Handler" daemon [_thread_blocked, id=361176, stack(0x00000000191a0000,0x00000000192a0000)]
  0x000000000300e800 JavaThread "main" [_thread_blocked, id=361264, stack(0x0000000003010000,0x0000000003110000)]

Other Threads:
  0x0000000016fc8000 VMThread [stack: 0x0000000018ca0000,0x0000000018da0000] [id=359760]
  0x0000000018ecb000 WatcherThread [stack: 0x0000000019aa0000,0x0000000019ba0000] [id=359816]

VM state:not at safepoint (normal execution)

VM Mutex/Monitor currently owned by a thread: None

heap address: 0x00000000a0000000, size: 1536 MB, Compressed Oops mode: 32-bit
Narrow klass base: 0x0000000000000000, Narrow klass shift: 3
Compressed class space size: 1073741824 Address: 0x0000000100000000

Heap:
 PSYoungGen      total 159232K, used 67948K [0x00000000e0000000, 0x00000000edf00000, 0x0000000100000000)
  eden space 145920K, 46% used [0x00000000e0000000,0x00000000e425b318,0x00000000e8e80000)
  from space 13312K, 0% used [0x00000000e9b80000,0x00000000e9b80000,0x00000000ea880000)
  to   space 13312K, 0% used [0x00000000e8e80000,0x00000000e8e80000,0x00000000e9b80000)
 ParOldGen       total 102400K, used 16537K [0x00000000a0000000, 0x00000000a6400000, 0x00000000e0000000)
  object space 102400K, 16% used [0x00000000a0000000,0x00000000a10265e0,0x00000000a6400000)
 Metaspace       used 42533K, capacity 43586K, committed 43776K, reserved 1087488K
  class space    used 5759K, capacity 6061K, committed 6144K, reserved 1048576K

Card table byte_map: [0x00000000125d0000,0x00000000128e0000] byte_map_base: 0x00000000120d0000

Marking Bits: (ParMarkBitMap*) 0x00000000766c9f30
 Begin Bits: [0x00000000132e0000, 0x0000000014ae0000)
 End Bits:   [0x0000000014ae0000, 0x00000000162e0000)

Polling page: 0x00000000013d0000

CodeCache: size=245760Kb used=12569Kb max_used=12570Kb free=233190Kb
 bounds [0x0000000003210000, 0x0000000003e60000, 0x0000000012210000]
 total_blobs=4354 nmethods=3609 adapters=657
 compilation: enabled

Compilation events (10 events):
Event: 3.298 Thread 0x0000000018e37000 3610       3       java.security.Provider$ServiceKey::<init> (8 bytes)
Event: 3.298 Thread 0x0000000018e37000 nmethod 3610 0x0000000003e54e50 code [0x0000000003e54fc0, 0x0000000003e55148]
Event: 3.298 Thread 0x0000000018e37000 3609       3       java.security.Provider::checkInitialized (16 bytes)
Event: 3.298 Thread 0x0000000018e37000 nmethod 3609 0x0000000003e54990 code [0x0000000003e54b00, 0x0000000003e54d48]
Event: 3.298 Thread 0x0000000018e32000 nmethod 3606% 0x0000000003e5e5d0 code [0x0000000003e5e720, 0x0000000003e5efb8]
Event: 3.299 Thread 0x0000000016fdc800 3611       4       sun.security.provider.SHA2::implCompress (331 bytes)
Event: 3.299 Thread 0x0000000018e37000 3612       3       java.net.URLClassLoader$1::run (5 bytes)
Event: 3.299 Thread 0x0000000018e37000 nmethod 3612 0x0000000003e54610 code [0x0000000003e54780, 0x0000000003e54908]
Event: 3.301 Thread 0x0000000018e32000 3613       4       java.util.jar.Manifest::getAttributes (14 bytes)
Event: 3.301 Thread 0x0000000018e37000 3615       3       java.util.jar.Manifest::read (328 bytes)

GC Heap History (10 events):
Event: 1.498 GC heap before
{Heap before GC invocations=6 (full 1):
 PSYoungGen      total 71680K, used 5088K [0x00000000e0000000, 0x00000000e9a00000, 0x0000000100000000)
  eden space 66560K, 0% used [0x00000000e0000000,0x00000000e0000000,0x00000000e4100000)
  from space 5120K, 99% used [0x00000000e4100000,0x00000000e45f80c8,0x00000000e4600000)
  to   space 12288K, 0% used [0x00000000e8e00000,0x00000000e8e00000,0x00000000e9a00000)
 ParOldGen       total 87552K, used 11492K [0x00000000a0000000, 0x00000000a5580000, 0x00000000e0000000)
  object space 87552K, 13% used [0x00000000a0000000,0x00000000a0b39168,0x00000000a5580000)
 Metaspace       used 20658K, capacity 21162K, committed 21296K, reserved 1067008K
  class space    used 2956K, capacity 3123K, committed 3200K, reserved 1048576K
Event: 1.523 GC heap after
Heap after GC invocations=6 (full 1):
 PSYoungGen      total 71680K, used 0K [0x00000000e0000000, 0x00000000e9a00000, 0x0000000100000000)
  eden space 66560K, 0% used [0x00000000e0000000,0x00000000e0000000,0x00000000e4100000)
  from space 5120K, 0% used [0x00000000e4100000,0x00000000e4100000,0x00000000e4600000)
  to   space 12288K, 0% used [0x00000000e8e00000,0x00000000e8e00000,0x00000000e9a00000)
 ParOldGen       total 68096K, used 11374K [0x00000000a0000000, 0x00000000a4280000, 0x00000000e0000000)
  object space 68096K, 16% used [0x00000000a0000000,0x00000000a0b1b958,0x00000000a4280000)
 Metaspace       used 20658K, capacity 21162K, committed 21296K, reserved 1067008K
  class space    used 2956K, capacity 3123K, committed 3200K, reserved 1048576K
}
Event: 2.035 GC heap before
{Heap before GC invocations=7 (full 1):
 PSYoungGen      total 71680K, used 66560K [0x00000000e0000000, 0x00000000e9a00000, 0x0000000100000000)
  eden space 66560K, 100% used [0x00000000e0000000,0x00000000e4100000,0x00000000e4100000)
  from space 5120K, 0% used [0x00000000e4100000,0x00000000e4100000,0x00000000e4600000)
  to   space 12288K, 0% used [0x00000000e8e00000,0x00000000e8e00000,0x00000000e9a00000)
 ParOldGen       total 68096K, used 11374K [0x00000000a0000000, 0x00000000a4280000, 0x00000000e0000000)
  object space 68096K, 16% used [0x00000000a0000000,0x00000000a0b1b958,0x00000000a4280000)
 Metaspace       used 29028K, capacity 29572K, committed 29824K, reserved 1075200K
  class space    used 3925K, capacity 4102K, committed 4224K, reserved 1048576K
Event: 2.042 GC heap after
Heap after GC invocations=7 (full 1):
 PSYoungGen      total 107008K, used 8147K [0x00000000e0000000, 0x00000000e9600000, 0x0000000100000000)
  eden space 98816K, 0% used [0x00000000e0000000,0x00000000e0000000,0x00000000e6080000)
  from space 8192K, 99% used [0x00000000e8e00000,0x00000000e95f4e80,0x00000000e9600000)
  to   space 11776K, 0% used [0x00000000e7f00000,0x00000000e7f00000,0x00000000e8a80000)
 ParOldGen       total 68096K, used 11382K [0x00000000a0000000, 0x00000000a4280000, 0x00000000e0000000)
  object space 68096K, 16% used [0x00000000a0000000,0x00000000a0b1d958,0x00000000a4280000)
 Metaspace       used 29028K, capacity 29572K, committed 29824K, reserved 1075200K
  class space    used 3925K, capacity 4102K, committed 4224K, reserved 1048576K
}
Event: 2.580 GC heap before
{Heap before GC invocations=8 (full 1):
 PSYoungGen      total 107008K, used 106963K [0x00000000e0000000, 0x00000000e9600000, 0x0000000100000000)
  eden space 98816K, 100% used [0x00000000e0000000,0x00000000e6080000,0x00000000e6080000)
  from space 8192K, 99% used [0x00000000e8e00000,0x00000000e95f4e80,0x00000000e9600000)
  to   space 11776K, 0% used [0x00000000e7f00000,0x00000000e7f00000,0x00000000e8a80000)
 ParOldGen       total 68096K, used 11382K [0x00000000a0000000, 0x00000000a4280000, 0x00000000e0000000)
  object space 68096K, 16% used [0x00000000a0000000,0x00000000a0b1d958,0x00000000a4280000)
 Metaspace       used 33825K, capacity 34628K, committed 34944K, reserved 1079296K
  class space    used 4664K, capacity 4905K, committed 4992K, reserved 1048576K
Event: 2.587 GC heap after
Heap after GC invocations=8 (full 1):
 PSYoungGen      total 141824K, used 10875K [0x00000000e0000000, 0x00000000ea880000, 0x0000000100000000)
  eden space 130048K, 0% used [0x00000000e0000000,0x00000000e0000000,0x00000000e7f00000)
  from space 11776K, 92% used [0x00000000e7f00000,0x00000000e899edc0,0x00000000e8a80000)
  to   space 13312K, 0% used [0x00000000e9b80000,0x00000000e9b80000,0x00000000ea880000)
 ParOldGen       total 68096K, used 11390K [0x00000000a0000000, 0x00000000a4280000, 0x00000000e0000000)
  object space 68096K, 16% used [0x00000000a0000000,0x00000000a0b1f958,0x00000000a4280000)
 Metaspace       used 33825K, capacity 34628K, committed 34944K, reserved 1079296K
  class space    used 4664K, capacity 4905K, committed 4992K, reserved 1048576K
}
Event: 2.778 GC heap before
{Heap before GC invocations=9 (full 1):
 PSYoungGen      total 141824K, used 33285K [0x00000000e0000000, 0x00000000ea880000, 0x0000000100000000)
  eden space 130048K, 17% used [0x00000000e0000000,0x00000000e15e2818,0x00000000e7f00000)
  from space 11776K, 92% used [0x00000000e7f00000,0x00000000e899edc0,0x00000000e8a80000)
  to   space 13312K, 0% used [0x00000000e9b80000,0x00000000e9b80000,0x00000000ea880000)
 ParOldGen       total 68096K, used 11390K [0x00000000a0000000, 0x00000000a4280000, 0x00000000e0000000)
  object space 68096K, 16% used [0x00000000a0000000,0x00000000a0b1f958,0x00000000a4280000)
 Metaspace       used 34535K, capacity 35392K, committed 35496K, reserved 1079296K
  class space    used 4764K, capacity 5031K, committed 5120K, reserved 1048576K
Event: 2.785 GC heap after
Heap after GC invocations=9 (full 1):
 PSYoungGen      total 159232K, used 9258K [0x00000000e0000000, 0x00000000edf00000, 0x0000000100000000)
  eden space 145920K, 0% used [0x00000000e0000000,0x00000000e0000000,0x00000000e8e80000)
  from space 13312K, 69% used [0x00000000e9b80000,0x00000000ea48aaf0,0x00000000ea880000)
  to   space 13312K, 0% used [0x00000000e8e80000,0x00000000e8e80000,0x00000000e9b80000)
 ParOldGen       total 68096K, used 11390K [0x00000000a0000000, 0x00000000a4280000, 0x00000000e0000000)
  object space 68096K, 16% used [0x00000000a0000000,0x00000000a0b1f958,0x00000000a4280000)
 Metaspace       used 34535K, capacity 35392K, committed 35496K, reserved 1079296K
  class space    used 4764K, capacity 5031K, committed 5120K, reserved 1048576K
}
Event: 2.785 GC heap before
{Heap before GC invocations=10 (full 2):
 PSYoungGen      total 159232K, used 9258K [0x00000000e0000000, 0x00000000edf00000, 0x0000000100000000)
  eden space 145920K, 0% used [0x00000000e0000000,0x00000000e0000000,0x00000000e8e80000)
  from space 13312K, 69% used [0x00000000e9b80000,0x00000000ea48aaf0,0x00000000ea880000)
  to   space 13312K, 0% used [0x00000000e8e80000,0x00000000e8e80000,0x00000000e9b80000)
 ParOldGen       total 68096K, used 11390K [0x00000000a0000000, 0x00000000a4280000, 0x00000000e0000000)
  object space 68096K, 16% used [0x00000000a0000000,0x00000000a0b1f958,0x00000000a4280000)
 Metaspace       used 34535K, capacity 35392K, committed 35496K, reserved 1079296K
  class space    used 4764K, capacity 5031K, committed 5120K, reserved 1048576K
Event: 2.835 GC heap after
Heap after GC invocations=10 (full 2):
 PSYoungGen      total 159232K, used 0K [0x00000000e0000000, 0x00000000edf00000, 0x0000000100000000)
  eden space 145920K, 0% used [0x00000000e0000000,0x00000000e0000000,0x00000000e8e80000)
  from space 13312K, 0% used [0x00000000e9b80000,0x00000000e9b80000,0x00000000ea880000)
  to   space 13312K, 0% used [0x00000000e8e80000,0x00000000e8e80000,0x00000000e9b80000)
 ParOldGen       total 102400K, used 16537K [0x00000000a0000000, 0x00000000a6400000, 0x00000000e0000000)
  object space 102400K, 16% used [0x00000000a0000000,0x00000000a10265e0,0x00000000a6400000)
 Metaspace       used 34502K, capacity 35284K, committed 35496K, reserved 1079296K
  class space    used 4754K, capacity 5013K, committed 5120K, reserved 1048576K
}

Deoptimization events (10 events):
Event: 3.251 Thread 0x000000001a57d800 Uncommon trap: reason=unstable_if action=reinterpret pc=0x000000000376088c method=java.util.jar.Attributes$Name.isDigit(C)Z @ 3
Event: 3.255 Thread 0x000000001a57d800 Uncommon trap: reason=unstable_if action=reinterpret pc=0x0000000003ccd964 method=java.lang.ThreadLocal.get()Ljava/lang/Object; @ 11
Event: 3.261 Thread 0x000000001a57d800 Uncommon trap: reason=unstable_if action=reinterpret pc=0x0000000003b0fa24 method=java.util.HashMap.putVal(ILjava/lang/Object;Ljava/lang/Object;ZZ)Ljava/lang/Object; @ 236
Event: 3.274 Thread 0x000000001a57d800 Uncommon trap: reason=unstable_if action=reinterpret pc=0x00000000036b423c method=java.lang.CharacterDataLatin1.isWhitespace(I)Z @ 14
Event: 3.297 Thread 0x000000001a57d800 Uncommon trap: reason=unstable_if action=reinterpret pc=0x00000000036bd8f0 method=java.util.jar.JarFile.maybeInstantiateVerifier()V @ 4
Event: 3.297 Thread 0x000000001a57d800 Uncommon trap: reason=unstable_if action=reinterpret pc=0x0000000003cd05d4 method=java.util.jar.JarFile.maybeInstantiateVerifier()V @ 4
Event: 3.297 Thread 0x000000001a57d800 Uncommon trap: reason=unstable_if action=reinterpret pc=0x0000000003cbcef0 method=java.security.CodeSource.<init>(Ljava/net/URL;[Ljava/security/CodeSigner;)V @ 25
Event: 3.298 Thread 0x000000001a57d800 Uncommon trap: reason=unstable_if action=reinterpret pc=0x000000000373e7ec method=java.security.CodeSource.getCertificates()[Ljava/security/cert/Certificate; @ 22
Event: 3.299 Thread 0x000000001a57d800 Uncommon trap: reason=unstable_if action=reinterpret pc=0x0000000003ad690c method=java.util.jar.JarFile.maybeInstantiateVerifier()V @ 4
Event: 3.299 Thread 0x000000001a57d800 Uncommon trap: reason=unstable_if action=reinterpret pc=0x0000000003e2ac44 method=java.security.CodeSource.matchCerts(Ljava/security/CodeSource;Z)Z @ 11

Classes redefined (0 events):
No events

Internal exceptions (10 events):
Event: 2.849 Thread 0x000000001a57d800 Exception <a 'java/lang/ClassNotFoundException': org/gradle/api/internal/ConventionTaskCustomizer> (0x00000000e039ca60) thrown at [D:\src\AOSP-openjdk-cygwin\jdk8u\hotspot\src\share\vm\classfile\systemDictionary.cpp, line 210]
Event: 2.850 Thread 0x000000001a57d800 Exception <a 'java/lang/ClassNotFoundException': org/gradle/api/tasks/DeleteCustomizer> (0x00000000e03d8400) thrown at [D:\src\AOSP-openjdk-cygwin\jdk8u\hotspot\src\share\vm\classfile\systemDictionary.cpp, line 210]
Event: 2.851 Thread 0x000000001a57d800 Exception <a 'java/lang/ClassNotFoundException': org/gradle/api/tasks/Delete_DecoratedCustomizer> (0x00000000e0420d80) thrown at [D:\src\AOSP-openjdk-cygwin\jdk8u\hotspot\src\share\vm\classfile\systemDictionary.cpp, line 210]
Event: 2.868 Thread 0x000000001a57d800 Exception <a 'java/lang/ClassNotFoundException': build_3ol4axenih80sov6gf7cc6esiBeanInfo> (0x00000000e051a0e8) thrown at [D:\src\AOSP-openjdk-cygwin\jdk8u\hotspot\src\share\vm\classfile\systemDictionary.cpp, line 210]
Event: 2.868 Thread 0x000000001a57d800 Exception <a 'java/lang/ClassNotFoundException': build_3ol4axenih80sov6gf7cc6esiCustomizer> (0x00000000e0525d78) thrown at [D:\src\AOSP-openjdk-cygwin\jdk8u\hotspot\src\share\vm\classfile\systemDictionary.cpp, line 210]
Event: 2.870 Thread 0x000000001a57d800 Exception <a 'java/lang/ClassNotFoundException': org/gradle/api/internal/plugins/DefaultObjectConfigurationActionBeanInfo> (0x00000000e05b05e8) thrown at [D:\src\AOSP-openjdk-cygwin\jdk8u\hotspot\src\share\vm\classfile\systemDictionary.cpp, line 210]
Event: 2.871 Thread 0x000000001a57d800 Exception <a 'java/lang/ClassNotFoundException': org/gradle/api/internal/plugins/DefaultObjectConfigurationActionCustomizer> (0x00000000e05ed788) thrown at [D:\src\AOSP-openjdk-cygwin\jdk8u\hotspot\src\share\vm\classfile\systemDictionary.cpp, line 210]
Event: 2.978 Thread 0x000000001a57d800 Implicit null exception at 0x0000000003d00edf to 0x0000000003d0272d
Event: 2.978 Thread 0x000000001a57d800 Implicit null exception at 0x0000000003b761d5 to 0x0000000003b764bd
Event: 3.255 Thread 0x000000001a57d800 Implicit null exception at 0x0000000003ccd428 to 0x0000000003ccd94d

Events (10 events):
Event: 3.299 Thread 0x000000001a57d800 Uncommon trap: trap_request=0xffffff65 fr.pc=0x0000000003ad690c
Event: 3.299 Thread 0x000000001a57d800 DEOPT PACKING pc=0x0000000003ad690c sp=0x000000001d145390
Event: 3.299 Thread 0x000000001a57d800 DEOPT UNPACKING pc=0x000000000325557b sp=0x000000001d1451c8 mode 2
Event: 3.299 Thread 0x000000001a57d800 DEOPT PACKING pc=0x0000000003e560ee sp=0x000000001d144c60
Event: 3.299 Thread 0x000000001a57d800 DEOPT UNPACKING pc=0x00000000032575d0 sp=0x000000001d1449a0 mode 0
Event: 3.299 Thread 0x000000001a57d800 Uncommon trap: trap_request=0xffffff65 fr.pc=0x0000000003e2ac44
Event: 3.299 Thread 0x000000001a57d800 DEOPT PACKING pc=0x0000000003e2ac44 sp=0x000000001d145290
Event: 3.299 Thread 0x000000001a57d800 DEOPT UNPACKING pc=0x000000000325557b sp=0x000000001d145040 mode 2
Event: 3.299 loading class org/bouncycastle/jce/provider/BouncyCastleProvider
Event: 3.299 loading class org/bouncycastle/jce/provider/BouncyCastleProvider done


Dynamic libraries:
0x00007ff61dc60000 - 0x00007ff61dc91000 	D:\Program Files\Android Studio\jre\bin\java.exe
0x00007ff83cf10000 - 0x00007ff83d0e1000 	C:\Windows\SYSTEM32\ntdll.dll
0x00007ff83ab10000 - 0x00007ff83abbb000 	C:\Windows\System32\KERNEL32.DLL
0x00007ff839740000 - 0x00007ff83995d000 	C:\Windows\System32\KERNELBASE.dll
0x00007ff83a540000 - 0x00007ff83a5e2000 	C:\Windows\System32\ADVAPI32.dll
0x00007ff83a4a0000 - 0x00007ff83a53e000 	C:\Windows\System32\msvcrt.dll
0x00007ff83c480000 - 0x00007ff83c4d9000 	C:\Windows\System32\sechost.dll
0x00007ff83c350000 - 0x00007ff83c471000 	C:\Windows\System32\RPCRT4.dll
0x00007ff83cca0000 - 0x00007ff83ce05000 	C:\Windows\System32\USER32.dll
0x00007ff839560000 - 0x00007ff83957e000 	C:\Windows\System32\win32u.dll
0x00007ff83a760000 - 0x00007ff83a794000 	C:\Windows\System32\GDI32.dll
0x00007ff839c30000 - 0x00007ff839db2000 	C:\Windows\System32\gdi32full.dll
0x00007ff833910000 - 0x00007ff833b8a000 	C:\Windows\WinSxS\amd64_microsoft.windows.common-controls_6595b64144ccf1df_6.0.14393.726_none_42181c01c683592f\COMCTL32.dll
0x00007ff83c5a0000 - 0x00007ff83c868000 	C:\Windows\System32\combase.dll
0x00007ff839400000 - 0x00007ff8394f5000 	C:\Windows\System32\ucrtbase.dll
0x00007ff839580000 - 0x00007ff8395ea000 	C:\Windows\System32\bcryptPrimitives.dll
0x00007ff83c550000 - 0x00007ff83c57e000 	C:\Windows\System32\IMM32.DLL
0x0000000075b80000 - 0x0000000075c52000 	D:\Program Files\Android Studio\jre\jre\bin\msvcr100.dll
0x0000000075f00000 - 0x0000000076746000 	D:\Program Files\Android Studio\jre\jre\bin\server\jvm.dll
0x00007ff83ad60000 - 0x00007ff83ad68000 	C:\Windows\System32\PSAPI.DLL
0x00007ff833b90000 - 0x00007ff833b99000 	C:\Windows\SYSTEM32\WSOCK32.dll
0x00007ff8376f0000 - 0x00007ff837713000 	C:\Windows\SYSTEM32\WINMM.dll
0x00007ff835540000 - 0x00007ff83554a000 	C:\Windows\SYSTEM32\VERSION.dll
0x00007ff83aa40000 - 0x00007ff83aaaa000 	C:\Windows\System32\WS2_32.dll
0x0000000001400000 - 0x000000000142b000 	C:\Windows\SYSTEM32\WINMMBASE.dll
0x00007ff839be0000 - 0x00007ff839c22000 	C:\Windows\System32\cfgmgr32.dll
0x00007ff833290000 - 0x00007ff83329f000 	D:\Program Files\Android Studio\jre\jre\bin\verify.dll
0x00007ff82d5c0000 - 0x00007ff82d5e9000 	D:\Program Files\Android Studio\jre\jre\bin\java.dll
0x00007ff82fb90000 - 0x00007ff82fba6000 	D:\Program Files\Android Studio\jre\jre\bin\zip.dll
0x00007ff83ae40000 - 0x00007ff83c349000 	C:\Windows\System32\SHELL32.dll
0x00007ff839dc0000 - 0x00007ff83a49a000 	C:\Windows\System32\windows.storage.dll
0x00007ff8393a0000 - 0x00007ff8393ec000 	C:\Windows\System32\powrprof.dll
0x00007ff83a700000 - 0x00007ff83a752000 	C:\Windows\System32\shlwapi.dll
0x00007ff8393f0000 - 0x00007ff8393ff000 	C:\Windows\System32\kernel.appcore.dll
0x00007ff839960000 - 0x00007ff839a09000 	C:\Windows\System32\shcore.dll
0x00007ff839370000 - 0x00007ff839384000 	C:\Windows\System32\profapi.dll
0x00007ff82d5a0000 - 0x00007ff82d5ba000 	D:\Program Files\Android Studio\jre\jre\bin\net.dll
0x00007ff838c10000 - 0x00007ff838c6c000 	C:\Windows\system32\mswsock.dll
0x00007ff82d580000 - 0x00007ff82d591000 	D:\Program Files\Android Studio\jre\jre\bin\nio.dll
0x00007ff824e40000 - 0x00007ff824e66000 	C:\Users\Administrator\.gradle\native\29\windows-amd64\native-platform.dll
0x00007ff832c00000 - 0x00007ff832c0d000 	D:\Program Files\Android Studio\jre\jre\bin\management.dll
0x00007ff838db0000 - 0x00007ff838dc7000 	C:\Windows\SYSTEM32\CRYPTSP.dll
0x00007ff838820000 - 0x00007ff838853000 	C:\Windows\system32\rsaenh.dll
0x00007ff8392b0000 - 0x00007ff8392db000 	C:\Windows\SYSTEM32\bcrypt.dll
0x00007ff838a90000 - 0x00007ff838aaf000 	C:\Windows\SYSTEM32\USERENV.dll
0x00007ff838dd0000 - 0x00007ff838ddb000 	C:\Windows\SYSTEM32\CRYPTBASE.dll
0x00007ff8389a0000 - 0x00007ff8389d8000 	C:\Windows\SYSTEM32\IPHLPAPI.DLL
0x00007ff83a5f0000 - 0x00007ff83a5f8000 	C:\Windows\System32\NSI.dll
0x00007ff831f10000 - 0x00007ff831f26000 	C:\Windows\SYSTEM32\dhcpcsvc6.DLL
0x00007ff831e70000 - 0x00007ff831e8a000 	C:\Windows\SYSTEM32\dhcpcsvc.DLL

VM Arguments:
jvm_args: -Xmx1536m -Dfile.encoding=GBK -Duser.country=CN -Duser.language=zh -Duser.variant 
java_command: org.gradle.launcher.daemon.bootstrap.GradleDaemon 5.4.1
java_class_path (initial): C:\Users\Administrator\.gradle\wrapper\dists\gradle-5.4.1-all\3221gyojl5jsh0helicew7rwx\gradle-5.4.1\lib\gradle-launcher-5.4.1.jar
Launcher Type: SUN_STANDARD

Environment Variables:
JAVA_HOME=D:\Program Files\Java\jdk1.8.0_111
CLASSPATH=.;D:\Program Files\Java\jdk1.8.0_111\lib;D:\Program Files\Java\jdk1.8.0_111\lib\tools.jar
PATH=C:\Windows\system32;C:\Windows;C:\Windows\System32\Wbem;C:\Windows\System32\WindowsPowerShell\v1.0\;C:\Program Files (x86)\NVIDIA Corporation\PhysX\Common;%ANDROID_SDK_HOME%\platform-tools;%ANDROID_SDK_HOME%\tools;D:\Program Files\Java\jdk1.8.0_111\bin;D:\Program Files\Java\jdk1.8.0_111\jre\bin;D:\Program Files\Git\bin;D:\Program Files (x86)\cmake-3.10.0-rc1-win64-x64\bin;C:\Program Files (x86)\Windows Kits\8.1\Windows Performance Toolkit\;C:\Program Files\Microsoft SQL Server\110\Tools\Binn\;C:\Program Files (x86)\Microsoft SDKs\TypeScript\1.0\;C:\Users\Administrator\AppData\Local\Microsoft\WindowsApps;C:\Program Files\Bandizip\
USERNAME=Administrator
OS=Windows_NT
PROCESSOR_IDENTIFIER=Intel64 Family 6 Model 158 Stepping 9, GenuineIntel



---------------  S Y S T E M  ---------------

OS: Windows 10.0 , 64 bit Build 14393 (10.0.14393.0)

CPU:total 8 (initial active 8) (4 cores per cpu, 2 threads per core) family 6 model 158 stepping 9, cmov, cx8, fxsr, mmx, sse, sse2, sse3, ssse3, sse4.1, sse4.2, popcnt, avx, avx2, aes, clmul, erms, rtm, 3dnowpref, lzcnt, ht, tsc, tscinvbit, bmi1, bmi2, adx

Memory: 4k page, physical 8337920k(449240k free), swap 22990332k(1884k free)

vm_info: OpenJDK 64-Bit Server VM (25.202-b03) for windows-amd64 JRE (1.8.0_202-release-1483-b03), built by "builder" with MS VC++ 10.0 (VS2010)

time: Thu Dec 05 11:09:14 2019
timezone: 中国标准时间
elapsed time: 3 seconds (0d 0h 0m 3s)

