#
# There is insufficient memory for the Java Runtime Environment to continue.
# Native memory allocation (malloc) failed to allocate 1871856 bytes for Chunk::new
# Possible reasons:
#   The system is out of physical RAM or swap space
#   The process is running with CompressedOops enabled, and the Java Heap may be blocking the growth of the native heap
# Possible solutions:
#   Reduce memory load on the system
#   Increase physical memory or swap space
#   Check if swap backing store is full
#   Decrease Java heap size (-Xmx/-Xms)
#   Decrease number of Java threads
#   Decrease Java thread stack sizes (-Xss)
#   Set larger code cache with -XX:ReservedCodeCacheSize=
#   JVM is running with Unscaled Compressed Oops mode in which the Java heap is
#     placed in the first 4GB address space. The Java Heap base address is the
#     maximum limit for the native heap growth. Please use -XX:HeapBaseMinAddress
#     to set the Java Heap base and to place the Java Heap above 4GB virtual address.
# This output file may be truncated or incomplete.
#
#  Out of Memory Error (allocation.cpp:389), pid=360624, tid=0x000000000005837c
#
# JRE version: OpenJDK Runtime Environment (8.0_202-b03) (build 1.8.0_202-release-1483-b03)
# Java VM: OpenJDK 64-Bit Server VM (25.202-b03 mixed mode windows-amd64 compressed oops)
# Failed to write core dump. Minidumps are not enabled by default on client versions of Windows
#

---------------  T H R E A D  ---------------

Current thread (0x0000000018954000):  JavaThread "C2 CompilerThread2" daemon [_thread_in_native, id=361340, stack(0x00000000192c0000,0x00000000193c0000)]

Stack: [0x00000000192c0000,0x00000000193c0000]
[error occurred during error reporting (printing stack bounds), id 0xc0000005]

Native frames: (J=compiled Java code, j=interpreted, Vv=VM code, C=native code)


Current CompileTask:
C2:  65432 15457       4       com.sun.tools.javac.code.Symbol$MethodSymbol::implementation (57 bytes)


---------------  P R O C E S S  ---------------

Java Threads: ( => current thread )
  0x000000001ffb2000 JavaThread "Cache worker for Java compile cache (D:\project\GtProject\Cashier\.gradle\5.4.1\javaCompile)" [_thread_blocked, id=360880, stack(0x000000002b480000,0x000000002b580000)]
  0x000000001ffb1000 JavaThread "Cache worker for Java compile cache (C:\Users\Administrator\.gradle\caches\5.4.1\javaCompile)" [_thread_blocked, id=356056, stack(0x000000002b380000,0x000000002b480000)]
  0x000000001ffaf800 JavaThread "stdout" [_thread_in_native, id=361456, stack(0x000000002a2b0000,0x000000002a3b0000)]
  0x000000001ffaf000 JavaThread "stderr" [_thread_in_native, id=357448, stack(0x000000002a1b0000,0x000000002a2b0000)]
  0x000000001ffac000 JavaThread "stdout" [_thread_in_native, id=359808, stack(0x000000002a0b0000,0x000000002a1b0000)]
  0x000000001ffb2800 JavaThread "stderr" [_thread_in_native, id=360864, stack(0x0000000029fb0000,0x000000002a0b0000)]
  0x000000001ffae000 JavaThread "stdout" [_thread_in_native, id=361328, stack(0x0000000029eb0000,0x0000000029fb0000)]
  0x000000001ffa7800 JavaThread "stderr" [_thread_in_native, id=179944, stack(0x0000000029db0000,0x0000000029eb0000)]
  0x000000001ffab000 JavaThread "stdout" [_thread_in_native, id=183596, stack(0x0000000029cb0000,0x0000000029db0000)]
  0x000000001ffaa800 JavaThread "stderr" [_thread_in_native, id=357828, stack(0x0000000029bb0000,0x0000000029cb0000)]
  0x000000001ffa6800 JavaThread "stdout" [_thread_in_native, id=360112, stack(0x0000000029ab0000,0x0000000029bb0000)]
  0x000000001ffac800 JavaThread "stderr" [_thread_in_native, id=356772, stack(0x00000000299b0000,0x0000000029ab0000)]
  0x000000001ffa9000 JavaThread "stdout" [_thread_in_native, id=360660, stack(0x00000000298b0000,0x00000000299b0000)]
  0x000000001ffa9800 JavaThread "stderr" [_thread_in_native, id=360456, stack(0x00000000297b0000,0x00000000298b0000)]
  0x000000001ffad800 JavaThread "stdout" [_thread_in_native, id=360856, stack(0x00000000296b0000,0x00000000297b0000)]
  0x000000001ffa8000 JavaThread "stderr" [_thread_in_native, id=360996, stack(0x00000000295b0000,0x00000000296b0000)]
  0x000000001ffa6000 JavaThread "stdout" [_thread_in_native, id=360976, stack(0x00000000294b0000,0x00000000295b0000)]
  0x000000001ecc6000 JavaThread "stderr" [_thread_in_native, id=361248, stack(0x00000000293b0000,0x00000000294b0000)]
  0x0000000019933000 JavaThread "WorkerExecutor Queue Thread 8" [_thread_blocked, id=361384, stack(0x00000000292b0000,0x00000000293b0000)]
  0x0000000019931800 JavaThread "pool-4-thread-1" [_thread_blocked, id=361204, stack(0x00000000291b0000,0x00000000292b0000)]
  0x0000000019935800 JavaThread "WorkerExecutor Queue Thread 7" [_thread_blocked, id=360800, stack(0x00000000290b0000,0x00000000291b0000)]
  0x000000001be15000 JavaThread "WorkerExecutor Queue Thread 6" [_thread_blocked, id=361264, stack(0x0000000028fb0000,0x00000000290b0000)]
  0x000000001be13000 JavaThread "WorkerExecutor Queue Thread 4" [_thread_blocked, id=355000, stack(0x0000000028db0000,0x0000000028eb0000)]
  0x000000001be12000 JavaThread "WorkerExecutor Queue Thread 3" [_thread_blocked, id=359788, stack(0x0000000028cb0000,0x0000000028db0000)]
  0x000000001be11800 JavaThread "WorkerExecutor Queue Thread 2" [_thread_blocked, id=288104, stack(0x0000000028bb0000,0x0000000028cb0000)]
  0x000000001be09800 JavaThread "WorkerExecutor Queue" [_thread_blocked, id=360592, stack(0x0000000028ab0000,0x0000000028bb0000)]
  0x000000001be10000 JavaThread "Cache worker for execution history cache (D:\project\GtProject\Cashier\.gradle\5.4.1\executionHistory)" [_thread_blocked, id=360680, stack(0x00000000289b0000,0x0000000028ab0000)]
  0x000000001be0b800 JavaThread "Execution worker for ':' Thread 7" [_thread_blocked, id=360644, stack(0x00000000288b0000,0x00000000289b0000)]
  0x000000001be0c000 JavaThread "Execution worker for ':' Thread 6" [_thread_in_Java, id=360884, stack(0x00000000287b0000,0x00000000288b0000)]
  0x000000001be0f000 JavaThread "Execution worker for ':' Thread 5" [_thread_blocked, id=360552, stack(0x00000000286b0000,0x00000000287b0000)]
  0x000000001be07800 JavaThread "Execution worker for ':' Thread 4" [_thread_blocked, id=359212, stack(0x00000000285b0000,0x00000000286b0000)]
  0x000000001be0e800 JavaThread "Execution worker for ':' Thread 3" [_thread_blocked, id=357000, stack(0x00000000284b0000,0x00000000285b0000)]
  0x000000001be0a800 JavaThread "Execution worker for ':' Thread 2" [_thread_blocked, id=360588, stack(0x00000000283b0000,0x00000000284b0000)]
  0x000000001be0d000 JavaThread "Execution worker for ':'" [_thread_blocked, id=359688, stack(0x00000000282b0000,0x00000000283b0000)]
  0x000000001ecd0000 JavaThread "Cache worker for file content cache (D:\project\GtProject\Cashier\.gradle\5.4.1\fileContent)" [_thread_blocked, id=353240, stack(0x00000000281b0000,0x00000000282b0000)]
  0x000000001ecd0800 JavaThread "Cache worker for file content cache (C:\Users\Administrator\.gradle\caches\5.4.1\fileContent)" [_thread_blocked, id=361396, stack(0x00000000280b0000,0x00000000281b0000)]
  0x000000001eccd000 JavaThread "Cache worker for Build Output Cleanup Cache (D:\project\GtProject\Cashier\.gradle\buildOutputCleanup)" [_thread_blocked, id=175180, stack(0x0000000027fb0000,0x00000000280b0000)]
  0x000000001ecd1800 JavaThread "Build operations Thread 8" [_thread_blocked, id=357124, stack(0x0000000027eb0000,0x0000000027fb0000)]
  0x000000001eccf000 JavaThread "Build operations Thread 7" [_thread_blocked, id=360180, stack(0x0000000027db0000,0x0000000027eb0000)]
  0x000000001eccc000 JavaThread "Build operations Thread 6" [_thread_blocked, id=360520, stack(0x0000000027cb0000,0x0000000027db0000)]
  0x000000001eccb000 JavaThread "Build operations Thread 5" [_thread_blocked, id=360344, stack(0x0000000027bb0000,0x0000000027cb0000)]
  0x000000001ecce800 JavaThread "Build operations Thread 4" [_thread_blocked, id=359932, stack(0x0000000027ab0000,0x0000000027bb0000)]
  0x000000001eccd800 JavaThread "Build operations Thread 3" [_thread_blocked, id=357004, stack(0x00000000279b0000,0x0000000027ab0000)]
  0x000000001ecc3800 JavaThread "Build operations Thread 2" [_thread_blocked, id=360460, stack(0x00000000278b0000,0x00000000279b0000)]
  0x000000001ecca800 JavaThread "Build operations" [_thread_blocked, id=356544, stack(0x00000000277b0000,0x00000000278b0000)]
  0x000000001ecc9000 JavaThread "Cache worker for cache directory md-rule (C:\Users\Administrator\.gradle\caches\5.4.1\md-rule)" [_thread_blocked, id=360576, stack(0x00000000276b0000,0x00000000277b0000)]
  0x000000001ecc3000 JavaThread "Cache worker for cache directory md-supplier (C:\Users\Administrator\.gradle\caches\5.4.1\md-supplier)" [_thread_blocked, id=183540, stack(0x00000000275b0000,0x00000000276b0000)]
  0x000000001ecc7800 JavaThread "Cache worker for file hash cache (D:\project\GtProject\Cashier\.gradle\5.4.1\fileHashes)" [_thread_blocked, id=360808, stack(0x00000000274b0000,0x00000000275b0000)]
  0x000000001ecc2000 JavaThread "Thread-38" [_thread_blocked, id=361432, stack(0x00000000273b0000,0x00000000274b0000)]
  0x000000001ecc5000 JavaThread "Stdin handler" [_thread_blocked, id=355776, stack(0x00000000272b0000,0x00000000273b0000)]
  0x000000001ecc6800 JavaThread "Asynchronous log dispatcher for DefaultDaemonConnection: socket connection from /127.0.0.1:54896 to /127.0.0.1:54921" [_thread_blocked, id=355604, stack(0x00000000271b0000,0x00000000272b0000)]
  0x000000001ecc4800 JavaThread "Cancel handler" [_thread_blocked, id=361152, stack(0x00000000270b0000,0x00000000271b0000)]
  0x000000001ecc8000 JavaThread "Handler for socket connection from /127.0.0.1:54896 to /127.0.0.1:54921" [_thread_in_native, id=355028, stack(0x0000000026fb0000,0x00000000270b0000)]
  0x000000001be13800 JavaThread "Memory manager" [_thread_blocked, id=287956, stack(0x00000000255a0000,0x00000000256a0000)]
  0x0000000019933800 JavaThread "Cache worker for execution history cache (C:\Users\Administrator\.gradle\caches\5.4.1\executionHistory)" [_thread_blocked, id=360912, stack(0x00000000214b0000,0x00000000215b0000)]
  0x0000000019930800 JavaThread "Cache worker for journal cache (C:\Users\Administrator\.gradle\caches\journal-1)" [_thread_blocked, id=350544, stack(0x000000001d4b0000,0x000000001d5b0000)]
  0x000000001ae35800 JavaThread "File lock request listener" [_thread_in_native, id=361168, stack(0x000000001d3b0000,0x000000001d4b0000)]
  0x000000001ae34800 JavaThread "Cache worker for file hash cache (C:\Users\Administrator\.gradle\caches\5.4.1\fileHashes)" [_thread_blocked, id=360708, stack(0x000000001d0b0000,0x000000001d1b0000)]
  0x000000001a7a3000 JavaThread "Daemon worker" [_thread_blocked, id=179344, stack(0x000000001cbb0000,0x000000001ccb0000)]
  0x0000000019ef2000 JavaThread "Daemon" [_thread_blocked, id=361300, stack(0x000000001c6b0000,0x000000001c7b0000)]
  0x000000001a124800 JavaThread "Daemon periodic checks" [_thread_blocked, id=361096, stack(0x000000001c5b0000,0x000000001c6b0000)]
  0x000000001994b000 JavaThread "Incoming local TCP Connector on port 54896" [_thread_in_native, id=360536, stack(0x000000001c1a0000,0x000000001c2a0000)]
  0x000000001b286800 JavaThread "Daemon health stats" [_thread_blocked, id=360992, stack(0x000000001bea0000,0x000000001bfa0000)]
  0x00000000189f9000 JavaThread "Service Thread" daemon [_thread_blocked, id=359656, stack(0x00000000194c0000,0x00000000195c0000)]
  0x0000000018964000 JavaThread "C1 CompilerThread3" daemon [_thread_blocked, id=361224, stack(0x00000000193c0000,0x00000000194c0000)]
=>0x0000000018954000 JavaThread "C2 CompilerThread2" daemon [_thread_in_native, id=361340, stack(0x00000000192c0000,0x00000000193c0000)]
  0x0000000018953800 JavaThread "C2 CompilerThread1" daemon [_thread_in_native, id=360476, stack(0x00000000191c0000,0x00000000192c0000)]
  0x000000001894d800 JavaThread "C2 CompilerThread0" daemon [_thread_in_native, id=356868, stack(0x00000000190c0000,0x00000000191c0000)]
  0x00000000188f9000 JavaThread "Attach Listener" daemon [_thread_blocked, id=360656, stack(0x0000000018fc0000,0x00000000190c0000)]
  0x00000000188f8000 JavaThread "Signal Dispatcher" daemon [_thread_blocked, id=350720, stack(0x0000000018ec0000,0x0000000018fc0000)]
  0x00000000188e0800 JavaThread "Finalizer" daemon [_thread_blocked, id=360696, stack(0x0000000018dc0000,0x0000000018ec0000)]
  0x0000000016aec800 JavaThread "Reference Handler" daemon [_thread_blocked, id=360752, stack(0x0000000018cc0000,0x0000000018dc0000)]
  0x0000000002b2e800 JavaThread "main" [_thread_blocked, id=361308, stack(0x0000000002b30000,0x0000000002c30000)]

Other Threads:
  0x0000000016ae8000 VMThread [stack: 0x00000000187c0000,0x00000000188c0000] [id=361404]
  0x00000000189f9800 WatcherThread [stack: 0x00000000195c0000,0x00000000196c0000] [id=359900]

VM state:not at safepoint (normal execution)

VM Mutex/Monitor currently owned by a thread: None

heap address: 0x00000000a0000000, size: 1536 MB, Compressed Oops mode: 32-bit
Narrow klass base: 0x0000000000000000, Narrow klass shift: 3
Compressed class space size: 1073741824 Address: 0x0000000100000000

Heap:
 PSYoungGen      total 261120K, used 91434K [0x00000000e0000000, 0x00000000f4380000, 0x0000000100000000)
  eden space 212992K, 42% used [0x00000000e0000000,0x00000000e594a890,0x00000000ed000000)
  from space 48128K, 0% used [0x00000000f1480000,0x00000000f1480000,0x00000000f4380000)
  to   space 32256K, 0% used [0x00000000ed000000,0x00000000ed000000,0x00000000eef80000)
 ParOldGen       total 143360K, used 143212K [0x00000000a0000000, 0x00000000a8c00000, 0x00000000e0000000)
  object space 143360K, 99% used [0x00000000a0000000,0x00000000a8bdb398,0x00000000a8c00000)
 Metaspace       used 81279K, capacity 84340K, committed 85160K, reserved 1124352K
  class space    used 10352K, capacity 11041K, committed 11176K, reserved 1048576K

Card table byte_map: [0x00000000120f0000,0x0000000012400000] byte_map_base: 0x0000000011bf0000

Marking Bits: (ParMarkBitMap*) 0x00000000766c9f30
 Begin Bits: [0x0000000012e00000, 0x0000000014600000)
 End Bits:   [0x0000000014600000, 0x0000000015e00000)

Polling page: 0x0000000000a20000

CodeCache: size=245760Kb used=47013Kb max_used=47013Kb free=198746Kb
 bounds [0x0000000002d30000, 0x0000000005b60000, 0x0000000011d30000]
 total_blobs=13792 nmethods=12949 adapters=754
 compilation: enabled

Compilation events (10 events):
Event: 65.410 Thread 0x0000000018964000 15775       1       com.sun.tools.javac.tree.JCTree$JCAssignOp::getTag (5 bytes)
Event: 65.410 Thread 0x0000000018964000 nmethod 15775 0x0000000005b4e650 code [0x0000000005b4e7a0, 0x0000000005b4e8b0]
Event: 65.412 Thread 0x0000000018964000 15776       2       com.sun.tools.javac.jvm.Code::put4 (40 bytes)
Event: 65.413 Thread 0x0000000018964000 nmethod 15776 0x0000000005b4e910 code [0x0000000005b4ea80, 0x0000000005b4ec70]
Event: 65.416 Thread 0x0000000018964000 15777       2       com.sun.tools.javac.code.Types::glb (58 bytes)
Event: 65.417 Thread 0x0000000018964000 nmethod 15777 0x0000000005b4ee10 code [0x0000000005b4efc0, 0x0000000005b4f378]
Event: 65.417 Thread 0x0000000018964000 15778       2       com.sun.tools.javac.comp.DeferredAttr$RecoveryDeferredTypeMap::apply (6 bytes)
Event: 65.417 Thread 0x0000000018964000 nmethod 15778 0x0000000005b4f5d0 code [0x0000000005b4f760, 0x0000000005b4f9a8]
Event: 65.418 Thread 0x0000000018964000 15780       2       com.sun.tools.javac.comp.DeferredAttr$OverloadStuckPolicy::isStuck (20 bytes)
Event: 65.418 Thread 0x0000000018964000 nmethod 15780 0x0000000005b4fb50 code [0x0000000005b4fcc0, 0x0000000005b4fe88]

GC Heap History (10 events):
Event: 52.065 GC heap before
{Heap before GC invocations=19 (full 3):
 PSYoungGen      total 209920K, used 209911K [0x00000000e0000000, 0x00000000f0c00000, 0x0000000100000000)
  eden space 188416K, 100% used [0x00000000e0000000,0x00000000eb800000,0x00000000eb800000)
  from space 21504K, 99% used [0x00000000eb800000,0x00000000eccfdfe0,0x00000000ecd00000)
  to   space 29184K, 0% used [0x00000000eef80000,0x00000000eef80000,0x00000000f0c00000)
 ParOldGen       total 143360K, used 47941K [0x00000000a0000000, 0x00000000a8c00000, 0x00000000e0000000)
  object space 143360K, 33% used [0x00000000a0000000,0x00000000a2ed1650,0x00000000a8c00000)
 Metaspace       used 72889K, capacity 76324K, committed 76456K, reserved 1116160K
  class space    used 9564K, capacity 10291K, committed 10408K, reserved 1048576K
Event: 52.086 GC heap after
Heap after GC invocations=19 (full 3):
 PSYoungGen      total 242176K, used 25451K [0x00000000e0000000, 0x00000000f0f80000, 0x0000000100000000)
  eden space 212992K, 0% used [0x00000000e0000000,0x00000000e0000000,0x00000000ed000000)
  from space 29184K, 87% used [0x00000000eef80000,0x00000000f085af70,0x00000000f0c00000)
  to   space 32256K, 0% used [0x00000000ed000000,0x00000000ed000000,0x00000000eef80000)
 ParOldGen       total 143360K, used 54605K [0x00000000a0000000, 0x00000000a8c00000, 0x00000000e0000000)
  object space 143360K, 38% used [0x00000000a0000000,0x00000000a3553728,0x00000000a8c00000)
 Metaspace       used 72889K, capacity 76324K, committed 76456K, reserved 1116160K
  class space    used 9564K, capacity 10291K, committed 10408K, reserved 1048576K
}
Event: 54.342 GC heap before
{Heap before GC invocations=20 (full 3):
 PSYoungGen      total 242176K, used 238443K [0x00000000e0000000, 0x00000000f0f80000, 0x0000000100000000)
  eden space 212992K, 100% used [0x00000000e0000000,0x00000000ed000000,0x00000000ed000000)
  from space 29184K, 87% used [0x00000000eef80000,0x00000000f085af70,0x00000000f0c00000)
  to   space 32256K, 0% used [0x00000000ed000000,0x00000000ed000000,0x00000000eef80000)
 ParOldGen       total 143360K, used 54605K [0x00000000a0000000, 0x00000000a8c00000, 0x00000000e0000000)
  object space 143360K, 38% used [0x00000000a0000000,0x00000000a3553728,0x00000000a8c00000)
 Metaspace       used 77903K, capacity 81338K, committed 81576K, reserved 1120256K
  class space    used 10170K, capacity 10880K, committed 10920K, reserved 1048576K
Event: 54.388 GC heap after
Heap after GC invocations=20 (full 3):
 PSYoungGen      total 245248K, used 32234K [0x00000000e0000000, 0x00000000f4380000, 0x0000000100000000)
  eden space 212992K, 0% used [0x00000000e0000000,0x00000000e0000000,0x00000000ed000000)
  from space 32256K, 99% used [0x00000000ed000000,0x00000000eef7a9d0,0x00000000eef80000)
  to   space 48128K, 0% used [0x00000000f1480000,0x00000000f1480000,0x00000000f4380000)
 ParOldGen       total 143360K, used 83576K [0x00000000a0000000, 0x00000000a8c00000, 0x00000000e0000000)
  object space 143360K, 58% used [0x00000000a0000000,0x00000000a519e320,0x00000000a8c00000)
 Metaspace       used 77903K, capacity 81338K, committed 81576K, reserved 1120256K
  class space    used 10170K, capacity 10880K, committed 10920K, reserved 1048576K
}
Event: 55.703 GC heap before
{Heap before GC invocations=21 (full 3):
 PSYoungGen      total 245248K, used 245226K [0x00000000e0000000, 0x00000000f4380000, 0x0000000100000000)
  eden space 212992K, 100% used [0x00000000e0000000,0x00000000ed000000,0x00000000ed000000)
  from space 32256K, 99% used [0x00000000ed000000,0x00000000eef7a9d0,0x00000000eef80000)
  to   space 48128K, 0% used [0x00000000f1480000,0x00000000f1480000,0x00000000f4380000)
 ParOldGen       total 143360K, used 83576K [0x00000000a0000000, 0x00000000a8c00000, 0x00000000e0000000)
  object space 143360K, 58% used [0x00000000a0000000,0x00000000a519e320,0x00000000a8c00000)
 Metaspace       used 79850K, capacity 83296K, committed 83496K, reserved 1122304K
  class space    used 10313K, capacity 11041K, committed 11048K, reserved 1048576K
Event: 55.757 GC heap after
Heap after GC invocations=21 (full 3):
 PSYoungGen      total 261120K, used 48112K [0x00000000e0000000, 0x00000000f4380000, 0x0000000100000000)
  eden space 212992K, 0% used [0x00000000e0000000,0x00000000e0000000,0x00000000ed000000)
  from space 48128K, 99% used [0x00000000f1480000,0x00000000f437c0d0,0x00000000f4380000)
  to   space 32256K, 0% used [0x00000000ed000000,0x00000000ed000000,0x00000000eef80000)
 ParOldGen       total 143360K, used 127594K [0x00000000a0000000, 0x00000000a8c00000, 0x00000000e0000000)
  object space 143360K, 89% used [0x00000000a0000000,0x00000000a7c9ab98,0x00000000a8c00000)
 Metaspace       used 79850K, capacity 83296K, committed 83496K, reserved 1122304K
  class space    used 10313K, capacity 11041K, committed 11048K, reserved 1048576K
}
Event: 55.757 GC heap before
{Heap before GC invocations=22 (full 4):
 PSYoungGen      total 261120K, used 48112K [0x00000000e0000000, 0x00000000f4380000, 0x0000000100000000)
  eden space 212992K, 0% used [0x00000000e0000000,0x00000000e0000000,0x00000000ed000000)
  from space 48128K, 99% used [0x00000000f1480000,0x00000000f437c0d0,0x00000000f4380000)
  to   space 32256K, 0% used [0x00000000ed000000,0x00000000ed000000,0x00000000eef80000)
 ParOldGen       total 143360K, used 127594K [0x00000000a0000000, 0x00000000a8c00000, 0x00000000e0000000)
  object space 143360K, 89% used [0x00000000a0000000,0x00000000a7c9ab98,0x00000000a8c00000)
 Metaspace       used 79850K, capacity 83296K, committed 83496K, reserved 1122304K
  class space    used 10313K, capacity 11041K, committed 11048K, reserved 1048576K
Event: 56.176 GC heap after
Heap after GC invocations=22 (full 4):
 PSYoungGen      total 261120K, used 7989K [0x00000000e0000000, 0x00000000f4380000, 0x0000000100000000)
  eden space 212992K, 0% used [0x00000000e0000000,0x00000000e0000000,0x00000000ed000000)
  from space 48128K, 16% used [0x00000000f1480000,0x00000000f1c4d710,0x00000000f4380000)
  to   space 32256K, 0% used [0x00000000ed000000,0x00000000ed000000,0x00000000eef80000)
 ParOldGen       total 143360K, used 143155K [0x00000000a0000000, 0x00000000a8c00000, 0x00000000e0000000)
  object space 143360K, 99% used [0x00000000a0000000,0x00000000a8bccf40,0x00000000a8c00000)
 Metaspace       used 79615K, capacity 82612K, committed 83496K, reserved 1122304K
  class space    used 10240K, capacity 10913K, committed 11048K, reserved 1048576K
}
Event: 64.581 GC heap before
{Heap before GC invocations=23 (full 5):
 PSYoungGen      total 261120K, used 220981K [0x00000000e0000000, 0x00000000f4380000, 0x0000000100000000)
  eden space 212992K, 100% used [0x00000000e0000000,0x00000000ed000000,0x00000000ed000000)
  from space 48128K, 16% used [0x00000000f1480000,0x00000000f1c4d710,0x00000000f4380000)
  to   space 32256K, 0% used [0x00000000ed000000,0x00000000ed000000,0x00000000eef80000)
 ParOldGen       total 143360K, used 143155K [0x00000000a0000000, 0x00000000a8c00000, 0x00000000e0000000)
  object space 143360K, 99% used [0x00000000a0000000,0x00000000a8bccf40,0x00000000a8c00000)
 Metaspace       used 81087K, capacity 84148K, committed 84904K, reserved 1122304K
  class space    used 10346K, capacity 11041K, committed 11176K, reserved 1048576K
Event: 65.021 GC heap after
Heap after GC invocations=23 (full 5):
 PSYoungGen      total 261120K, used 49245K [0x00000000e0000000, 0x00000000f4380000, 0x0000000100000000)
  eden space 212992K, 23% used [0x00000000e0000000,0x00000000e3017530,0x00000000ed000000)
  from space 48128K, 0% used [0x00000000f1480000,0x00000000f1480000,0x00000000f4380000)
  to   space 32256K, 0% used [0x00000000ed000000,0x00000000ed000000,0x00000000eef80000)
 ParOldGen       total 143360K, used 143212K [0x00000000a0000000, 0x00000000a8c00000, 0x00000000e0000000)
  object space 143360K, 99% used [0x00000000a0000000,0x00000000a8bdb398,0x00000000a8c00000)
 Metaspace       used 81087K, capacity 84148K, committed 84904K, reserved 1122304K
  class space    used 10346K, capacity 11041K, committed 11176K, reserved 1048576K
}

Deoptimization events (10 events):
Event: 65.075 Thread 0x000000001be0c000 Uncommon trap: reason=bimorphic action=maybe_recompile pc=0x00000000059e46ec method=com.sun.tools.javac.code.Types.asOuterSuper(Lcom/sun/tools/javac/code/Type;Lcom/sun/tools/javac/code/Symbol;)Lcom/sun/tools/javac/code/Type; @ 4
Event: 65.078 Thread 0x000000001be0c000 Uncommon trap: reason=unstable_if action=reinterpret pc=0x0000000005a85ae4 method=com.sun.tools.javac.comp.Resolve.selectBest(Lcom/sun/tools/javac/comp/Env;Lcom/sun/tools/javac/code/Type;Lcom/sun/tools/javac/util/List;Lcom/sun/tools/javac/util/List;Lcom/s
Event: 65.080 Thread 0x000000001be0c000 Uncommon trap: reason=unstable_if action=reinterpret pc=0x00000000051ffd4c method=com.sun.tools.javac.code.Types.isSubtypeUncheckedInternal(Lcom/sun/tools/javac/code/Type;Lcom/sun/tools/javac/code/Type;Lcom/sun/tools/javac/util/Warner;)Z @ 134
Event: 65.138 Thread 0x000000001be0c000 Uncommon trap: reason=unstable_if action=reinterpret pc=0x0000000003ede794 method=com.sun.tools.javac.code.Lint$AugmentVisitor.augment(Lcom/sun/tools/javac/code/Lint;Lcom/sun/tools/javac/util/List;)Lcom/sun/tools/javac/code/Lint; @ 52
Event: 65.139 Thread 0x000000001be0c000 Uncommon trap: reason=unstable_if action=reinterpret pc=0x0000000005120de4 method=com.sun.tools.javac.code.Lint$AugmentVisitor.augment(Lcom/sun/tools/javac/code/Lint;Lcom/sun/tools/javac/util/List;)Lcom/sun/tools/javac/code/Lint; @ 52
Event: 65.161 Thread 0x000000001be0c000 Uncommon trap: reason=bimorphic action=maybe_recompile pc=0x00000000058544d8 method=com.sun.tools.javac.jvm.ClassWriter.enterInner(Lcom/sun/tools/javac/code/Symbol$ClassSymbol;)V @ 146
Event: 65.284 Thread 0x000000001be0c000 Uncommon trap: reason=unstable_if action=reinterpret pc=0x0000000003bb709c method=java.util.LinkedHashMap.afterNodeInsertion(Z)V @ 18
Event: 65.285 Thread 0x000000001be0c000 Uncommon trap: reason=bimorphic action=maybe_recompile pc=0x0000000004683b74 method=java.util.HashMap.removeNode(ILjava/lang/Object;Ljava/lang/Object;ZZ)Ljava/util/HashMap$Node; @ 283
Event: 65.389 Thread 0x000000001be0c000 Uncommon trap: reason=unstable_if action=reinterpret pc=0x000000000590de1c method=com.sun.tools.javac.jvm.Items$Item.coerce(I)Lcom/sun/tools/javac/jvm/Items$Item; @ 30
Event: 65.402 Thread 0x000000001be0c000 Uncommon trap: reason=unstable_if action=reinterpret pc=0x0000000005a37c44 method=com.sun.tools.javac.code.Symbol$TypeSymbol.precedes(Lcom/sun/tools/javac/code/Symbol$TypeSymbol;Lcom/sun/tools/javac/code/Types;)Z @ 21

Classes redefined (0 events):
No events

Internal exceptions (10 events):
Event: 48.919 Thread 0x000000001be0c000 Exception <a 'java/lang/NoSuchMethodError': <clinit>> (0x00000000e27665c8) thrown at [D:\src\AOSP-openjdk-cygwin\jdk8u\hotspot\src\share\vm\prims\jni.cpp, line 1614]
Event: 48.919 Thread 0x000000001be0c000 Exception <a 'java/lang/NoSuchMethodError': <clinit>> (0x00000000e276b4b0) thrown at [D:\src\AOSP-openjdk-cygwin\jdk8u\hotspot\src\share\vm\prims\jni.cpp, line 1614]
Event: 48.919 Thread 0x000000001be0c000 Exception <a 'java/lang/NoSuchMethodError': <clinit>> (0x00000000e277bb88) thrown at [D:\src\AOSP-openjdk-cygwin\jdk8u\hotspot\src\share\vm\prims\jni.cpp, line 1614]
Event: 50.384 Thread 0x000000001be0c000 Exception <a 'java/lang/NoSuchMethodError': <clinit>> (0x00000000e9429cb0) thrown at [D:\src\AOSP-openjdk-cygwin\jdk8u\hotspot\src\share\vm\prims\jni.cpp, line 1614]
Event: 50.385 Thread 0x000000001be0c000 Exception <a 'java/lang/NoSuchMethodError': <clinit>> (0x00000000e9442f30) thrown at [D:\src\AOSP-openjdk-cygwin\jdk8u\hotspot\src\share\vm\prims\jni.cpp, line 1614]
Event: 50.386 Thread 0x000000001be0c000 Exception <a 'java/lang/NoSuchMethodError': <clinit>> (0x00000000e945b408) thrown at [D:\src\AOSP-openjdk-cygwin\jdk8u\hotspot\src\share\vm\prims\jni.cpp, line 1614]
Event: 50.389 Thread 0x000000001be0c000 Exception <a 'java/lang/NoSuchMethodError': <clinit>> (0x00000000e9494618) thrown at [D:\src\AOSP-openjdk-cygwin\jdk8u\hotspot\src\share\vm\prims\jni.cpp, line 1614]
Event: 55.486 Thread 0x000000001be0c000 Implicit null exception at 0x00000000052403b1 to 0x000000000524076d
Event: 56.181 Thread 0x000000001be0c000 Implicit null exception at 0x0000000004bd2ef0 to 0x0000000004bd357d
Event: 56.181 Thread 0x000000001be0c000 Implicit null exception at 0x0000000004c38946 to 0x0000000004c39075

Events (10 events):
Event: 65.389 Thread 0x000000001be0c000 DEOPT UNPACKING pc=0x0000000002d7557b sp=0x00000000288a9628 mode 2
Event: 65.399 loading class com/sun/tools/javac/comp/Infer$InferenceContext$7
Event: 65.399 loading class com/sun/tools/javac/comp/Infer$InferenceContext$7 done
Event: 65.399 loading class com/sun/tools/javac/comp/Infer$BestLeafSolver
Event: 65.399 loading class com/sun/tools/javac/comp/Infer$BestLeafSolver done
Event: 65.399 Executing VM operation: Deoptimize
Event: 65.401 Executing VM operation: Deoptimize done
Event: 65.402 Thread 0x000000001be0c000 Uncommon trap: trap_request=0xffffff65 fr.pc=0x0000000005a37c44
Event: 65.402 Thread 0x000000001be0c000 DEOPT PACKING pc=0x0000000005a37c44 sp=0x00000000288a8e80
Event: 65.402 Thread 0x000000001be0c000 DEOPT UNPACKING pc=0x0000000002d7557b sp=0x00000000288a8e50 mode 2


Dynamic libraries:
0x00007ff61dc60000 - 0x00007ff61dc91000 	D:\Program Files\Android Studio\jre\bin\java.exe
0x00007ff83cf10000 - 0x00007ff83d0e1000 	C:\Windows\SYSTEM32\ntdll.dll
0x00007ff83ab10000 - 0x00007ff83abbb000 	C:\Windows\System32\KERNEL32.DLL
0x00007ff839740000 - 0x00007ff83995d000 	C:\Windows\System32\KERNELBASE.dll
0x00007ff83a540000 - 0x00007ff83a5e2000 	C:\Windows\System32\ADVAPI32.dll
0x00007ff83a4a0000 - 0x00007ff83a53e000 	C:\Windows\System32\msvcrt.dll
0x00007ff83c480000 - 0x00007ff83c4d9000 	C:\Windows\System32\sechost.dll
0x00007ff83c350000 - 0x00007ff83c471000 	C:\Windows\System32\RPCRT4.dll
0x00007ff83cca0000 - 0x00007ff83ce05000 	C:\Windows\System32\USER32.dll
0x00007ff839560000 - 0x00007ff83957e000 	C:\Windows\System32\win32u.dll
0x00007ff83a760000 - 0x00007ff83a794000 	C:\Windows\System32\GDI32.dll
0x00007ff839c30000 - 0x00007ff839db2000 	C:\Windows\System32\gdi32full.dll
0x00007ff833910000 - 0x00007ff833b8a000 	C:\Windows\WinSxS\amd64_microsoft.windows.common-controls_6595b64144ccf1df_6.0.14393.726_none_42181c01c683592f\COMCTL32.dll
0x00007ff83c5a0000 - 0x00007ff83c868000 	C:\Windows\System32\combase.dll
0x00007ff839400000 - 0x00007ff8394f5000 	C:\Windows\System32\ucrtbase.dll
0x00007ff839580000 - 0x00007ff8395ea000 	C:\Windows\System32\bcryptPrimitives.dll
0x00007ff83c550000 - 0x00007ff83c57e000 	C:\Windows\System32\IMM32.DLL
0x0000000075b80000 - 0x0000000075c52000 	D:\Program Files\Android Studio\jre\jre\bin\msvcr100.dll
0x0000000075f00000 - 0x0000000076746000 	D:\Program Files\Android Studio\jre\jre\bin\server\jvm.dll
0x00007ff83ad60000 - 0x00007ff83ad68000 	C:\Windows\System32\PSAPI.DLL
0x00007ff833b90000 - 0x00007ff833b99000 	C:\Windows\SYSTEM32\WSOCK32.dll
0x00007ff835540000 - 0x00007ff83554a000 	C:\Windows\SYSTEM32\VERSION.dll
0x00007ff8376f0000 - 0x00007ff837713000 	C:\Windows\SYSTEM32\WINMM.dll
0x00007ff83aa40000 - 0x00007ff83aaaa000 	C:\Windows\System32\WS2_32.dll
0x00007ff837690000 - 0x00007ff8376bb000 	C:\Windows\SYSTEM32\WINMMBASE.dll
0x00007ff839be0000 - 0x00007ff839c22000 	C:\Windows\System32\cfgmgr32.dll
0x00007ff833290000 - 0x00007ff83329f000 	D:\Program Files\Android Studio\jre\jre\bin\verify.dll
0x00007ff82d5c0000 - 0x00007ff82d5e9000 	D:\Program Files\Android Studio\jre\jre\bin\java.dll
0x00007ff82fb90000 - 0x00007ff82fba6000 	D:\Program Files\Android Studio\jre\jre\bin\zip.dll
0x00007ff83ae40000 - 0x00007ff83c349000 	C:\Windows\System32\SHELL32.dll
0x00007ff839dc0000 - 0x00007ff83a49a000 	C:\Windows\System32\windows.storage.dll
0x00007ff8393a0000 - 0x00007ff8393ec000 	C:\Windows\System32\powrprof.dll
0x00007ff83a700000 - 0x00007ff83a752000 	C:\Windows\System32\shlwapi.dll
0x00007ff8393f0000 - 0x00007ff8393ff000 	C:\Windows\System32\kernel.appcore.dll
0x00007ff839960000 - 0x00007ff839a09000 	C:\Windows\System32\shcore.dll
0x00007ff839370000 - 0x00007ff839384000 	C:\Windows\System32\profapi.dll
0x00007ff82d5a0000 - 0x00007ff82d5ba000 	D:\Program Files\Android Studio\jre\jre\bin\net.dll
0x00007ff838c10000 - 0x00007ff838c6c000 	C:\Windows\system32\mswsock.dll
0x00007ff82d580000 - 0x00007ff82d591000 	D:\Program Files\Android Studio\jre\jre\bin\nio.dll
0x00007ff824e40000 - 0x00007ff824e66000 	C:\Users\Administrator\.gradle\native\29\windows-amd64\native-platform.dll
0x00007ff832c00000 - 0x00007ff832c0d000 	D:\Program Files\Android Studio\jre\jre\bin\management.dll
0x00007ff838db0000 - 0x00007ff838dc7000 	C:\Windows\SYSTEM32\CRYPTSP.dll
0x00007ff838820000 - 0x00007ff838853000 	C:\Windows\system32\rsaenh.dll
0x00007ff8392b0000 - 0x00007ff8392db000 	C:\Windows\SYSTEM32\bcrypt.dll
0x00007ff838a90000 - 0x00007ff838aaf000 	C:\Windows\SYSTEM32\USERENV.dll
0x00007ff838dd0000 - 0x00007ff838ddb000 	C:\Windows\SYSTEM32\CRYPTBASE.dll
0x00007ff8389a0000 - 0x00007ff8389d8000 	C:\Windows\SYSTEM32\IPHLPAPI.DLL
0x00007ff83a5f0000 - 0x00007ff83a5f8000 	C:\Windows\System32\NSI.dll
0x00007ff831f10000 - 0x00007ff831f26000 	C:\Windows\SYSTEM32\dhcpcsvc6.DLL
0x00007ff831e70000 - 0x00007ff831e8a000 	C:\Windows\SYSTEM32\dhcpcsvc.DLL

VM Arguments:
jvm_args: -Xmx1536m -Dfile.encoding=GBK -Duser.country=CN -Duser.language=zh -Duser.variant 
java_command: org.gradle.launcher.daemon.bootstrap.GradleDaemon 5.4.1
java_class_path (initial): C:\Users\Administrator\.gradle\wrapper\dists\gradle-5.4.1-all\3221gyojl5jsh0helicew7rwx\gradle-5.4.1\lib\gradle-launcher-5.4.1.jar
Launcher Type: SUN_STANDARD

Environment Variables:
JAVA_HOME=D:\Program Files\Java\jdk1.8.0_111
CLASSPATH=.;D:\Program Files\Java\jdk1.8.0_111\lib;D:\Program Files\Java\jdk1.8.0_111\lib\tools.jar
PATH=C:\Windows\system32;C:\Windows;C:\Windows\System32\Wbem;C:\Windows\System32\WindowsPowerShell\v1.0\;C:\Program Files (x86)\NVIDIA Corporation\PhysX\Common;%ANDROID_SDK_HOME%\platform-tools;%ANDROID_SDK_HOME%\tools;D:\Program Files\Java\jdk1.8.0_111\bin;D:\Program Files\Java\jdk1.8.0_111\jre\bin;D:\Program Files\Git\bin;D:\Program Files (x86)\cmake-3.10.0-rc1-win64-x64\bin;C:\Program Files (x86)\Windows Kits\8.1\Windows Performance Toolkit\;C:\Program Files\Microsoft SQL Server\110\Tools\Binn\;C:\Program Files (x86)\Microsoft SDKs\TypeScript\1.0\;C:\Users\Administrator\AppData\Local\Microsoft\WindowsApps;C:\Program Files\Bandizip\
USERNAME=Administrator
OS=Windows_NT
PROCESSOR_IDENTIFIER=Intel64 Family 6 Model 158 Stepping 9, GenuineIntel



---------------  S Y S T E M  ---------------

OS: Windows 10.0 , 64 bit Build 14393 (10.0.14393.0)

CPU:total 8 (initial active 8) (4 cores per cpu, 2 threads per core) family 6 model 158 stepping 9, cmov, cx8, fxsr, mmx, sse, sse2, sse3, ssse3, sse4.1, sse4.2, popcnt, avx, avx2, aes, clmul, erms, rtm, 3dnowpref, lzcnt, ht, tsc, tscinvbit, bmi1, bmi2, adx

Memory: 4k page, physical 8337920k(272560k free), swap 22990332k(6780k free)

vm_info: OpenJDK 64-Bit Server VM (25.202-b03) for windows-amd64 JRE (1.8.0_202-release-1483-b03), built by "builder" with MS VC++ 10.0 (VS2010)

time: Thu Dec 05 11:11:09 2019
timezone: 中国标准时间
elapsed time: 65 seconds (0d 0h 1m 5s)

