#
# There is insufficient memory for the Java Runtime Environment to continue.
# Native memory allocation (malloc) failed to allocate 929696 bytes for Chunk::new
# Possible reasons:
#   The system is out of physical RAM or swap space
#   The process is running with CompressedOops enabled, and the Java Heap may be blocking the growth of the native heap
# Possible solutions:
#   Reduce memory load on the system
#   Increase physical memory or swap space
#   Check if swap backing store is full
#   Decrease Java heap size (-Xmx/-Xms)
#   Decrease number of Java threads
#   Decrease Java thread stack sizes (-Xss)
#   Set larger code cache with -XX:ReservedCodeCacheSize=
#   JVM is running with Unscaled Compressed Oops mode in which the Java heap is
#     placed in the first 4GB address space. The Java Heap base address is the
#     maximum limit for the native heap growth. Please use -XX:HeapBaseMinAddress
#     to set the Java Heap base and to place the Java Heap above 4GB virtual address.
# This output file may be truncated or incomplete.
#
#  Out of Memory Error (allocation.cpp:389), pid=361064, tid=0x0000000000057fd4
#
# JRE version: OpenJDK Runtime Environment (8.0_202-b03) (build 1.8.0_202-release-1483-b03)
# Java VM: OpenJDK 64-Bit Server VM (25.202-b03 mixed mode windows-amd64 compressed oops)
# Failed to write core dump. Minidumps are not enabled by default on client versions of Windows
#

---------------  T H R E A D  ---------------

Current thread (0x0000000018773000):  JavaThread "C2 CompilerThread2" daemon [_thread_in_native, id=360404, stack(0x0000000019140000,0x0000000019240000)]

Stack: [0x0000000019140000,0x0000000019240000]
[error occurred during error reporting (printing stack bounds), id 0xc0000005]

Native frames: (J=compiled Java code, j=interpreted, Vv=VM code, C=native code)


Current CompileTask:
C2:   8886 8290       4       com.android.utils.XmlUtils::append (639 bytes)


---------------  P R O C E S S  ---------------

Java Threads: ( => current thread )
  0x000000002007a800 JavaThread "pool-2-thread-1" [_thread_blocked, id=355000, stack(0x0000000025a60000,0x0000000025b60000)]
  0x000000002007e800 JavaThread "WorkerExecutor Queue" [_thread_in_native, id=360692, stack(0x0000000025960000,0x0000000025a60000)]
  0x000000002007c000 JavaThread "Cache worker for execution history cache (D:\project\GtProject\Cashier\.gradle\5.4.1\executionHistory)" [_thread_blocked, id=361128, stack(0x0000000025460000,0x0000000025560000)]
  0x000000002007b800 JavaThread "Execution worker for ':' Thread 7" [_thread_blocked, id=355324, stack(0x0000000025360000,0x0000000025460000)]
  0x000000002007d800 JavaThread "Execution worker for ':' Thread 6" [_thread_in_native, id=360220, stack(0x0000000025260000,0x0000000025360000)]
  0x0000000020081800 JavaThread "Execution worker for ':' Thread 5" [_thread_in_native, id=360884, stack(0x0000000025160000,0x0000000025260000)]
  0x0000000020080800 JavaThread "Execution worker for ':' Thread 4" [_thread_in_native, id=361424, stack(0x0000000025060000,0x0000000025160000)]
  0x0000000020080000 JavaThread "Execution worker for ':' Thread 3" [_thread_in_native, id=360588, stack(0x0000000024f60000,0x0000000025060000)]
  0x000000002007d000 JavaThread "Execution worker for ':' Thread 2" [_thread_blocked, id=360592, stack(0x0000000024be0000,0x0000000024ce0000)]
  0x000000001fd4a800 JavaThread "Execution worker for ':'" [_thread_blocked, id=361352, stack(0x0000000024ae0000,0x0000000024be0000)]
  0x000000001fd47800 JavaThread "Cache worker for file content cache (D:\project\GtProject\Cashier\.gradle\5.4.1\fileContent)" [_thread_blocked, id=304736, stack(0x00000000245e0000,0x00000000246e0000)]
  0x000000001fd49000 JavaThread "Cache worker for file content cache (C:\Users\Administrator\.gradle\caches\5.4.1\fileContent)" [_thread_blocked, id=360640, stack(0x00000000244e0000,0x00000000245e0000)]
  0x000000001fd48800 JavaThread "Memory manager" [_thread_blocked, id=361380, stack(0x0000000023bb0000,0x0000000023cb0000)]
  0x000000001fd4b800 JavaThread "Cache worker for Build Output Cleanup Cache (D:\project\GtProject\Cashier\.gradle\buildOutputCleanup)" [_thread_blocked, id=358356, stack(0x00000000238b0000,0x00000000239b0000)]
  0x000000001fd40000 JavaThread "Build operations Thread 8" [_thread_blocked, id=356692, stack(0x00000000231b0000,0x00000000232b0000)]
  0x000000001fd47000 JavaThread "Build operations Thread 7" [_thread_blocked, id=360284, stack(0x00000000230b0000,0x00000000231b0000)]
  0x000000001fd46000 JavaThread "Build operations Thread 6" [_thread_blocked, id=360920, stack(0x0000000022fb0000,0x00000000230b0000)]
  0x000000001fd45800 JavaThread "Build operations Thread 5" [_thread_blocked, id=356056, stack(0x0000000022eb0000,0x0000000022fb0000)]
  0x000000001fd42800 JavaThread "Build operations Thread 4" [_thread_blocked, id=360940, stack(0x0000000022db0000,0x0000000022eb0000)]
  0x000000001fd43000 JavaThread "Build operations Thread 3" [_thread_blocked, id=360112, stack(0x0000000022cb0000,0x0000000022db0000)]
  0x000000001fd3e000 JavaThread "Build operations Thread 2" [_thread_blocked, id=361204, stack(0x0000000022bb0000,0x0000000022cb0000)]
  0x000000001fd44800 JavaThread "Build operations" [_thread_blocked, id=361224, stack(0x0000000022ab0000,0x0000000022bb0000)]
  0x000000001fd3f800 JavaThread "Cache worker for execution history cache (C:\Users\Administrator\.gradle\caches\5.4.1\executionHistory)" [_thread_in_Java, id=358448, stack(0x0000000022460000,0x0000000022560000)]
  0x000000001fd44000 JavaThread "Cache worker for cache directory md-rule (C:\Users\Administrator\.gradle\caches\5.4.1\md-rule)" [_thread_blocked, id=361176, stack(0x0000000022160000,0x0000000022260000)]
  0x000000001fd41800 JavaThread "Cache worker for cache directory md-supplier (C:\Users\Administrator\.gradle\caches\5.4.1\md-supplier)" [_thread_blocked, id=359788, stack(0x000000001f9d0000,0x000000001fad0000)]
  0x0000000019d06800 JavaThread "Cache worker for file hash cache (D:\project\GtProject\Cashier\.gradle\5.4.1\fileHashes)" [_thread_blocked, id=359760, stack(0x000000001f6c0000,0x000000001f7c0000)]
  0x0000000019d04800 JavaThread "Cache worker for journal cache (C:\Users\Administrator\.gradle\caches\journal-1)" [_thread_blocked, id=360532, stack(0x000000001d160000,0x000000001d260000)]
  0x0000000019d03800 JavaThread "File lock request listener" [_thread_in_native, id=360520, stack(0x000000001d060000,0x000000001d160000)]
  0x0000000019d07800 JavaThread "Cache worker for file hash cache (C:\Users\Administrator\.gradle\caches\5.4.1\fileHashes)" [_thread_blocked, id=360728, stack(0x000000001cf60000,0x000000001d060000)]
  0x000000001a3c3800 JavaThread "Thread-9" [_thread_blocked, id=360964, stack(0x000000001ce60000,0x000000001cf60000)]
  0x000000001a3c1000 JavaThread "Stdin handler" [_thread_blocked, id=361000, stack(0x000000001cd60000,0x000000001ce60000)]
  0x000000001a3c0000 JavaThread "Asynchronous log dispatcher for DefaultDaemonConnection: socket connection from /127.0.0.1:54829 to /127.0.0.1:54830" [_thread_in_native, id=355028, stack(0x000000001cb60000,0x000000001cc60000)]
  0x0000000019bd3000 JavaThread "Daemon worker" [_thread_in_native, id=360968, stack(0x000000001ca60000,0x000000001cb60000)]
  0x0000000019bd1800 JavaThread "Cancel handler" [_thread_blocked, id=361436, stack(0x000000001c960000,0x000000001ca60000)]
  0x0000000019bcf800 JavaThread "Handler for socket connection from /127.0.0.1:54829 to /127.0.0.1:54830" [_thread_in_native, id=360936, stack(0x000000001c660000,0x000000001c760000)]
  0x000000001981d000 JavaThread "Daemon" [_thread_blocked, id=359900, stack(0x000000001c560000,0x000000001c660000)]
  0x0000000019770800 JavaThread "Daemon periodic checks" [_thread_blocked, id=359564, stack(0x000000001c460000,0x000000001c560000)]
  0x000000001ab68000 JavaThread "Incoming local TCP Connector on port 54829" [_thread_in_native, id=361264, stack(0x000000001c050000,0x000000001c150000)]
  0x000000001a756800 JavaThread "Daemon health stats" [_thread_blocked, id=360160, stack(0x000000001ad50000,0x000000001ae50000)]
  0x0000000018811800 JavaThread "Service Thread" daemon [_thread_blocked, id=346912, stack(0x0000000019340000,0x0000000019440000)]
  0x0000000018784000 JavaThread "C1 CompilerThread3" daemon [_thread_in_native, id=360060, stack(0x0000000019240000,0x0000000019340000)]
=>0x0000000018773000 JavaThread "C2 CompilerThread2" daemon [_thread_in_native, id=360404, stack(0x0000000019140000,0x0000000019240000)]
  0x0000000018772000 JavaThread "C2 CompilerThread1" daemon [_thread_in_native, id=360300, stack(0x0000000019040000,0x0000000019140000)]
  0x000000001690c800 JavaThread "C2 CompilerThread0" daemon [_thread_in_native, id=361260, stack(0x0000000018f40000,0x0000000019040000)]
  0x000000001871d000 JavaThread "Attach Listener" daemon [_thread_blocked, id=359628, stack(0x0000000018e40000,0x0000000018f40000)]
  0x0000000018770000 JavaThread "Signal Dispatcher" daemon [_thread_blocked, id=350688, stack(0x0000000018d40000,0x0000000018e40000)]
  0x0000000002b3d800 JavaThread "Finalizer" daemon [_thread_blocked, id=361156, stack(0x0000000018be0000,0x0000000018ce0000)]
  0x00000000168fc800 JavaThread "Reference Handler" daemon [_thread_blocked, id=360636, stack(0x0000000018ae0000,0x0000000018be0000)]
  0x0000000000dae800 JavaThread "main" [_thread_blocked, id=361248, stack(0x0000000002940000,0x0000000002a40000)]

Other Threads:
  0x00000000168f8000 VMThread [stack: 0x00000000185e0000,0x00000000186e0000] [id=360196]
  0x0000000018812000 WatcherThread [stack: 0x0000000019440000,0x0000000019540000] [id=350720]

VM state:not at safepoint (normal execution)

VM Mutex/Monitor currently owned by a thread: None

heap address: 0x00000000a0000000, size: 1536 MB, Compressed Oops mode: 32-bit
Narrow klass base: 0x0000000000000000, Narrow klass shift: 3
Compressed class space size: 1073741824 Address: 0x0000000100000000

Heap:
 PSYoungGen      total 200192K, used 65163K [0x00000000e0000000, 0x00000000f0300000, 0x0000000100000000)
  eden space 180736K, 25% used [0x00000000e0000000,0x00000000e2caaca8,0x00000000eb080000)
  from space 19456K, 99% used [0x00000000eb080000,0x00000000ec378050,0x00000000ec380000)
  to   space 23552K, 0% used [0x00000000eec00000,0x00000000eec00000,0x00000000f0300000)
 ParOldGen       total 130560K, used 35487K [0x00000000a0000000, 0x00000000a7f80000, 0x00000000e0000000)
  object space 130560K, 27% used [0x00000000a0000000,0x00000000a22a7e28,0x00000000a7f80000)
 Metaspace       used 62254K, capacity 64728K, committed 64856K, reserved 1105920K
  class space    used 8426K, capacity 8979K, committed 9088K, reserved 1048576K

Card table byte_map: [0x0000000011f00000,0x0000000012210000] byte_map_base: 0x0000000011a00000

Marking Bits: (ParMarkBitMap*) 0x00000000766c9f30
 Begin Bits: [0x0000000012c10000, 0x0000000014410000)
 End Bits:   [0x0000000014410000, 0x0000000015c10000)

Polling page: 0x0000000000d80000

CodeCache: size=245760Kb used=23620Kb max_used=23620Kb free=222139Kb
 bounds [0x0000000002b40000, 0x0000000004270000, 0x0000000011b40000]
 total_blobs=8279 nmethods=7476 adapters=714
 compilation: enabled

Compilation events (10 events):
Event: 8.880 Thread 0x0000000018784000 8373       3       com.google.common.collect.ImmutableSortedMap$1::compare (13 bytes)
Event: 8.880 Thread 0x0000000018784000 nmethod 8373 0x0000000004260650 code [0x0000000004260800, 0x0000000004260ea8]
Event: 8.880 Thread 0x0000000018784000 8375       3       org.gradle.internal.execution.history.changes.DefaultInputFileChanges::accept (7 bytes)
Event: 8.880 Thread 0x0000000018784000 nmethod 8375 0x00000000042610d0 code [0x0000000004261260, 0x0000000004261628]
Event: 8.880 Thread 0x0000000018784000 8374       3       org.gradle.internal.execution.steps.ResolveChangesStep::createIncrementalInputProperties (103 bytes)
Event: 8.881 Thread 0x0000000018784000 nmethod 8374 0x00000000042617d0 code [0x0000000004261a40, 0x0000000004262998]
Event: 8.881 Thread 0x0000000018784000 8377       3       org.gradle.api.internal.artifacts.transform.ImmutableTransformationWorkspaceProvider::withWorkspace (21 bytes)
Event: 8.882 Thread 0x0000000018784000 nmethod 8377 0x0000000004263050 code [0x0000000004263200, 0x0000000004263968]
Event: 8.882 Thread 0x0000000018784000 8376       3       java.util.Optional::ifPresent (18 bytes)
Event: 8.882 Thread 0x0000000018784000 nmethod 8376 0x0000000004263d10 code [0x0000000004263e80, 0x00000000042640e8]

GC Heap History (10 events):
Event: 5.285 GC heap before
{Heap before GC invocations=12 (full 2):
 PSYoungGen      total 120320K, used 109568K [0x00000000e0000000, 0x00000000eac00000, 0x0000000100000000)
  eden space 109568K, 100% used [0x00000000e0000000,0x00000000e6b00000,0x00000000e6b00000)
  from space 10752K, 0% used [0x00000000e6b00000,0x00000000e6b00000,0x00000000e7580000)
  to   space 12288K, 0% used [0x00000000ea000000,0x00000000ea000000,0x00000000eac00000)
 ParOldGen       total 88576K, used 18663K [0x00000000a0000000, 0x00000000a5680000, 0x00000000e0000000)
  object space 88576K, 21% used [0x00000000a0000000,0x00000000a1239e98,0x00000000a5680000)
 Metaspace       used 45169K, capacity 46332K, committed 46680K, reserved 1089536K
  class space    used 6081K, capacity 6425K, committed 6528K, reserved 1048576K
Event: 5.294 GC heap after
Heap after GC invocations=12 (full 2):
 PSYoungGen      total 154112K, used 12285K [0x00000000e0000000, 0x00000000eac00000, 0x0000000100000000)
  eden space 141824K, 0% used [0x00000000e0000000,0x00000000e0000000,0x00000000e8a80000)
  from space 12288K, 99% used [0x00000000ea000000,0x00000000eabff6c8,0x00000000eac00000)
  to   space 14336K, 0% used [0x00000000e9000000,0x00000000e9000000,0x00000000e9e00000)
 ParOldGen       total 88576K, used 21123K [0x00000000a0000000, 0x00000000a5680000, 0x00000000e0000000)
  object space 88576K, 23% used [0x00000000a0000000,0x00000000a14a0f38,0x00000000a5680000)
 Metaspace       used 45169K, capacity 46332K, committed 46680K, reserved 1089536K
  class space    used 6081K, capacity 6425K, committed 6528K, reserved 1048576K
}
Event: 6.721 GC heap before
{Heap before GC invocations=13 (full 2):
 PSYoungGen      total 154112K, used 154109K [0x00000000e0000000, 0x00000000eac00000, 0x0000000100000000)
  eden space 141824K, 100% used [0x00000000e0000000,0x00000000e8a80000,0x00000000e8a80000)
  from space 12288K, 99% used [0x00000000ea000000,0x00000000eabff6c8,0x00000000eac00000)
  to   space 14336K, 0% used [0x00000000e9000000,0x00000000e9000000,0x00000000e9e00000)
 ParOldGen       total 88576K, used 21123K [0x00000000a0000000, 0x00000000a5680000, 0x00000000e0000000)
  object space 88576K, 23% used [0x00000000a0000000,0x00000000a14a0f38,0x00000000a5680000)
 Metaspace       used 56417K, capacity 57942K, committed 58328K, reserved 1099776K
  class space    used 7679K, capacity 8086K, committed 8192K, reserved 1048576K
Event: 6.734 GC heap after
Heap after GC invocations=13 (full 2):
 PSYoungGen      total 161792K, used 14330K [0x00000000e0000000, 0x00000000ed600000, 0x0000000100000000)
  eden space 147456K, 0% used [0x00000000e0000000,0x00000000e0000000,0x00000000e9000000)
  from space 14336K, 99% used [0x00000000e9000000,0x00000000e9dfea80,0x00000000e9e00000)
  to   space 18944K, 0% used [0x00000000ec380000,0x00000000ec380000,0x00000000ed600000)
 ParOldGen       total 88576K, used 29338K [0x00000000a0000000, 0x00000000a5680000, 0x00000000e0000000)
  object space 88576K, 33% used [0x00000000a0000000,0x00000000a1ca6828,0x00000000a5680000)
 Metaspace       used 56417K, capacity 57942K, committed 58328K, reserved 1099776K
  class space    used 7679K, capacity 8086K, committed 8192K, reserved 1048576K
}
Event: 7.015 GC heap before
{Heap before GC invocations=14 (full 2):
 PSYoungGen      total 161792K, used 36646K [0x00000000e0000000, 0x00000000ed600000, 0x0000000100000000)
  eden space 147456K, 15% used [0x00000000e0000000,0x00000000e15cadd0,0x00000000e9000000)
  from space 14336K, 99% used [0x00000000e9000000,0x00000000e9dfea80,0x00000000e9e00000)
  to   space 18944K, 0% used [0x00000000ec380000,0x00000000ec380000,0x00000000ed600000)
 ParOldGen       total 88576K, used 29338K [0x00000000a0000000, 0x00000000a5680000, 0x00000000e0000000)
  object space 88576K, 33% used [0x00000000a0000000,0x00000000a1ca6828,0x00000000a5680000)
 Metaspace       used 57428K, capacity 58970K, committed 59028K, reserved 1099776K
  class space    used 7775K, capacity 8188K, committed 8192K, reserved 1048576K
Event: 7.021 GC heap after
Heap after GC invocations=14 (full 2):
 PSYoungGen      total 199680K, used 2191K [0x00000000e0000000, 0x00000000ee100000, 0x0000000100000000)
  eden space 180736K, 0% used [0x00000000e0000000,0x00000000e0000000,0x00000000eb080000)
  from space 18944K, 11% used [0x00000000ec380000,0x00000000ec5a3e30,0x00000000ed600000)
  to   space 19456K, 0% used [0x00000000eb080000,0x00000000eb080000,0x00000000ec380000)
 ParOldGen       total 88576K, used 35482K [0x00000000a0000000, 0x00000000a5680000, 0x00000000e0000000)
  object space 88576K, 40% used [0x00000000a0000000,0x00000000a22a6a18,0x00000000a5680000)
 Metaspace       used 57428K, capacity 58970K, committed 59028K, reserved 1099776K
  class space    used 7775K, capacity 8188K, committed 8192K, reserved 1048576K
}
Event: 7.021 GC heap before
{Heap before GC invocations=15 (full 3):
 PSYoungGen      total 199680K, used 2191K [0x00000000e0000000, 0x00000000ee100000, 0x0000000100000000)
  eden space 180736K, 0% used [0x00000000e0000000,0x00000000e0000000,0x00000000eb080000)
  from space 18944K, 11% used [0x00000000ec380000,0x00000000ec5a3e30,0x00000000ed600000)
  to   space 19456K, 0% used [0x00000000eb080000,0x00000000eb080000,0x00000000ec380000)
 ParOldGen       total 88576K, used 35482K [0x00000000a0000000, 0x00000000a5680000, 0x00000000e0000000)
  object space 88576K, 40% used [0x00000000a0000000,0x00000000a22a6a18,0x00000000a5680000)
 Metaspace       used 57428K, capacity 58970K, committed 59028K, reserved 1099776K
  class space    used 7775K, capacity 8188K, committed 8192K, reserved 1048576K
Event: 7.156 GC heap after
Heap after GC invocations=15 (full 3):
 PSYoungGen      total 199680K, used 0K [0x00000000e0000000, 0x00000000ee100000, 0x0000000100000000)
  eden space 180736K, 0% used [0x00000000e0000000,0x00000000e0000000,0x00000000eb080000)
  from space 18944K, 0% used [0x00000000ec380000,0x00000000ec380000,0x00000000ed600000)
  to   space 19456K, 0% used [0x00000000eb080000,0x00000000eb080000,0x00000000ec380000)
 ParOldGen       total 130560K, used 31379K [0x00000000a0000000, 0x00000000a7f80000, 0x00000000e0000000)
  object space 130560K, 24% used [0x00000000a0000000,0x00000000a1ea4e28,0x00000000a7f80000)
 Metaspace       used 57428K, capacity 58970K, committed 59028K, reserved 1099776K
  class space    used 7775K, capacity 8188K, committed 8192K, reserved 1048576K
}
Event: 8.624 GC heap before
{Heap before GC invocations=16 (full 3):
 PSYoungGen      total 199680K, used 180736K [0x00000000e0000000, 0x00000000ee100000, 0x0000000100000000)
  eden space 180736K, 100% used [0x00000000e0000000,0x00000000eb080000,0x00000000eb080000)
  from space 18944K, 0% used [0x00000000ec380000,0x00000000ec380000,0x00000000ed600000)
  to   space 19456K, 0% used [0x00000000eb080000,0x00000000eb080000,0x00000000ec380000)
 ParOldGen       total 130560K, used 31379K [0x00000000a0000000, 0x00000000a7f80000, 0x00000000e0000000)
  object space 130560K, 24% used [0x00000000a0000000,0x00000000a1ea4e28,0x00000000a7f80000)
 Metaspace       used 61579K, capacity 63916K, committed 64216K, reserved 1103872K
  class space    used 8354K, capacity 8873K, committed 8960K, reserved 1048576K
Event: 8.640 GC heap after
Heap after GC invocations=16 (full 3):
 PSYoungGen      total 200192K, used 19424K [0x00000000e0000000, 0x00000000f0300000, 0x0000000100000000)
  eden space 180736K, 0% used [0x00000000e0000000,0x00000000e0000000,0x00000000eb080000)
  from space 19456K, 99% used [0x00000000eb080000,0x00000000ec378050,0x00000000ec380000)
  to   space 23552K, 0% used [0x00000000eec00000,0x00000000eec00000,0x00000000f0300000)
 ParOldGen       total 130560K, used 35487K [0x00000000a0000000, 0x00000000a7f80000, 0x00000000e0000000)
  object space 130560K, 27% used [0x00000000a0000000,0x00000000a22a7e28,0x00000000a7f80000)
 Metaspace       used 61579K, capacity 63916K, committed 64216K, reserved 1103872K
  class space    used 8354K, capacity 8873K, committed 8960K, reserved 1048576K
}

Deoptimization events (10 events):
Event: 8.751 Thread 0x000000002007d000 Uncommon trap: reason=unstable_if action=reinterpret pc=0x00000000040da600 method=com.sun.org.apache.xerces.internal.dom.DeferredAttrNSImpl.synchronizeData()V @ 36
Event: 8.765 Thread 0x000000002007d000 Uncommon trap: reason=null_check action=make_not_entrant pc=0x00000000041ee9ac method=com.sun.org.apache.xerces.internal.dom.ElementImpl.getDefaultAttributes()Lcom/sun/org/apache/xerces/internal/dom/NamedNodeMapImpl; @ 7
Event: 8.770 Thread 0x000000002007d000 Uncommon trap: reason=null_check action=make_not_entrant pc=0x00000000041ec358 method=com.android.ide.common.resources.NodeUtils.processSingleNodeNamespace(Lorg/w3c/dom/Node;Lorg/w3c/dom/Document;)Z @ 8
Event: 8.798 Thread 0x000000002007d000 Uncommon trap: reason=class_check action=maybe_recompile pc=0x000000000417d490 method=java.io.Writer.write(Ljava/lang/String;)V @ 7
Event: 8.812 Thread 0x000000002007d000 Uncommon trap: reason=class_check action=maybe_recompile pc=0x0000000003f6f83c method=java.io.ObjectOutputStream$BlockDataOutputStream.drain()V @ 36
Event: 8.814 Thread 0x000000002007d000 Uncommon trap: reason=class_check action=maybe_recompile pc=0x0000000003f6f83c method=java.io.ObjectOutputStream$BlockDataOutputStream.drain()V @ 36
Event: 8.820 Thread 0x000000002007d000 Uncommon trap: reason=class_check action=maybe_recompile pc=0x0000000003f6f83c method=java.io.ObjectOutputStream$BlockDataOutputStream.drain()V @ 36
Event: 8.820 Thread 0x000000002007d000 Uncommon trap: reason=class_check action=maybe_recompile pc=0x0000000003f6f83c method=java.io.ObjectOutputStream$BlockDataOutputStream.drain()V @ 36
Event: 8.825 Thread 0x000000002007d000 Uncommon trap: reason=unstable_if action=reinterpret pc=0x0000000003881fc4 method=java.util.TreeMap.put(Ljava/lang/Object;Ljava/lang/Object;)Ljava/lang/Object; @ 163
Event: 8.833 Thread 0x000000001fd3f800 Uncommon trap: reason=unstable_if action=reinterpret pc=0x0000000003e066d0 method=com.google.common.collect.MapMakerInternalMap$Segment.drainKeyReferenceQueue(Ljava/lang/ref/ReferenceQueue;)V @ 8

Classes redefined (0 events):
No events

Internal exceptions (10 events):
Event: 8.456 Thread 0x000000002007d000 Implicit null exception at 0x0000000003ba969e to 0x0000000003ba9821
Event: 8.649 Thread 0x000000002007d000 Implicit null exception at 0x00000000040a982f to 0x00000000040a9f7f
Event: 8.765 Thread 0x000000002007d000 Implicit null exception at 0x00000000041ee821 to 0x00000000041ee995
Event: 8.770 Thread 0x000000002007d000 Implicit null exception at 0x00000000041ebfd7 to 0x00000000041ec349
Event: 8.812 Thread 0x000000002007d000 Exception <a 'java/lang/NoSuchMethodError': <clinit>> (0x00000000e1f64f00) thrown at [D:\src\AOSP-openjdk-cygwin\jdk8u\hotspot\src\share\vm\prims\jni.cpp, line 1614]
Event: 8.812 Thread 0x000000002007d000 Exception <a 'java/lang/NoSuchMethodError': <clinit>> (0x00000000e1f71e48) thrown at [D:\src\AOSP-openjdk-cygwin\jdk8u\hotspot\src\share\vm\prims\jni.cpp, line 1614]
Event: 8.813 Thread 0x000000002007d000 Exception <a 'java/lang/NoSuchMethodError': <clinit>> (0x00000000e1f81ca8) thrown at [D:\src\AOSP-openjdk-cygwin\jdk8u\hotspot\src\share\vm\prims\jni.cpp, line 1614]
Event: 8.814 Thread 0x000000002007d000 Exception <a 'java/lang/NoSuchMethodError': <clinit>> (0x00000000e1f9bd00) thrown at [D:\src\AOSP-openjdk-cygwin\jdk8u\hotspot\src\share\vm\prims\jni.cpp, line 1614]
Event: 8.814 Thread 0x000000002007d000 Exception <a 'java/lang/NoSuchMethodError': <clinit>> (0x00000000e1fa0be8) thrown at [D:\src\AOSP-openjdk-cygwin\jdk8u\hotspot\src\share\vm\prims\jni.cpp, line 1614]
Event: 8.815 Thread 0x000000002007d000 Exception <a 'java/lang/NoSuchMethodError': <clinit>> (0x00000000e1fb1778) thrown at [D:\src\AOSP-openjdk-cygwin\jdk8u\hotspot\src\share\vm\prims\jni.cpp, line 1614]

Events (10 events):
Event: 8.849 loading class com/android/builder/internal/aapt/v2/Aapt2Daemon$WhenMappings
Event: 8.849 loading class com/android/builder/internal/aapt/v2/Aapt2Daemon$WhenMappings done
Event: 8.849 loading class com/android/builder/internal/aapt/v2/Aapt2DaemonImpl$WaitForReadyOnStdOut
Event: 8.849 loading class com/android/builder/internal/aapt/v2/Aapt2DaemonImpl$WaitForReadyOnStdOut done
Event: 8.850 loading class java/lang/ProcessBuilder
Event: 8.851 loading class java/lang/ProcessBuilder done
Event: 8.851 loading class java/lang/ProcessImpl
Event: 8.851 loading class java/lang/ProcessImpl done
Event: 8.861 Thread 0x0000000020081800 DEOPT PACKING pc=0x0000000003b66ce8 sp=0x000000002525d310
Event: 8.861 Thread 0x0000000020081800 DEOPT UNPACKING pc=0x0000000002b875d0 sp=0x000000002525cfb8 mode 0


Dynamic libraries:
0x00007ff61dc60000 - 0x00007ff61dc91000 	D:\Program Files\Android Studio\jre\bin\java.exe
0x00007ff83cf10000 - 0x00007ff83d0e1000 	C:\Windows\SYSTEM32\ntdll.dll
0x00007ff83ab10000 - 0x00007ff83abbb000 	C:\Windows\System32\KERNEL32.DLL
0x00007ff839740000 - 0x00007ff83995d000 	C:\Windows\System32\KERNELBASE.dll
0x00007ff83a540000 - 0x00007ff83a5e2000 	C:\Windows\System32\ADVAPI32.dll
0x00007ff83a4a0000 - 0x00007ff83a53e000 	C:\Windows\System32\msvcrt.dll
0x00007ff83c480000 - 0x00007ff83c4d9000 	C:\Windows\System32\sechost.dll
0x00007ff83c350000 - 0x00007ff83c471000 	C:\Windows\System32\RPCRT4.dll
0x00007ff83cca0000 - 0x00007ff83ce05000 	C:\Windows\System32\USER32.dll
0x00007ff839560000 - 0x00007ff83957e000 	C:\Windows\System32\win32u.dll
0x00007ff83a760000 - 0x00007ff83a794000 	C:\Windows\System32\GDI32.dll
0x00007ff839c30000 - 0x00007ff839db2000 	C:\Windows\System32\gdi32full.dll
0x00007ff833910000 - 0x00007ff833b8a000 	C:\Windows\WinSxS\amd64_microsoft.windows.common-controls_6595b64144ccf1df_6.0.14393.726_none_42181c01c683592f\COMCTL32.dll
0x00007ff83c5a0000 - 0x00007ff83c868000 	C:\Windows\System32\combase.dll
0x00007ff839400000 - 0x00007ff8394f5000 	C:\Windows\System32\ucrtbase.dll
0x00007ff839580000 - 0x00007ff8395ea000 	C:\Windows\System32\bcryptPrimitives.dll
0x00007ff83c550000 - 0x00007ff83c57e000 	C:\Windows\System32\IMM32.DLL
0x0000000075b80000 - 0x0000000075c52000 	D:\Program Files\Android Studio\jre\jre\bin\msvcr100.dll
0x0000000075f00000 - 0x0000000076746000 	D:\Program Files\Android Studio\jre\jre\bin\server\jvm.dll
0x00007ff83ad60000 - 0x00007ff83ad68000 	C:\Windows\System32\PSAPI.DLL
0x00007ff833b90000 - 0x00007ff833b99000 	C:\Windows\SYSTEM32\WSOCK32.dll
0x00007ff8376f0000 - 0x00007ff837713000 	C:\Windows\SYSTEM32\WINMM.dll
0x00007ff835540000 - 0x00007ff83554a000 	C:\Windows\SYSTEM32\VERSION.dll
0x00007ff83aa40000 - 0x00007ff83aaaa000 	C:\Windows\System32\WS2_32.dll
0x0000000000db0000 - 0x0000000000ddb000 	C:\Windows\SYSTEM32\WINMMBASE.dll
0x00007ff839be0000 - 0x00007ff839c22000 	C:\Windows\System32\cfgmgr32.dll
0x00007ff833290000 - 0x00007ff83329f000 	D:\Program Files\Android Studio\jre\jre\bin\verify.dll
0x00007ff82d5c0000 - 0x00007ff82d5e9000 	D:\Program Files\Android Studio\jre\jre\bin\java.dll
0x00007ff82fb90000 - 0x00007ff82fba6000 	D:\Program Files\Android Studio\jre\jre\bin\zip.dll
0x00007ff83ae40000 - 0x00007ff83c349000 	C:\Windows\System32\SHELL32.dll
0x00007ff839dc0000 - 0x00007ff83a49a000 	C:\Windows\System32\windows.storage.dll
0x00007ff8393a0000 - 0x00007ff8393ec000 	C:\Windows\System32\powrprof.dll
0x00007ff83a700000 - 0x00007ff83a752000 	C:\Windows\System32\shlwapi.dll
0x00007ff8393f0000 - 0x00007ff8393ff000 	C:\Windows\System32\kernel.appcore.dll
0x00007ff839960000 - 0x00007ff839a09000 	C:\Windows\System32\shcore.dll
0x00007ff839370000 - 0x00007ff839384000 	C:\Windows\System32\profapi.dll
0x00007ff82d5a0000 - 0x00007ff82d5ba000 	D:\Program Files\Android Studio\jre\jre\bin\net.dll
0x00007ff838c10000 - 0x00007ff838c6c000 	C:\Windows\system32\mswsock.dll
0x00007ff82d580000 - 0x00007ff82d591000 	D:\Program Files\Android Studio\jre\jre\bin\nio.dll
0x00007ff824e40000 - 0x00007ff824e66000 	C:\Users\Administrator\.gradle\native\29\windows-amd64\native-platform.dll
0x00007ff832c00000 - 0x00007ff832c0d000 	D:\Program Files\Android Studio\jre\jre\bin\management.dll
0x00007ff838db0000 - 0x00007ff838dc7000 	C:\Windows\SYSTEM32\CRYPTSP.dll
0x00007ff838820000 - 0x00007ff838853000 	C:\Windows\system32\rsaenh.dll
0x00007ff8392b0000 - 0x00007ff8392db000 	C:\Windows\SYSTEM32\bcrypt.dll
0x00007ff838a90000 - 0x00007ff838aaf000 	C:\Windows\SYSTEM32\USERENV.dll
0x00007ff838dd0000 - 0x00007ff838ddb000 	C:\Windows\SYSTEM32\CRYPTBASE.dll
0x00007ff8389a0000 - 0x00007ff8389d8000 	C:\Windows\SYSTEM32\IPHLPAPI.DLL
0x00007ff83a5f0000 - 0x00007ff83a5f8000 	C:\Windows\System32\NSI.dll
0x00007ff831f10000 - 0x00007ff831f26000 	C:\Windows\SYSTEM32\dhcpcsvc6.DLL
0x00007ff831e70000 - 0x00007ff831e8a000 	C:\Windows\SYSTEM32\dhcpcsvc.DLL

VM Arguments:
jvm_args: -Xmx1536m -Dfile.encoding=GBK -Duser.country=CN -Duser.language=zh -Duser.variant 
java_command: org.gradle.launcher.daemon.bootstrap.GradleDaemon 5.4.1
java_class_path (initial): C:\Users\Administrator\.gradle\wrapper\dists\gradle-5.4.1-all\3221gyojl5jsh0helicew7rwx\gradle-5.4.1\lib\gradle-launcher-5.4.1.jar
Launcher Type: SUN_STANDARD

Environment Variables:
JAVA_HOME=D:\Program Files\Java\jdk1.8.0_111
CLASSPATH=.;D:\Program Files\Java\jdk1.8.0_111\lib;D:\Program Files\Java\jdk1.8.0_111\lib\tools.jar
PATH=C:\Windows\system32;C:\Windows;C:\Windows\System32\Wbem;C:\Windows\System32\WindowsPowerShell\v1.0\;C:\Program Files (x86)\NVIDIA Corporation\PhysX\Common;%ANDROID_SDK_HOME%\platform-tools;%ANDROID_SDK_HOME%\tools;D:\Program Files\Java\jdk1.8.0_111\bin;D:\Program Files\Java\jdk1.8.0_111\jre\bin;D:\Program Files\Git\bin;D:\Program Files (x86)\cmake-3.10.0-rc1-win64-x64\bin;C:\Program Files (x86)\Windows Kits\8.1\Windows Performance Toolkit\;C:\Program Files\Microsoft SQL Server\110\Tools\Binn\;C:\Program Files (x86)\Microsoft SDKs\TypeScript\1.0\;C:\Users\Administrator\AppData\Local\Microsoft\WindowsApps;C:\Program Files\Bandizip\
USERNAME=Administrator
OS=Windows_NT
PROCESSOR_IDENTIFIER=Intel64 Family 6 Model 158 Stepping 9, GenuineIntel



---------------  S Y S T E M  ---------------

OS: Windows 10.0 , 64 bit Build 14393 (10.0.14393.0)

CPU:total 8 (initial active 8) (4 cores per cpu, 2 threads per core) family 6 model 158 stepping 9, cmov, cx8, fxsr, mmx, sse, sse2, sse3, ssse3, sse4.1, sse4.2, popcnt, avx, avx2, aes, clmul, erms, rtm, 3dnowpref, lzcnt, ht, tsc, tscinvbit, bmi1, bmi2, adx

Memory: 4k page, physical 8337920k(388804k free), swap 22990332k(4996k free)

vm_info: OpenJDK 64-Bit Server VM (25.202-b03) for windows-amd64 JRE (1.8.0_202-release-1483-b03), built by "builder" with MS VC++ 10.0 (VS2010)

time: Thu Dec 05 11:07:50 2019
timezone: 中国标准时间
elapsed time: 8 seconds (0d 0h 0m 8s)

