#
# There is insufficient memory for the Java Runtime Environment to continue.
# Native memory allocation (malloc) failed to allocate 1680240 bytes for Chunk::new
# Possible reasons:
#   The system is out of physical RAM or swap space
#   The process is running with CompressedOops enabled, and the Java Heap may be blocking the growth of the native heap
# Possible solutions:
#   Reduce memory load on the system
#   Increase physical memory or swap space
#   Check if swap backing store is full
#   Decrease Java heap size (-Xmx/-Xms)
#   Decrease number of Java threads
#   Decrease Java thread stack sizes (-Xss)
#   Set larger code cache with -XX:ReservedCodeCacheSize=
#   JVM is running with Unscaled Compressed Oops mode in which the Java heap is
#     placed in the first 4GB address space. The Java Heap base address is the
#     maximum limit for the native heap growth. Please use -XX:HeapBaseMinAddress
#     to set the Java Heap base and to place the Java Heap above 4GB virtual address.
# This output file may be truncated or incomplete.
#
#  Out of Memory Error (allocation.cpp:389), pid=361304, tid=0x0000000000055a44
#
# JRE version: OpenJDK Runtime Environment (8.0_202-b03) (build 1.8.0_202-release-1483-b03)
# Java VM: OpenJDK 64-Bit Server VM (25.202-b03 mixed mode windows-amd64 compressed oops)
# Failed to write core dump. Minidumps are not enabled by default on client versions of Windows
#

---------------  T H R E A D  ---------------

Current thread (0x0000000018913000):  JavaThread "C2 CompilerThread1" daemon [_thread_in_native, id=350788, stack(0x00000000191f0000,0x00000000192f0000)]

Stack: [0x00000000191f0000,0x00000000192f0000]
[error occurred during error reporting (printing stack bounds), id 0xc0000005]

Native frames: (J=compiled Java code, j=interpreted, Vv=VM code, C=native code)


Current CompileTask:
C2:   4017 3970       4       com.sun.beans.TypeResolver::resolve (37 bytes)


---------------  P R O C E S S  ---------------

Java Threads: ( => current thread )
  0x00000000199a7000 JavaThread "Cache worker for Build Output Cleanup Cache (D:\project\GtProject\Cashier\.gradle\buildOutputCleanup)" [_thread_blocked, id=360640, stack(0x0000000024560000,0x0000000024660000)]
  0x000000001be42800 JavaThread "Build operations Thread 8" [_thread_blocked, id=358356, stack(0x0000000023290000,0x0000000023390000)]
  0x000000001be41000 JavaThread "Build operations Thread 7" [_thread_blocked, id=356692, stack(0x0000000023190000,0x0000000023290000)]
  0x000000001be44000 JavaThread "Build operations Thread 6" [_thread_blocked, id=360112, stack(0x0000000023090000,0x0000000023190000)]
  0x000000001be3e000 JavaThread "Build operations Thread 5" [_thread_blocked, id=358448, stack(0x0000000022f90000,0x0000000023090000)]
  0x000000001be40000 JavaThread "Build operations Thread 4" [_thread_blocked, id=355028, stack(0x0000000022e90000,0x0000000022f90000)]
  0x000000001be44800 JavaThread "Build operations Thread 3" [_thread_blocked, id=360532, stack(0x0000000022d90000,0x0000000022e90000)]
  0x000000001be3e800 JavaThread "Build operations Thread 2" [_thread_blocked, id=361176, stack(0x0000000022c90000,0x0000000022d90000)]
  0x000000001be3f800 JavaThread "Build operations" [_thread_blocked, id=359760, stack(0x0000000022b90000,0x0000000022c90000)]
  0x000000001be43000 JavaThread "Cache worker for execution history cache (C:\Users\Administrator\.gradle\caches\5.4.1\executionHistory)" [_thread_blocked, id=360596, stack(0x0000000022760000,0x0000000022860000)]
  0x000000001be41800 JavaThread "Cache worker for cache directory md-rule (C:\Users\Administrator\.gradle\caches\5.4.1\md-rule)" [_thread_blocked, id=360520, stack(0x0000000022660000,0x0000000022760000)]
  0x0000000019891000 JavaThread "Cache worker for cache directory md-supplier (C:\Users\Administrator\.gradle\caches\5.4.1\md-supplier)" [_thread_blocked, id=361000, stack(0x00000000210a0000,0x00000000211a0000)]
  0x0000000019892800 JavaThread "Cache worker for file hash cache (D:\project\GtProject\Cashier\.gradle\5.4.1\fileHashes)" [_thread_blocked, id=360968, stack(0x000000001f7b0000,0x000000001f8b0000)]
  0x000000001988f000 JavaThread "Cache worker for journal cache (C:\Users\Administrator\.gradle\caches\journal-1)" [_thread_blocked, id=360936, stack(0x000000001d510000,0x000000001d610000)]
  0x0000000019892000 JavaThread "File lock request listener" [_thread_in_native, id=359900, stack(0x000000001d210000,0x000000001d310000)]
  0x000000001af18800 JavaThread "Cache worker for file hash cache (C:\Users\Administrator\.gradle\caches\5.4.1\fileHashes)" [_thread_blocked, id=361264, stack(0x000000001d110000,0x000000001d210000)]
  0x0000000019a97000 JavaThread "Thread-9" [_thread_blocked, id=361248, stack(0x000000001d010000,0x000000001d110000)]
  0x0000000018a0e800 JavaThread "Stdin handler" [_thread_blocked, id=359656, stack(0x000000001cf10000,0x000000001d010000)]
  0x000000001a781000 JavaThread "Asynchronous log dispatcher for DefaultDaemonConnection: socket connection from /127.0.0.1:54858 to /127.0.0.1:54859" [_thread_blocked, id=360160, stack(0x000000001ce10000,0x000000001cf10000)]
  0x0000000018b41800 JavaThread "Daemon worker" [_thread_in_Java, id=346912, stack(0x000000001cd10000,0x000000001ce10000)]
  0x000000001a731000 JavaThread "Cancel handler" [_thread_blocked, id=360300, stack(0x000000001cc10000,0x000000001cd10000)]
  0x000000001a56e800 JavaThread "Handler for socket connection from /127.0.0.1:54858 to /127.0.0.1:54859" [_thread_in_native, id=361260, stack(0x000000001c910000,0x000000001ca10000)]
  0x000000001b322800 JavaThread "Daemon" [_thread_blocked, id=360060, stack(0x000000001c810000,0x000000001c910000)]
  0x000000001a85b800 JavaThread "Daemon periodic checks" [_thread_blocked, id=359628, stack(0x000000001c710000,0x000000001c810000)]
  0x000000001acc4000 JavaThread "Incoming local TCP Connector on port 54858" [_thread_in_native, id=360560, stack(0x000000001c300000,0x000000001c400000)]
  0x000000001aa4d000 JavaThread "Daemon health stats" [_thread_blocked, id=361336, stack(0x000000001c000000,0x000000001c100000)]
  0x00000000189ab800 JavaThread "Service Thread" daemon [_thread_blocked, id=360664, stack(0x00000000194f0000,0x00000000195f0000)]
  0x000000001891e800 JavaThread "C1 CompilerThread3" daemon [_thread_blocked, id=360880, stack(0x00000000193f0000,0x00000000194f0000)]
  0x0000000018914000 JavaThread "C2 CompilerThread2" daemon [_thread_in_native, id=359212, stack(0x00000000192f0000,0x00000000193f0000)]
=>0x0000000018913000 JavaThread "C2 CompilerThread1" daemon [_thread_in_native, id=350788, stack(0x00000000191f0000,0x00000000192f0000)]
  0x000000001890d800 JavaThread "C2 CompilerThread0" daemon [_thread_in_native, id=357468, stack(0x00000000190f0000,0x00000000191f0000)]
  0x00000000188b9000 JavaThread "Attach Listener" daemon [_thread_blocked, id=361060, stack(0x0000000018ff0000,0x00000000190f0000)]
  0x00000000188b8000 JavaThread "Signal Dispatcher" daemon [_thread_blocked, id=360756, stack(0x0000000018ef0000,0x0000000018ff0000)]
  0x0000000002ccd800 JavaThread "Finalizer" daemon [_thread_blocked, id=358616, stack(0x0000000018d80000,0x0000000018e80000)]
  0x0000000016aac800 JavaThread "Reference Handler" daemon [_thread_blocked, id=359672, stack(0x0000000018c80000,0x0000000018d80000)]
  0x0000000002ace800 JavaThread "main" [_thread_blocked, id=360084, stack(0x0000000002ad0000,0x0000000002bd0000)]

Other Threads:
  0x0000000016aa8000 VMThread [stack: 0x0000000018780000,0x0000000018880000] [id=350544]
  0x00000000189ac800 WatcherThread [stack: 0x00000000195f0000,0x00000000196f0000] [id=360816]

VM state:not at safepoint (normal execution)

VM Mutex/Monitor currently owned by a thread: None

heap address: 0x00000000a0000000, size: 1536 MB, Compressed Oops mode: 32-bit
Narrow klass base: 0x0000000000000000, Narrow klass shift: 3
Compressed class space size: 1073741824 Address: 0x0000000100000000

Heap:
 PSYoungGen      total 171520K, used 149473K [0x00000000e0000000, 0x00000000ee800000, 0x0000000100000000)
  eden space 158208K, 94% used [0x00000000e0000000,0x00000000e91f8468,0x00000000e9a80000)
  from space 13312K, 0% used [0x00000000ea780000,0x00000000ea780000,0x00000000eb480000)
  to   space 13312K, 0% used [0x00000000e9a80000,0x00000000e9a80000,0x00000000ea780000)
 ParOldGen       total 96256K, used 16489K [0x00000000a0000000, 0x00000000a5e00000, 0x00000000e0000000)
  object space 96256K, 17% used [0x00000000a0000000,0x00000000a101a698,0x00000000a5e00000)
 Metaspace       used 48059K, capacity 49504K, committed 49664K, reserved 1091584K
  class space    used 6484K, capacity 6881K, committed 6912K, reserved 1048576K

Card table byte_map: [0x0000000012090000,0x00000000123a0000] byte_map_base: 0x0000000011b90000

Marking Bits: (ParMarkBitMap*) 0x00000000766c9f30
 Begin Bits: [0x0000000012da0000, 0x00000000145a0000)
 End Bits:   [0x00000000145a0000, 0x0000000015da0000)

Polling page: 0x0000000002a90000

CodeCache: size=245760Kb used=14752Kb max_used=14764Kb free=231007Kb
 bounds [0x0000000002cd0000, 0x0000000003b50000, 0x0000000011cd0000]
 total_blobs=4941 nmethods=4175 adapters=678
 compilation: enabled

Compilation events (10 events):
Event: 4.008 Thread 0x000000001891e800 4206       3       org.objectweb.asm.SymbolTable::addConstantIntegerOrFloat (100 bytes)
Event: 4.008 Thread 0x000000001891e800 nmethod 4206 0x0000000003b33f50 code [0x0000000003b34120, 0x0000000003b34718]
Event: 4.008 Thread 0x000000001891e800 4207       1       java.lang.invoke.InnerClassLambdaMetafactory::access$000 (5 bytes)
Event: 4.008 Thread 0x000000001891e800 nmethod 4207 0x0000000003b34a90 code [0x0000000003b34be0, 0x0000000003b34cd0]
Event: 4.008 Thread 0x000000001891e800 4208       1       java.lang.invoke.InnerClassLambdaMetafactory::access$400 (5 bytes)
Event: 4.009 Thread 0x000000001891e800 nmethod 4208 0x0000000003b34d50 code [0x0000000003b34ea0, 0x0000000003b34f90]
Event: 4.009 Thread 0x000000001891e800 4209       3       sun.invoke.util.VerifyAccess::isMemberAccessible (261 bytes)
Event: 4.010 Thread 0x000000001891e800 nmethod 4209 0x0000000003b35010 code [0x0000000003b352e0, 0x0000000003b36898]
Event: 4.010 Thread 0x000000001891e800 4210       3       org.gradle.api.internal.tasks.DefaultTaskContainer_Decorated::getMutationGuard (37 bytes)
Event: 4.010 Thread 0x000000001891e800 nmethod 4210 0x0000000003b370d0 code [0x0000000003b372c0, 0x0000000003b37c68]

GC Heap History (10 events):
Event: 1.559 GC heap before
{Heap before GC invocations=6 (full 1):
 PSYoungGen      total 71680K, used 5088K [0x00000000e0000000, 0x00000000e9a00000, 0x0000000100000000)
  eden space 66560K, 0% used [0x00000000e0000000,0x00000000e0000000,0x00000000e4100000)
  from space 5120K, 99% used [0x00000000e4100000,0x00000000e45f80c8,0x00000000e4600000)
  to   space 12288K, 0% used [0x00000000e8e00000,0x00000000e8e00000,0x00000000e9a00000)
 ParOldGen       total 87552K, used 11513K [0x00000000a0000000, 0x00000000a5580000, 0x00000000e0000000)
  object space 87552K, 13% used [0x00000000a0000000,0x00000000a0b3e5a0,0x00000000a5580000)
 Metaspace       used 20649K, capacity 21162K, committed 21296K, reserved 1067008K
  class space    used 2958K, capacity 3123K, committed 3200K, reserved 1048576K
Event: 1.582 GC heap after
Heap after GC invocations=6 (full 1):
 PSYoungGen      total 71680K, used 0K [0x00000000e0000000, 0x00000000e9a00000, 0x0000000100000000)
  eden space 66560K, 0% used [0x00000000e0000000,0x00000000e0000000,0x00000000e4100000)
  from space 5120K, 0% used [0x00000000e4100000,0x00000000e4100000,0x00000000e4600000)
  to   space 12288K, 0% used [0x00000000e8e00000,0x00000000e8e00000,0x00000000e9a00000)
 ParOldGen       total 66048K, used 11342K [0x00000000a0000000, 0x00000000a4080000, 0x00000000e0000000)
  object space 66048K, 17% used [0x00000000a0000000,0x00000000a0b13868,0x00000000a4080000)
 Metaspace       used 20649K, capacity 21162K, committed 21296K, reserved 1067008K
  class space    used 2958K, capacity 3123K, committed 3200K, reserved 1048576K
}
Event: 2.105 GC heap before
{Heap before GC invocations=7 (full 1):
 PSYoungGen      total 71680K, used 66560K [0x00000000e0000000, 0x00000000e9a00000, 0x0000000100000000)
  eden space 66560K, 100% used [0x00000000e0000000,0x00000000e4100000,0x00000000e4100000)
  from space 5120K, 0% used [0x00000000e4100000,0x00000000e4100000,0x00000000e4600000)
  to   space 12288K, 0% used [0x00000000e8e00000,0x00000000e8e00000,0x00000000e9a00000)
 ParOldGen       total 66048K, used 11342K [0x00000000a0000000, 0x00000000a4080000, 0x00000000e0000000)
  object space 66048K, 17% used [0x00000000a0000000,0x00000000a0b13868,0x00000000a4080000)
 Metaspace       used 29048K, capacity 29572K, committed 29824K, reserved 1075200K
  class space    used 3932K, capacity 4102K, committed 4224K, reserved 1048576K
Event: 2.113 GC heap after
Heap after GC invocations=7 (full 1):
 PSYoungGen      total 111104K, used 8124K [0x00000000e0000000, 0x00000000e9600000, 0x0000000100000000)
  eden space 102912K, 0% used [0x00000000e0000000,0x00000000e0000000,0x00000000e6480000)
  from space 8192K, 99% used [0x00000000e8e00000,0x00000000e95ef150,0x00000000e9600000)
  to   space 11776K, 0% used [0x00000000e7f00000,0x00000000e7f00000,0x00000000e8a80000)
 ParOldGen       total 66048K, used 11350K [0x00000000a0000000, 0x00000000a4080000, 0x00000000e0000000)
  object space 66048K, 17% used [0x00000000a0000000,0x00000000a0b15868,0x00000000a4080000)
 Metaspace       used 29048K, capacity 29572K, committed 29824K, reserved 1075200K
  class space    used 3932K, capacity 4102K, committed 4224K, reserved 1048576K
}
Event: 2.774 GC heap before
{Heap before GC invocations=8 (full 1):
 PSYoungGen      total 111104K, used 111036K [0x00000000e0000000, 0x00000000e9600000, 0x0000000100000000)
  eden space 102912K, 100% used [0x00000000e0000000,0x00000000e6480000,0x00000000e6480000)
  from space 8192K, 99% used [0x00000000e8e00000,0x00000000e95ef150,0x00000000e9600000)
  to   space 11776K, 0% used [0x00000000e7f00000,0x00000000e7f00000,0x00000000e8a80000)
 ParOldGen       total 66048K, used 11350K [0x00000000a0000000, 0x00000000a4080000, 0x00000000e0000000)
  object space 66048K, 17% used [0x00000000a0000000,0x00000000a0b15868,0x00000000a4080000)
 Metaspace       used 33990K, capacity 34728K, committed 34944K, reserved 1079296K
  class space    used 4687K, capacity 4921K, committed 4992K, reserved 1048576K
Event: 2.784 GC heap after
Heap after GC invocations=8 (full 1):
 PSYoungGen      total 141824K, used 11489K [0x00000000e0000000, 0x00000000eb480000, 0x0000000100000000)
  eden space 130048K, 0% used [0x00000000e0000000,0x00000000e0000000,0x00000000e7f00000)
  from space 11776K, 97% used [0x00000000e7f00000,0x00000000e8a386f0,0x00000000e8a80000)
  to   space 13312K, 0% used [0x00000000ea780000,0x00000000ea780000,0x00000000eb480000)
 ParOldGen       total 66048K, used 11358K [0x00000000a0000000, 0x00000000a4080000, 0x00000000e0000000)
  object space 66048K, 17% used [0x00000000a0000000,0x00000000a0b17868,0x00000000a4080000)
 Metaspace       used 33990K, capacity 34728K, committed 34944K, reserved 1079296K
  class space    used 4687K, capacity 4921K, committed 4992K, reserved 1048576K
}
Event: 2.944 GC heap before
{Heap before GC invocations=9 (full 1):
 PSYoungGen      total 141824K, used 27889K [0x00000000e0000000, 0x00000000eb480000, 0x0000000100000000)
  eden space 130048K, 12% used [0x00000000e0000000,0x00000000e1003e38,0x00000000e7f00000)
  from space 11776K, 97% used [0x00000000e7f00000,0x00000000e8a386f0,0x00000000e8a80000)
  to   space 13312K, 0% used [0x00000000ea780000,0x00000000ea780000,0x00000000eb480000)
 ParOldGen       total 66048K, used 11358K [0x00000000a0000000, 0x00000000a4080000, 0x00000000e0000000)
  object space 66048K, 17% used [0x00000000a0000000,0x00000000a0b17868,0x00000000a4080000)
 Metaspace       used 34470K, capacity 35334K, committed 35496K, reserved 1079296K
  class space    used 4753K, capacity 4994K, committed 5120K, reserved 1048576K
Event: 2.952 GC heap after
Heap after GC invocations=9 (full 1):
 PSYoungGen      total 171520K, used 9194K [0x00000000e0000000, 0x00000000ee800000, 0x0000000100000000)
  eden space 158208K, 0% used [0x00000000e0000000,0x00000000e0000000,0x00000000e9a80000)
  from space 13312K, 69% used [0x00000000ea780000,0x00000000eb07aaf0,0x00000000eb480000)
  to   space 13312K, 0% used [0x00000000e9a80000,0x00000000e9a80000,0x00000000ea780000)
 ParOldGen       total 66048K, used 11358K [0x00000000a0000000, 0x00000000a4080000, 0x00000000e0000000)
  object space 66048K, 17% used [0x00000000a0000000,0x00000000a0b17868,0x00000000a4080000)
 Metaspace       used 34470K, capacity 35334K, committed 35496K, reserved 1079296K
  class space    used 4753K, capacity 4994K, committed 5120K, reserved 1048576K
}
Event: 2.952 GC heap before
{Heap before GC invocations=10 (full 2):
 PSYoungGen      total 171520K, used 9194K [0x00000000e0000000, 0x00000000ee800000, 0x0000000100000000)
  eden space 158208K, 0% used [0x00000000e0000000,0x00000000e0000000,0x00000000e9a80000)
  from space 13312K, 69% used [0x00000000ea780000,0x00000000eb07aaf0,0x00000000eb480000)
  to   space 13312K, 0% used [0x00000000e9a80000,0x00000000e9a80000,0x00000000ea780000)
 ParOldGen       total 66048K, used 11358K [0x00000000a0000000, 0x00000000a4080000, 0x00000000e0000000)
  object space 66048K, 17% used [0x00000000a0000000,0x00000000a0b17868,0x00000000a4080000)
 Metaspace       used 34470K, capacity 35334K, committed 35496K, reserved 1079296K
  class space    used 4753K, capacity 4994K, committed 5120K, reserved 1048576K
Event: 3.007 GC heap after
Heap after GC invocations=10 (full 2):
 PSYoungGen      total 171520K, used 0K [0x00000000e0000000, 0x00000000ee800000, 0x0000000100000000)
  eden space 158208K, 0% used [0x00000000e0000000,0x00000000e0000000,0x00000000e9a80000)
  from space 13312K, 0% used [0x00000000ea780000,0x00000000ea780000,0x00000000eb480000)
  to   space 13312K, 0% used [0x00000000e9a80000,0x00000000e9a80000,0x00000000ea780000)
 ParOldGen       total 96256K, used 16489K [0x00000000a0000000, 0x00000000a5e00000, 0x00000000e0000000)
  object space 96256K, 17% used [0x00000000a0000000,0x00000000a101a698,0x00000000a5e00000)
 Metaspace       used 34447K, capacity 35256K, committed 35496K, reserved 1079296K
  class space    used 4746K, capacity 4981K, committed 5120K, reserved 1048576K
}

Deoptimization events (10 events):
Event: 3.486 Thread 0x0000000018b41800 Uncommon trap: reason=unstable_if action=reinterpret pc=0x00000000031f0c2c method=java.security.CodeSource.getCertificates()[Ljava/security/cert/Certificate; @ 22
Event: 3.486 Thread 0x0000000018b41800 Uncommon trap: reason=unstable_if action=reinterpret pc=0x00000000035cc9d0 method=java.util.jar.JarFile.maybeInstantiateVerifier()V @ 4
Event: 3.486 Thread 0x0000000018b41800 Uncommon trap: reason=unstable_if action=reinterpret pc=0x00000000038b13ac method=java.security.CodeSource.matchCerts(Ljava/security/CodeSource;Z)Z @ 11
Event: 3.501 Thread 0x0000000018b41800 Uncommon trap: reason=unstable_if action=reinterpret pc=0x000000000380327c method=java.util.LinkedHashMap.get(Ljava/lang/Object;)Ljava/lang/Object; @ 20
Event: 3.538 Thread 0x0000000018b41800 Uncommon trap: reason=unstable_if action=reinterpret pc=0x0000000003515268 method=org.objectweb.asm.ByteVector.putUTF8(Ljava/lang/String;)Lorg/objectweb/asm/ByteVector; @ 93
Event: 3.589 Thread 0x0000000018b41800 Uncommon trap: reason=unstable_if action=reinterpret pc=0x000000000348c270 method=org.objectweb.asm.ByteVector.putUTF8(Ljava/lang/String;)Lorg/objectweb/asm/ByteVector; @ 93
Event: 3.721 Thread 0x0000000018b41800 Uncommon trap: reason=unstable_if action=reinterpret pc=0x000000000353c860 method=org.gradle.internal.reflect.PropertyAccessorType.of(Ljava/lang/reflect/Method;)Lorg/gradle/internal/reflect/PropertyAccessorType; @ 56
Event: 3.827 Thread 0x0000000018b41800 Uncommon trap: reason=unstable_if action=reinterpret pc=0x0000000003564560 method=org.codehaus.groovy.runtime.metaclass.MetaMethodIndex.addMethodToList(Ljava/lang/Object;Lgroovy/lang/MetaMethod;)Ljava/lang/Object; @ 256
Event: 3.838 Thread 0x0000000018b41800 Uncommon trap: reason=unstable_if action=reinterpret pc=0x00000000038ec12c method=java.util.Arrays.hashCode([Ljava/lang/Object;)I @ 34
Event: 3.878 Thread 0x0000000018b41800 Uncommon trap: reason=unstable_if action=reinterpret pc=0x000000000396a1e4 method=org.gradle.internal.instantiation.AbstractClassGenerator$InjectionAnnotationValidator.validateMethod(Ljava/lang/reflect/Method;Lorg/gradle/internal/reflect/PropertyAccessorT

Classes redefined (0 events):
No events

Internal exceptions (10 events):
Event: 3.833 Thread 0x0000000018b41800 Exception <a 'java/lang/ClassNotFoundException': org/gradle/api/internal/artifacts/dependencies/DefaultExternalModuleDependency_DecoratedCustomizer> (0x00000000e827ec18) thrown at [D:\src\AOSP-openjdk-cygwin\jdk8u\hotspot\src\share\vm\classfile\systemDict
Event: 3.838 Thread 0x0000000018b41800 Implicit null exception at 0x00000000038ec06f to 0x00000000038ec10d
Event: 3.954 Thread 0x0000000018b41800 Exception <a 'java/lang/ClassNotFoundException': org/gradle/api/plugins/internal/DefaultBasePluginConventionBeanInfo> (0x00000000e8b9f3d0) thrown at [D:\src\AOSP-openjdk-cygwin\jdk8u\hotspot\src\share\vm\classfile\systemDictionary.cpp, line 210]
Event: 3.954 Thread 0x0000000018b41800 Exception <a 'java/lang/ClassNotFoundException': org/gradle/api/plugins/BasePluginConventionBeanInfo> (0x00000000e8bc5030) thrown at [D:\src\AOSP-openjdk-cygwin\jdk8u\hotspot\src\share\vm\classfile\systemDictionary.cpp, line 210]
Event: 3.955 Thread 0x0000000018b41800 Exception <a 'java/lang/ClassNotFoundException': org/gradle/api/plugins/BasePluginConventionCustomizer> (0x00000000e8beb5e8) thrown at [D:\src\AOSP-openjdk-cygwin\jdk8u\hotspot\src\share\vm\classfile\systemDictionary.cpp, line 210]
Event: 3.956 Thread 0x0000000018b41800 Exception <a 'java/lang/ClassNotFoundException': org/gradle/api/plugins/internal/DefaultBasePluginConventionCustomizer> (0x00000000e8c2af50) thrown at [D:\src\AOSP-openjdk-cygwin\jdk8u\hotspot\src\share\vm\classfile\systemDictionary.cpp, line 210]
Event: 3.961 Thread 0x0000000018b41800 Exception <a 'java/lang/NoSuchMethodError': java.lang.Object.lambda$comparing$77a9974f$1(Ljava/util/function/Function;Ljava/lang/Object;Ljava/lang/Object;)I> (0x00000000e8ca1c80) thrown at [D:\src\AOSP-openjdk-cygwin\jdk8u\hotspot\src\share\vm\interpreter
Event: 3.962 Thread 0x0000000018b41800 Exception <a 'java/lang/NoSuchMethodError': java.lang.Object.lambda$comparingInt$7b0bb60$1(Ljava/util/function/ToIntFunction;Ljava/lang/Object;Ljava/lang/Object;)I> (0x00000000e8cac1b8) thrown at [D:\src\AOSP-openjdk-cygwin\jdk8u\hotspot\src\share\vm\inte
Event: 3.963 Thread 0x0000000018b41800 Exception <a 'java/lang/NoSuchMethodError': java.lang.Object.lambda$thenComparing$36697e65$1(Ljava/util/Comparator;Ljava/lang/Object;Ljava/lang/Object;)I> (0x00000000e8cb4d40) thrown at [D:\src\AOSP-openjdk-cygwin\jdk8u\hotspot\src\share\vm\interpreter\li
Event: 3.964 Thread 0x0000000018b41800 Exception <a 'java/lang/NoSuchMethodError': java.lang.Object.lambda$comparing$ea9a8b3a$1(Ljava/util/Comparator;Ljava/util/function/Function;Ljava/lang/Object;Ljava/lang/Object;)I> (0x00000000e8cc2728) thrown at [D:\src\AOSP-openjdk-cygwin\jdk8u\hotspot\sr

Events (10 events):
Event: 4.011 loading class com/android/build/gradle/internal/tasks/factory/TaskAction2
Event: 4.011 loading class com/android/build/gradle/internal/tasks/factory/TaskAction2 done
Event: 4.012 loading class com/android/build/gradle/internal/scope/VariantScope
Event: 4.012 loading class com/android/build/gradle/internal/scope/VariantScope done
Event: 4.012 loading class com/android/build/gradle/internal/scope/VariantScope
Event: 4.012 loading class com/android/build/gradle/internal/scope/VariantScope done
Event: 4.012 loading class com/android/build/gradle/internal/scope/VariantScope
Event: 4.012 loading class com/android/build/gradle/internal/scope/VariantScope done
Event: 4.012 loading class com/android/build/gradle/internal/scope/VariantScope
Event: 4.012 loading class com/android/build/gradle/internal/scope/VariantScope done


Dynamic libraries:
0x00007ff61dc60000 - 0x00007ff61dc91000 	D:\Program Files\Android Studio\jre\bin\java.exe
0x00007ff83cf10000 - 0x00007ff83d0e1000 	C:\Windows\SYSTEM32\ntdll.dll
0x00007ff83ab10000 - 0x00007ff83abbb000 	C:\Windows\System32\KERNEL32.DLL
0x00007ff839740000 - 0x00007ff83995d000 	C:\Windows\System32\KERNELBASE.dll
0x00007ff83a540000 - 0x00007ff83a5e2000 	C:\Windows\System32\ADVAPI32.dll
0x00007ff83a4a0000 - 0x00007ff83a53e000 	C:\Windows\System32\msvcrt.dll
0x00007ff83c480000 - 0x00007ff83c4d9000 	C:\Windows\System32\sechost.dll
0x00007ff83c350000 - 0x00007ff83c471000 	C:\Windows\System32\RPCRT4.dll
0x00007ff83cca0000 - 0x00007ff83ce05000 	C:\Windows\System32\USER32.dll
0x00007ff839560000 - 0x00007ff83957e000 	C:\Windows\System32\win32u.dll
0x00007ff83a760000 - 0x00007ff83a794000 	C:\Windows\System32\GDI32.dll
0x00007ff839c30000 - 0x00007ff839db2000 	C:\Windows\System32\gdi32full.dll
0x00007ff833910000 - 0x00007ff833b8a000 	C:\Windows\WinSxS\amd64_microsoft.windows.common-controls_6595b64144ccf1df_6.0.14393.726_none_42181c01c683592f\COMCTL32.dll
0x00007ff83c5a0000 - 0x00007ff83c868000 	C:\Windows\System32\combase.dll
0x00007ff839400000 - 0x00007ff8394f5000 	C:\Windows\System32\ucrtbase.dll
0x00007ff839580000 - 0x00007ff8395ea000 	C:\Windows\System32\bcryptPrimitives.dll
0x00007ff83c550000 - 0x00007ff83c57e000 	C:\Windows\System32\IMM32.DLL
0x0000000075b80000 - 0x0000000075c52000 	D:\Program Files\Android Studio\jre\jre\bin\msvcr100.dll
0x0000000075f00000 - 0x0000000076746000 	D:\Program Files\Android Studio\jre\jre\bin\server\jvm.dll
0x00007ff83ad60000 - 0x00007ff83ad68000 	C:\Windows\System32\PSAPI.DLL
0x00007ff833b90000 - 0x00007ff833b99000 	C:\Windows\SYSTEM32\WSOCK32.dll
0x00007ff8376f0000 - 0x00007ff837713000 	C:\Windows\SYSTEM32\WINMM.dll
0x00007ff835540000 - 0x00007ff83554a000 	C:\Windows\SYSTEM32\VERSION.dll
0x00007ff83aa40000 - 0x00007ff83aaaa000 	C:\Windows\System32\WS2_32.dll
0x0000000002a20000 - 0x0000000002a4b000 	C:\Windows\SYSTEM32\WINMMBASE.dll
0x00007ff839be0000 - 0x00007ff839c22000 	C:\Windows\System32\cfgmgr32.dll
0x00007ff833290000 - 0x00007ff83329f000 	D:\Program Files\Android Studio\jre\jre\bin\verify.dll
0x00007ff82d5c0000 - 0x00007ff82d5e9000 	D:\Program Files\Android Studio\jre\jre\bin\java.dll
0x00007ff82fb90000 - 0x00007ff82fba6000 	D:\Program Files\Android Studio\jre\jre\bin\zip.dll
0x00007ff83ae40000 - 0x00007ff83c349000 	C:\Windows\System32\SHELL32.dll
0x00007ff839dc0000 - 0x00007ff83a49a000 	C:\Windows\System32\windows.storage.dll
0x00007ff8393a0000 - 0x00007ff8393ec000 	C:\Windows\System32\powrprof.dll
0x00007ff83a700000 - 0x00007ff83a752000 	C:\Windows\System32\shlwapi.dll
0x00007ff8393f0000 - 0x00007ff8393ff000 	C:\Windows\System32\kernel.appcore.dll
0x00007ff839960000 - 0x00007ff839a09000 	C:\Windows\System32\shcore.dll
0x00007ff839370000 - 0x00007ff839384000 	C:\Windows\System32\profapi.dll
0x00007ff82d5a0000 - 0x00007ff82d5ba000 	D:\Program Files\Android Studio\jre\jre\bin\net.dll
0x00007ff838c10000 - 0x00007ff838c6c000 	C:\Windows\system32\mswsock.dll
0x00007ff82d580000 - 0x00007ff82d591000 	D:\Program Files\Android Studio\jre\jre\bin\nio.dll
0x00007ff824e40000 - 0x00007ff824e66000 	C:\Users\Administrator\.gradle\native\29\windows-amd64\native-platform.dll
0x00007ff832c00000 - 0x00007ff832c0d000 	D:\Program Files\Android Studio\jre\jre\bin\management.dll
0x00007ff838db0000 - 0x00007ff838dc7000 	C:\Windows\SYSTEM32\CRYPTSP.dll
0x00007ff838820000 - 0x00007ff838853000 	C:\Windows\system32\rsaenh.dll
0x00007ff8392b0000 - 0x00007ff8392db000 	C:\Windows\SYSTEM32\bcrypt.dll
0x00007ff838a90000 - 0x00007ff838aaf000 	C:\Windows\SYSTEM32\USERENV.dll
0x00007ff838dd0000 - 0x00007ff838ddb000 	C:\Windows\SYSTEM32\CRYPTBASE.dll
0x00007ff8389a0000 - 0x00007ff8389d8000 	C:\Windows\SYSTEM32\IPHLPAPI.DLL
0x00007ff83a5f0000 - 0x00007ff83a5f8000 	C:\Windows\System32\NSI.dll
0x00007ff831f10000 - 0x00007ff831f26000 	C:\Windows\SYSTEM32\dhcpcsvc6.DLL
0x00007ff831e70000 - 0x00007ff831e8a000 	C:\Windows\SYSTEM32\dhcpcsvc.DLL

VM Arguments:
jvm_args: -Xmx1536m -Dfile.encoding=GBK -Duser.country=CN -Duser.language=zh -Duser.variant 
java_command: org.gradle.launcher.daemon.bootstrap.GradleDaemon 5.4.1
java_class_path (initial): C:\Users\Administrator\.gradle\wrapper\dists\gradle-5.4.1-all\3221gyojl5jsh0helicew7rwx\gradle-5.4.1\lib\gradle-launcher-5.4.1.jar
Launcher Type: SUN_STANDARD

Environment Variables:
JAVA_HOME=D:\Program Files\Java\jdk1.8.0_111
CLASSPATH=.;D:\Program Files\Java\jdk1.8.0_111\lib;D:\Program Files\Java\jdk1.8.0_111\lib\tools.jar
PATH=C:\Windows\system32;C:\Windows;C:\Windows\System32\Wbem;C:\Windows\System32\WindowsPowerShell\v1.0\;C:\Program Files (x86)\NVIDIA Corporation\PhysX\Common;%ANDROID_SDK_HOME%\platform-tools;%ANDROID_SDK_HOME%\tools;D:\Program Files\Java\jdk1.8.0_111\bin;D:\Program Files\Java\jdk1.8.0_111\jre\bin;D:\Program Files\Git\bin;D:\Program Files (x86)\cmake-3.10.0-rc1-win64-x64\bin;C:\Program Files (x86)\Windows Kits\8.1\Windows Performance Toolkit\;C:\Program Files\Microsoft SQL Server\110\Tools\Binn\;C:\Program Files (x86)\Microsoft SDKs\TypeScript\1.0\;C:\Users\Administrator\AppData\Local\Microsoft\WindowsApps;C:\Program Files\Bandizip\
USERNAME=Administrator
OS=Windows_NT
PROCESSOR_IDENTIFIER=Intel64 Family 6 Model 158 Stepping 9, GenuineIntel



---------------  S Y S T E M  ---------------

OS: Windows 10.0 , 64 bit Build 14393 (10.0.14393.0)

CPU:total 8 (initial active 8) (4 cores per cpu, 2 threads per core) family 6 model 158 stepping 9, cmov, cx8, fxsr, mmx, sse, sse2, sse3, ssse3, sse4.1, sse4.2, popcnt, avx, avx2, aes, clmul, erms, rtm, 3dnowpref, lzcnt, ht, tsc, tscinvbit, bmi1, bmi2, adx

Memory: 4k page, physical 8337920k(394264k free), swap 22990332k(6520k free)

vm_info: OpenJDK 64-Bit Server VM (25.202-b03) for windows-amd64 JRE (1.8.0_202-release-1483-b03), built by "builder" with MS VC++ 10.0 (VS2010)

time: Thu Dec 05 11:09:04 2019
timezone: 中国标准时间
elapsed time: 4 seconds (0d 0h 0m 4s)

